 There are 64 starting points.
 Finding the solution from each starting point...

 (0, 0)
 Timeout.

 (0, 1)
 Timeout.

 (0, 2)
 Timeout.

 (0, 3)
 Timeout.

 (0, 4)
 Timeout.

 (0, 5)
 Timeout.

 (0, 6)
 Timeout.

 (0, 7)
 Timeout.

 (1, 0)
 Timeout.

 (1, 1)
 Timeout.

 (1, 2)
 Timeout.

 (1, 3)
 Timeout.

 (1, 4)
 Timeout.

 (1, 5)
 Timeout.

 (1, 6)
 Timeout.

 (1, 7)
 Timeout.

 (2, 0)
 Timeout.

 (2, 1)
 Timeout.

 (2, 2)
 Timeout.

 (2, 3)
 Timeout.

 (2, 4)
 Timeout.

 (2, 5)
 Timeout.

 (2, 6)
 Timeout.

 (2, 7)
 Timeout.

 (3, 0)
 Timeout.

 (3, 1)
 Timeout.

 (3, 2)
 Timeout.

 (3, 3)
 Timeout.

 (3, 4)
 Timeout.

 (3, 5)
 Timeout.

 (3, 6)
 62  59  46  55  44  41  36  53
 47  56  61  40  35  54  17  42
 60  63  58  45  18  43  52  37
 57  48  19  34  39  50   1  16
 64  33  24  49  20  15  38  51
 27  30  21  14  11   8   5   2
 32  23  28  25   6   3  12   9
 29  26  31  22  13  10   7   4

 (3, 7)
 Timeout.

 (4, 0)
 Timeout.

 (4, 1)
 Timeout.

 (4, 2)
 Timeout.

 (4, 3)
 Timeout.

 (4, 4)
 Timeout.

 (4, 5)
 Timeout.

 (4, 6)
 Timeout.

 (4, 7)
 Timeout.

 (5, 0)
 Timeout.

 (5, 1)
 Timeout.

 (5, 2)
 Timeout.

 (5, 3)
 55  52  57  62  47  50  39  64
 58  61  54  51  40  63  30  49
 53  56  59  46  31  48  41  38
 60  45  32  27  36  43   8  29
 33  26  35  44   9  28  37  42
 20  23  10   1  12  15   4   7
 25  34  21  18   5   2  13  16
 22  19  24  11  14  17   6   3

 (5, 4)
 60  55  46  37  50  53  44  35
 47  38  61  54  45  36  17  52
 56  59  40  49  18  51  34  43
 39  48  57  62  41  32  19  16
 58  63  24  31  20  15  42  33
 27  30  21  14   1   4   7  10
 64  23  28  25  12   9   2   5
 29  26  13  22   3   6  11   8

 (5, 5)
 Timeout.

 (5, 6)
 Timeout.

 (5, 7)
 45  50  57  62  43  36  55  64
 58  61  44  51  56  63  16  35
 49  46  59  42  17  34  37  54
 60  41  48  33  52  39  18  15
 47  32  23  40  19  14  53  38
 26  29  20  13  10   7   4   1
 31  22  27  24   5   2  11   8
 28  25  30  21  12   9   6   3

 (6, 0)
 Timeout.

 (6, 1)
 Timeout.

 (6, 2)
 Timeout.

 (6, 3)
 Timeout.

 (6, 4)
 Timeout.

 (6, 5)
 52  61  48  41  50  59  56  39
 47  42  51  60  55  40  27  58
 62  53  44  49  28  57  38  35
 43  46  29  54  33  36   7  26
 30  63  32  45   8  25  34  37
 19  22   9  24  11  14   3   6
 64  31  20  17   4   1  12  15
 21  18  23  10  13  16   5   2

 (6, 6)
 Timeout.

 (6, 7)
 Timeout.

 (7, 0)
 60  39  54  45  58  49  52  47
 55  44  59  40  53  46  19  50
 38  61  42  57  20  51  48  27
 43  56  37  62  41  28  21  18
 36  63  34  29  22  17  26   5
 33  30  23  16  25   6   9  12
 64  35   2  31  14  11   4   7
  1  32  15  24   3   8  13  10

 (7, 1)
 Timeout.

 (7, 2)
 Timeout.

 (7, 3)
 Timeout.

 (7, 4)
 Timeout.

 (7, 5)
 Timeout.

 (7, 6)
 Timeout.

 (7, 7)
 Timeout.

 Took about 1210.65 seconds.
 Success: 6 starting point(s).
 Failure: 58 starting point(s).
