 There are 81 starting points.
 Finding the solution from each starting point...

 (0, 0)
 Timeout.

 (0, 1)
 Timeout.

 (0, 2)
 Timeout.

 (0, 3)
 Timeout.

 (0, 4)
 Timeout.

 (0, 5)
 Timeout.

 (0, 6)
 Timeout.

 (0, 7)
 Timeout.

 (0, 8)
 Timeout.

 (1, 0)
 Timeout.

 (1, 1)
 Timeout.

 (1, 2)
 Timeout.

 (1, 3)
 Timeout.

 (1, 4)
 Timeout.

 (1, 5)
 Timeout.

 (1, 6)
 Timeout.

 (1, 7)
 Timeout.

 (1, 8)
 Timeout.

 (2, 0)
 Timeout.

 (2, 1)
 Timeout.

 (2, 2)
 Timeout.

 (2, 3)
 Timeout.

 (2, 4)
 Timeout.

 (2, 5)
 Timeout.

 (2, 6)
 Timeout.

 (2, 7)
 Timeout.

 (2, 8)
 Timeout.

 (3, 0)
 Timeout.

 (3, 1)
 Timeout.

 (3, 2)
 Timeout.

 (3, 3)
 Timeout.

 (3, 4)
 Timeout.

 (3, 5)
 Timeout.

 (3, 6)
 Timeout.

 (3, 7)
 Timeout.

 (3, 8)
 Timeout.

 (4, 0)
 Timeout.

 (4, 1)
 Timeout.

 (4, 2)
 Timeout.

 (4, 3)
 Timeout.

 (4, 4)
 Timeout.

 (4, 5)
 Timeout.

 (4, 6)
 Timeout.

 (4, 7)
 Timeout.

 (4, 8)
 Timeout.

 (5, 0)
 Timeout.

 (5, 1)
 Timeout.

 (5, 2)
 Timeout.

 (5, 3)
 Timeout.

 (5, 4)
 Timeout.

 (5, 5)
 Timeout.

 (5, 6)
 Timeout.

 (5, 7)
 Timeout.

 (5, 8)
 Timeout.

 (6, 0)
 Timeout.

 (6, 1)
 Timeout.

 (6, 2)
 Timeout.

 (6, 3)
 Timeout.

 (6, 4)
 Timeout.

 (6, 5)
 Timeout.

 (6, 6)
 Timeout.

 (6, 7)
 Timeout.

 (6, 8)
 Timeout.

 (7, 0)
 Timeout.

 (7, 1)
 Timeout.

 (7, 2)
 Timeout.

 (7, 3)
 Timeout.

 (7, 4)
 Timeout.

 (7, 5)
 Timeout.

 (7, 6)
 Timeout.

 (7, 7)
 Timeout.

 (7, 8)
 Timeout.

 (8, 0)
 Timeout.

 (8, 1)
 Timeout.

 (8, 2)
 Timeout.

 (8, 3)
 Timeout.

 (8, 4)
 Timeout.

 (8, 5)
 Timeout.

 (8, 6)
 Timeout.

 (8, 7)
 Timeout.

 (8, 8)
 Timeout.

 Took about 1620.01 seconds.
 Success: 0 starting point(s).
 Failure: 81 starting point(s).
