 There are 16 starting points.
 Finding the solution from each starting point...

 (0, 0)
 Solution doesn't exist.

 (0, 1)
 Solution doesn't exist.

 (0, 2)
 Solution doesn't exist.

 (0, 3)
 Solution doesn't exist.

 (1, 0)
 Solution doesn't exist.

 (1, 1)
 Solution doesn't exist.

 (1, 2)
 Solution doesn't exist.

 (1, 3)
 Solution doesn't exist.

 (2, 0)
 Solution doesn't exist.

 (2, 1)
 Solution doesn't exist.

 (2, 2)
 Solution doesn't exist.

 (2, 3)
 Solution doesn't exist.

 (3, 0)
 Solution doesn't exist.

 (3, 1)
 Solution doesn't exist.

 (3, 2)
 Solution doesn't exist.

 (3, 3)
 Solution doesn't exist.

 Took about 0.06 seconds.
 Success: 0 starting point(s).
 Failure: 16 starting point(s).
