 There are 25 starting points.
 Finding the solution from each starting point...

 (0, 0)
  1  14  19   8  25
  6   9   2  13  18
 15  20   7  24   3
 10   5  22  17  12
 21  16  11   4  23

 (0, 1)
 Solution doesn't exist.

 (0, 2)
 25  14   1   8  19
  4   9  18  13   2
 15  24   3  20   7
 10   5  22  17  12
 23  16  11   6  21

 (0, 3)
 Solution doesn't exist.

 (0, 4)
 25  12  17   6   1
 18   7   2  11  16
 13  24   5  20   3
  8  19  22  15  10
 23  14   9   4  21

 (1, 0)
 Solution doesn't exist.

 (1, 1)
 23  10  15   2  25
 16   1  24   9  14
 11  22   5  18   3
  6  17  20  13   8
 21  12   7   4  19

 (1, 2)
 Solution doesn't exist.

 (1, 3)
 23   6  11  16  25
 12  17  24   1  10
  7  22   5  18  15
  4  13  20   9   2
 21   8   3  14  19

 (1, 4)
 Solution doesn't exist.

 (2, 0)
 23   6  17  12  25
 16  11  24   7   4
  1  22   5  18  13
 10  15  20   3   8
 21   2   9  14  19

 (2, 1)
 Solution doesn't exist.

 (2, 2)
 25  16  11   6  23
 10   5  24  17  12
 15  18   1  22   7
  4   9  20  13   2
 19  14   3   8  21

 (2, 3)
 Solution doesn't exist.

 (2, 4)
 23  10  15   4  25
 16   5  24   9  14
 11  22   3  18   1
  6  17  20  13   8
 21  12   7   2  19

 (3, 0)
 Solution doesn't exist.

 (3, 1)
 23  10  13   4  21
 12   5  22   9  14
 17  24  11  20   3
  6   1  18  15   8
 25  16   7   2  19

 (3, 2)
 Solution doesn't exist.

 (3, 3)
 23  16   5  10  21
  6  11  22  15   4
 17  24   3  20   9
 12   7  18   1  14
 25   2  13   8  19

 (3, 4)
 Solution doesn't exist.

 (4, 0)
 23  14  21   8  25
 20   9  24  13  18
 15  22  19   4   7
 10   5   2  17  12
  1  16  11   6   3

 (4, 1)
 Solution doesn't exist.

 (4, 2)
 23   4  13   8  21
 12   7  22   3  14
 17  24   5  20   9
  6  11  18  15   2
 25  16   1  10  19

 (4, 3)
 Solution doesn't exist.

 (4, 4)
 23  12  15   6  25
 14   7  24  11  16
 19  22  13   2   5
  8   3  20  17  10
 21  18   9   4   1

 Took about 38.67 seconds.
 Success: 13 starting point(s).
 Failure: 12 starting point(s).
