 There are 49 starting points.
 Finding the solution from each starting point...

 (0, 0)
  1  46  29  40  37  20  49
 30  41   2  21  48  39  36
 45  28  47  38   3  22  19
 42  31  44  23  18  35   4
 27  24  15  34   5   8  11
 32  43  26  13  10  17   6
 25  14  33  16   7  12   9

 (0, 1)
 Timeout.

 (0, 2)
 45  32   1  38  43  34  49
 26  39  44  33   2  37  42
 31  46  27  40  35  48   3
 28  25  30  47   4  41  36
 19  22  17  14  11   8   5
 24  29  20   9   6  15  12
 21  18  23  16  13  10   7

 (0, 3)
 Timeout.

 (0, 4)
 41  44  47  34   1  20  49
 46  35  42  21  48  33   2
 43  40  45  32   3  22  19
 36  27  38  23  18  31   4
 39  24  15  30   5   8  11
 28  37  26  13  10  17   6
 25  14  29  16   7  12   9

 (0, 5)
 Timeout.

 (0, 6)
 Timeout.

 (1, 0)
 Timeout.

 (1, 1)
 43  32  41  48  45  18  21
 40   1  44  19  22  49  46
 31  42  33   2  47  20  17
 34  39  30  23  16   3  12
 27  24  15  36  11   6   9
 38  35  26  29   8  13   4
 25  28  37  14   5  10   7

 (1, 2)
 Timeout.

 (1, 3)
 Timeout.

 (1, 4)
 Timeout.

 (1, 5)
 41  44  47  34  31  18  49
 46  35  42  19  48   1  32
 43  40  45  30  33  20  17
 36  25  38  21  16  29   2
 39  22  13  28   3   6   9
 26  37  24  11   8  15   4
 23  12  27  14   5  10   7

 (1, 6)
 Timeout.

 (2, 0)
 37  26  47  24  33  30  49
 46  23  36  27  48  17  32
  1  38  25  18  31  34  29
 22  45   2  35  28  19  16
 39  42  13  20   3   6   9
 44  21  40  11   8  15   4
 41  12  43  14   5  10   7

 (2, 1)
 Timeout.

 (2, 2)
 Timeout.

 (2, 3)
 Timeout.

 (2, 4)
 41  44  47  34  31  18  49
 46  35  42  19  48  33  30
 43  40  45  32   1  20  17
 36  25  38  21  16  29   2
 39  22  13  28   3   6   9
 26  37  24  11   8  15   4
 23  12  27  14   5  10   7

 (2, 5)
 Timeout.

 (2, 6)
 Timeout.

 (3, 0)
 Timeout.

 (3, 1)
 Timeout.

 (3, 2)
 Timeout.

 (3, 3)
 49  30  47  32  27  16  19
 46  33  28  17  20  25  22
 29  48  31  26  23  18  15
 34  45  36   1  14  21  24
 39  42  13  10   7   2   5
 44  35  40  37   4  11   8
 41  38  43  12   9   6   3

 (3, 4)
 Timeout.

 (3, 5)
 37  44  47  32  35  16  49
 46  29  36  17  48  31  34
 43  38  45  30  33  18  15
 28  23  42  19  14   1  10
 39  20  13  26   9   4   7
 24  27  22  41   6  11   2
 21  40  25  12   3   8   5

 (3, 6)
 Timeout.

 (4, 0)
 27  42  29  36  31  20  23
 44  37  26  21  24  35  32
 41  28  43  30  33  22  19
 38  45  40  25  18   5  34
  1  48  17   6   9  14  11
 46  39   2  15  12   7   4
 49  16  47   8   3  10  13

 (4, 1)
 Timeout.

 (4, 2)
 Timeout.

 (4, 3)
 Timeout.

 (4, 4)
 35  48  29  40  37  46  31
 28  41  36  47  30  15  38
 49  34  43  16  39  32  45
 42  27  20  33  44  17  14
 21  24  11  18   1   4   7
 26  19  22   9   6  13   2
 23  10  25  12   3   8   5

 (4, 5)
 Timeout.

 (4, 6)
 Timeout.

 (5, 0)
 Timeout.

 (5, 1)
 39  36  41  32  29  18  49
 42  33  38  19  48  31  28
 37  40  35  30  27  20  17
 34  43  26  21  16  47   4
 25  22  15  46   5   8  11
 44   1  24  13  10   3   6
 23  14  45   2   7  12   9

 (5, 2)
 Timeout.

 (5, 3)
 Timeout.

 (5, 4)
 Timeout.

 (5, 5)
 41  44  47  34  29  16  49
 46  35  42  17  48  31  28
 43  40  45  30  33  18  15
 36  23  38  19  14  27  32
 39  20  13  26   3   6   9
 24  37  22  11   8   1   4
 21  12  25   2   5  10   7

 (5, 6)
 Timeout.

 (6, 0)
 41  44  47  34  29  20  49
 46  35  42  21  48  33  30
 43  40  45  28  31  22  19
 36  27  38  23  18   5  32
 39  24  17   6   9  14  11
 26  37   2  15  12   7   4
  1  16  25   8   3  10  13

 (6, 1)
 Timeout.

 (6, 2)
 Timeout.

 (6, 3)
 Timeout.

 (6, 4)
 41  44  47  34  29  18  49
 46  35  42  19  48  33  30
 43  40  45  28  31  20  17
 36  27  38  21  16   3  32
 39  24  15   4   7  12   9
 26  37  22  13  10   5   2
 23  14  25   6   1   8  11

 (6, 5)
 Timeout.

 (6, 6)
 29  48  35  46  31  26  19
 36  45  30  27  20  23  32
 49  28  47  34  25  18  21
 44  37  42  17  22  33  24
 41  16  39   8  11   2   5
 38  43  14   3   6   9  12
 15  40   7  10  13   4   1

 Took about 701.62 seconds.
 Success: 16 starting point(s).
 Failure: 33 starting point(s).
