 There are 36 starting points.
 Finding the solution from each starting point...

 (0, 0)
  1  34  29  16  13  36
 28  17   2  35  30  15
 33  24  31  14   3  12
 18  27  20  11   6   9
 23  32  25   8  21   4
 26  19  22   5  10   7

 (0, 1)
 Timeout.

 (0, 2)
 25  30   1  16  19  28
 34  15  26  29   2  17
 31  24  33  18  27  20
 14  35  12   9   6   3
 23  32   7   4  21  10
 36  13  22  11   8   5

 (0, 3)
 26  13  24   1  28  11
 21  36  27  12  23   2
 14  25  22   3  10  29
 35  20  33  16   7   4
 32  15  18   5  30   9
 19  34  31   8  17   6

 (0, 4)
 25  30  35  18   1  28
 36  19  26  29  34  17
 31  24  33  16  27   2
 20  13  22   3   6   9
 23  32  11   8  15   4
 12  21  14   5  10   7

 (0, 5)
 Timeout.

 (1, 0)
 36  19  26  29  14  17
  1  30  15  18  25  28
 20  35   2  27  16  13
 31  10  33  24   3   6
 34  21   8   5  12  23
  9  32  11  22   7   4

 (1, 1)
 15  30  33   8  13  10
 34   1  14  11  32   7
 29  16  31   2   9  12
 22  35  20  25   6   3
 17  28  23   4  19  26
 36  21  18  27  24   5

 (1, 2)
 Timeout.

 (1, 3)
 Timeout.

 (1, 4)
 Timeout.

 (1, 5)
 29  14  31  18  27  16
 34  19  28  15  32   1
 13  30  33   2  17  26
 20  35  22   9   6   3
 23  12   7   4  25  10
 36  21  24  11   8   5

 (2, 0)
 Timeout.

 (2, 1)
 36  19  14  23  34  21
 13  26  35  20  15  24
 18   1  16  25  22  33
 27  12  29   2   5   8
 30  17  10   7  32   3
 11  28  31   4   9   6

 (2, 2)
 29  12  35  16  27  14
 34  19  28  13  36  17
 11  30   1  18  15  26
 20  33  22   7   2   5
 23  10  31   4  25   8
 32  21  24   9   6   3

 (2, 3)
 Timeout.

 (2, 4)
 23  34  29  18  21  36
 28  17  22  35  30  19
 33  24  31  20   1  10
 16  27  14   9   4   7
 13  32  25   6  11   2
 26  15  12   3   8   5

 (2, 5)
 28  19  14  33  30  21
 13  34  29  20  15  32
 18  27  16  31  22   1
 35  12  23   2   5   8
 26  17  10   7  24   3
 11  36  25   4   9   6

 (3, 0)
 Timeout.

 (3, 1)
 Timeout.

 (3, 2)
 34   9  18  27  32  29
 17  26  33  30  11  20
  8  35  10  19  28  31
 25  16   1   4  21  12
 36   7  14  23   2   5
 15  24   3   6  13  22

 (3, 3)
 17  30  35  26  15  28
 36  23  16  29  34  25
 31  18  33  24  27  14
 22  11  20   1   4   7
 19  32   9   6  13   2
 10  21  12   3   8   5

 (3, 4)
 16  27  22  31  14  29
 21  34  15  28  23  32
 26  17  24  33  30  13
 35  20   9   6   1   4
 10  25  18   3  12   7
 19  36  11   8   5   2

 (3, 5)
 23  28  33  14  17  26
 34  13  24  27  32  15
 29  22  31  16  25  18
 12  35  10   7   4   1
 21  30   5   2  19   8
 36  11  20   9   6   3

 (4, 0)
 21  34  19  26  23  32
 16  27  22  33  18  25
 35  20  17  24  31   4
 28  15  30   5   8  11
  1  36  13  10   3   6
 14  29   2   7  12   9

 (4, 1)
 Timeout.

 (4, 2)
 23  30  33  16  21  18
 34  15  22  19  32   7
 29  24  31   8  17  20
 14  35  12  25   6   3
 11  28   1   4   9  26
 36  13  10  27   2   5

 (4, 3)
 Timeout.

 (4, 4)
 25  20  15  34  23  36
 14  31  24  21  16  33
 19  26  17  32  35  22
 30  13  28   3   6   9
 27  18  11   8   1   4
 12  29   2   5  10   7

 (4, 5)
 28  17  22  33  30  15
 23  34  29  16  21  32
 18  27  20  31  14   9
 35  24  13   8   3   6
 12  19  26   5  10   1
 25  36  11   2   7   4

 (5, 0)
 36  17  20  29  24  27
 21  30  23  26  19   8
 16  35  18   9  28  25
 31  22  33  12   7   4
 34  15   2   5  10  13
  1  32  11  14   3   6

 (5, 1)
 31  18  33  14  29  16
 34  11  30  17   8  13
 19  32   9  12  15  28
 10  35  26  23   4   7
 25  20   5   2  27  22
 36   1  24  21   6   3

 (5, 2)
 28  21  16  33  30  23
 15  34  29  22  17  32
 20  27  18  31  24   3
 35  14  25   4   7  10
 26  19  12   9   2   5
 13  36   1   6  11   8

 (5, 3)
 Timeout.

 (5, 4)
 28  23  14  33  30  21
 15  34  29  22  13  32
 24  27  16  31  20  11
 35   8  25  12   5   2
 26  17   6   3  10  19
  7  36   9  18   1   4

 (5, 5)
 13  26  33  22  19  16
 34  23  14  17  32  21
 27  12  25  20  15  18
 24  35   8  31   2   5
 11  28   3   6   9  30
 36   7  10  29   4   1

 Took about 290.51 seconds.
 Success: 24 starting point(s).
 Failure: 12 starting point(s).
