 There are 100 starting points.
 Finding the solution from each starting point...

 (0, 0)
   1   78   17  100    3   80   45   48    5   50
  18   93    2   79   84   99    4   51   44   47
  77   16   85   94   97   54   81   46   49    6
  92   19   96   73   86   83   98   55   52   43
  15   76   91   88   95   74   53   82    7   56
  20   89   72   75   64   87   66   57   42   29
  71   14   37   90   69   58   41   28   67    8
  36   21   70   63   40   65   68   59   30   27
  13   38   23   34   11   62   25   32    9   60
  22   35   12   39   24   33   10   61   26   31

 (0, 1)
  20    1   22   39   18   73   46   37   16   13
  23   40   19   72   45   38   17   14   47   36
   2   21   44   41   80   71   74   49   12   15
  43   24   99   70   75   60   79   58   35   48
 100    3   42   83   92   81   68   61   50   11
  25   84   91   98   69   76   59   78   57   34
   4   97   26   93   82   89   62   67   10   51
  27   94   85   90   63   66   77   54   33   56
  86    5   96   29   88    7   64   31   52    9
  95   28   87    6   65   30   53    8   55   32

 (0, 2)
  45   50    1   54   43   52   81   86   41   38
   2   55   44   51   82   99   42   39   80   87
  49   46   83   74   53   90   85   98   37   40
  72    3   56   47   84   75  100   79   88   65
  27   48   73   76   91   78   89   66   97   36
   4   71   26   57   62   67   92   95   64   15
  25   28   61   70   77   94   63   16   35   96
  60    5   58   31   22   19   68   93   14   11
  29   24    7   20   69   32    9   12   17   34
   6   59   30   23    8   21   18   33   10   13

 (0, 3)
  90   39   36    1   88   81   34   15   18   69
  37    2   89   82   35   16   87   70   33   14
  40   91   38   97   86   83   80   17   68   19
   3   98   77   92   79   96   71   84   13   32
  76   41  100   95   72   85   30   67   20   53
  99    4   75   78   93   64   73   54   31   12
  42   59   94   63   74   55   66   29   52   21
   5   62   45   58   65   24   49   56   11   28
  46   43   60    7   48   57   26    9   22   51
  61    6   47   44   25    8   23   50   27   10

 (0, 4)
  15   18   97   38    1   20   87   36    3   22
 100   39   16   19   96   37    2   21   70   35
  17   14   93   98   81   88   69   86   23    4
  40   99   80   89   84   95   58   71   34   67
  13   92   41   94   79   82   85   68    5   24
  42   55   78   83   90   57   72   59   66   33
  75   12   91   56   73   60   65   50   25    6
  54   43   74   77   64   51   28   61   32   49
  11   76   45   52    9   62   47   30    7   26
  44   53   10   63   46   29    8   27   48   31

 (0, 5)
  24   67  100   63   26    1   70   39   28    3
  97   62   25   68   99   76   27    2   31   38
  66   23   98   93   64   69   40   71    4   29
  61   96   65   88   75   94   77   30   37   32
  22   87   92   95   84   41   74   35   72    5
  91   60   85   56   89   78   83   42   33   36
  86   21   90   79   82   51   34   73    6   43
  59   18   57   50   55   80   53   46    9   12
  20   49   16   81   52   47   14   11   44    7
  17   58   19   48   15   54   45    8   13   10

 (0, 6)
  17   30   57   34   19   28    1   60   21   26
  56   33   18   29   64   59   20   27    2   61
  31   16   65   58   35   90   97   62   25   22
  52   55   32   91  100   63   36   23   98    3
  15   92   53   66   89   96   99   78   37   24
  54   51   88   93   72   75   84   95    4   77
  87   14   67   82   85   94   73   76   79   38
  50   11   86   71   74   83   80   41   44    5
  13   68    9   48   81   70    7   46   39   42
  10   49   12   69    8   47   40   43    6   45

 (0, 7)
  20   63   52   45   22   61   50    1   24   27
  53   44   21   62   51   46   23   26   49    2
  64   19   98   57   66   83   60   47   28   25
  43   54   65  100   93   58   67   84    3   48
  18   99   56   97   86   95   82   59   68   29
  55   42   37   94   79   92   85   90   73    4
  38   17   78   87   96   89   74   81   30   69
  41   14   39   36   75   80   91   72    5    8
  16   35   12   77   88   33   10    7   70   31
  13   40   15   34   11   76   71   32    9    6

 (0, 8)
  13   22   55   26   15   20   35   30    1   18
  54   25   14   21  100   29   16   19   34   31
  23   12   97   56   27   36   71   32   17    2
  78   53   24   93   74   99   28   37   40   33
  11   96   77   98   57   72   67   70    3   38
  52   79   92   73   94   75   64   39   68   41
  89   10   95   76   87   58   69   66   63    4
  80   51   88   91   84   65   62   59   42   45
   9   90   49   82    7   86   47   44    5   60
  50   81    8   85   48   83    6   61   46   43

 (0, 9)
   8   87   10   81    6   85   96   27    4    1
  11   82    7   86   93   80    5    2   95   26
  88    9   92   79   84   97   94   73   28    3
  77   12   83  100   91   74   51   98   25   60
  38   89   78   75   64   99   72   61   52   29
  13   76   37   90   71   62   65   50   59   24
  36   39   70   63   66   43   58   53   30   45
  69   14   67   42   57   54   49   44   23   20
  40   35   16   55   48   33   18   21   46   31
  15   68   41   34   17   56   47   32   19   22

 (1, 0)
  20   33    2   37   22   31    4   97   24   29
   1   36   21   32    3  100   23   30    5   98
  34   19   56   89   38   65   96   99   28   25
  55   88   35   64   93   90   39   26   95    6
  18   57   92   85   66   73   94   79   40   27
  87   54   63   76   91   84   67   74    7   80
  58   17   86   83   72   75   78   81   68   41
  53   14   71   62   77   82   69   44   47    8
  16   59   12   51   70   61   10   49   42   45
  13   52   15   60   11   50   43   46    9   48

 (1, 1)
  23  100   51    2   25   86   57    4   27   30
  50    1   24   99   88    3   26   29   56    5
  97   22   89   52   85   94   87   58   31   28
  46   49   98   95   90   53   80   93    6   55
  21   96   47   84   81   92   73   54   59   32
  48   45   40   91   70   77   82   79   64    7
  41   20   69   76   83   74   65   72   33   60
  44   17   42   39   66   71   78   63    8   11
  19   38   15   68   75   36   13   10   61   34
  16   43   18   37   14   67   62   35   12    9

 (1, 2)
   2   93    4   49   46   87   66   51   44   41
   5   48    1   94   67   50   45   42   61   52
  92    3   96   47   88   83   86   65   40   43
  97    6   89   84   95   68   81   62   53   60
  30   91   98   79   82   85   70   59   64   39
   7  100   29   90   69   80   63   54   57   18
  28   31   78   99   74   71   58   19   38   55
  77    8   75   34   25   22   73   56   17   14
  32   27   10   23   72   35   12   15   20   37
   9   76   33   26   11   24   21   36   13   16

 (1, 3)
  35    2   91  100   37   16   83   18   39   14
  90   97   36    1   92   99   38   15   42   19
   3   34   93   98   73   82   17   84   13   40
  96   89   78   81   94   87   74   41   20   43
  33    4   95   88   79   72   85   44   65   12
  58   77   80   69   86   75   66   71   46   21
   5   32   59   76   67   70   45   64   11   48
  60   57   68   29   54   63   52   47   22   25
  31    6   55   62   51    8   27   24   49   10
  56   61   30    7   28   53   50    9   26   23

 (1, 4)
  18   31   56   35   20   29    2   59   22   27
  55   34   19   30    1   58   21   28    3   60
  32   17   54   57   36   75   78   61   26   23
  53   82   33  100   77   62   37   24   71    4
  16   97   84   81   74   99   76   79   38   25
  83   52   93   98   85   80   63   72    5   70
  96   15   88   67   94   73   86   69   64   39
  51   12   95   92   87   68   65   42   45    6
  14   89   10   49   66   91    8   47   40   43
  11   50   13   90    9   48   41   44    7   46

 (1, 5)
  21   50   81   46   23   48   57    2   25   28
  82   45   22   49   80    1   24   27   58    3
  51   20   83  100   47   56   79   60   29   26
  44   99   52   55   84   93   70   67    4   59
  19   54   97   94   71   68   85   78   61   30
  98   43   38   53   96   87   92   69   66    5
  39   18   95   88   91   72   77   86   31   62
  42   15   40   37   76   89   74   65    6    9
  17   36   13   90   73   34   11    8   63   32
  14   41   16   35   12   75   64   33   10    7

 (1, 6)
  14   29   56   33   16   27   18   23    2   25
  55   32   15   28   73   34    1   26   19   22
  30   13  100   57   36   17   72   21   24    3
  99   54   31   76   97   74   35   38   41   20
  12   83   98   91   58   37   68   71    4   39
  53   94   77   84   75   96   65   40   69   42
  82   11   92   95   90   59   70   67   64    5
  93   52   89   78   85   66   63   60   43   46
  10   81   50   87    8   79   48   45    6   61
  51   88    9   80   49   86    7   62   47   44

 (1, 7)
  23   42   97   46   25   40   89   38   27    2
 100   45   24   41   96   91   26    1   30   37
  43   22   93   98   47   88   39   90    3   28
  68   99   44   85   92   95   80   29   36   31
  21   84   69   94   81   48   87   34   75    4
  70   67   82   63   86   79   74   49   32   35
  83   20   71   78   73   58   33   76    5   50
  66   17   64   57   62   77   60   53    8   11
  19   56   15   72   59   54   13   10   51    6
  16   65   18   55   14   61   52    7   12    9

 (1, 8)
  16   29   56   33   18   27   62   59   20   25
  55   32   17   28   93   58   19   26    1   60
  30   15   96   57   34   63   92   61   24   21
  51   54   31  100   91   94   35   22   69    2
  14   97   52   95   64   89   70   85   36   23
  53   50   81   90   99   86   83   72    3   68
  80   13   98   65   82   71   88   67   84   37
  49   10   75   78   87   66   73   40   43    4
  12   79    8   47   74   77    6   45   38   41
   9   48   11   76    7   46   39   42    5   44

 (1, 9)
  11   66   13  100    9   68   75    2    7    4
  14   97   10   67   92   87    8    5   74    1
  65   12   93   88   99   78   69   76    3    6
  96   15   98   79   82   91   86   73   28   71
  61   64   89   94   85   80   77   70   51   30
  16   95   62   81   90   83   52   29   72   27
  63   60   39   84   53   58   43   50   31   46
  38   17   54   59   42   49   34   45   26   23
  55   40   19   36   57   44   21   24   47   32
  18   37   56   41   20   35   48   33   22   25

 (2, 0)
  27    2   97   66   29    4   89   42   31    6
 100   67   28    3   96   91   30    5   34   41
   1   26   93   98   65   88   43   90    7   32
  68   99   64   85   92   95   80   33   40   35
  25   84   69   94   81   44   87   38   75    8
  70   63   82   59   86   79   74   45   36   39
  83   24   71   78   73   54   37   76    9   46
  62   21   60   53   58   77   56   49   12   15
  23   52   19   72   55   50   17   14   47   10
  20   61   22   51   18   57   48   11   16   13

 (2, 1)
   2   61   30   49    4   41   32   37    6   39
  29   50    3   62   31   48    5   40   33   36
  60    1   66   47   56   63   42   35   38    7
  51   28   59   64   67   46   57  100   43   34
  16   65   52   55   58   97   80   45    8   99
  27   54   17   82   85   68   93   98   79   44
  18   15   84   53   96   81   86   69   94    9
  23   26   21   74   83   92   95   78   87   70
  14   19   24   91   12   75   72   89   10   77
  25   22   13   20   73   90   11   76   71   88

 (2, 2)
  21    2   23   40   19  100   59   38   17   14
  24   41   20   99   96   39   18   15   56   37
   3   22    1   74   93   58   97   60   13   16
  42   25   92   95   98   75   90   57   36   55
  83    4   73   76   91   94   87   78   61   12
  26   43   84   81   86   77   68   89   54   35
   5   82   27   72   69   88   79   66   11   62
  28   47   44   85   80   67   70   63   34   53
  45    6   49   30   71    8   51   32   65   10
  48   29   46    7   50   31   64    9   52   33

 (2, 3)
  16   19   46   39    2   21   48   37    4   23
  45   40   17   20   47   38    3   22   49   36
  18   15   56    1   92   81   54   51   24    5
  41   44   91   82   55   52   73   80   35   50
  14   57   42   93   90   83   76   53    6   25
  43   96   89   84   77   74   79   72   65   34
  58   13   94   97   88   71   66   75   26    7
  95   98   85   70   67   78   29   62   33   64
  12   59  100   87   10   61   68   31    8   27
  99   86   11   60   69   30    9   28   63   32

 (2, 4)
  25   78   99   64   27    2   81   40   29    4
 100   63   26   79   92   65   28    3   32   39
  77   24   91   98    1   80   41   82    5   30
  62   97   76   93   84   89   66   31   38   33
  23   94   85   90   75   42   83   36   67    6
  86   61   96   57   88   69   74   43   34   37
  95   22   87   70   73   52   35   68    7   44
  60   19   58   51   56   71   54   47   10   13
  21   50   17   72   53   48   15   12   45    8
  18   59   20   49   16   55   46    9   14   11

 (2, 5)
  18   31   58   35   20   29    2   61   22   27
  57   34   19   30   65   60   21   28    3   62
  32   17   66   59   36    1   92   63   26   23
  53   56   33  100   91   64   37   24   89    4
  16   99   54   67   86   93   90   79   38   25
  55   52   97   94   73   76   85   88    5   78
  98   15   68   83   96   87   74   77   80   39
  51   12   95   72   75   84   81   42   45    6
  14   69   10   49   82   71    8   47   40   43
  11   50   13   70    9   48   41   44    7   46

 (2, 6)
  17   30   57   34   19   28   63   60   21   26
  56   33   18   29   64   59   20   27    2   61
  31   16   65   58   35   82    1   62   25   22
  52   55   32   83   66   79   36   23   68    3
  15   88   53   78   81   92   67   76   37   24
  54   51  100   89   84   77   80   91    4   69
  97   14   87   72   93   90   85   70   75   38
  50   11   96   99   86   71   74   41   44    5
  13   98    9   48   73   94    7   46   39   42
  10   49   12   95    8   47   40   43    6   45

 (2, 7)
  92   37   40    5   70   47   42    3   64   19
  39    6   91   48   41    4   65   18   43    2
  36   93   38   69   86   71   46    1   20   63
   7   90   85   94   49   68   73   66   17   44
 100   35   96   87   72   83   50   45   62   21
  89    8   99   84   95   74   67   56   51   16
  34   97   88   75   82   57   80   61   22   55
   9   76   31   98   79   60   25   54   15   52
  30   33   78   11   28   81   58   13   26   23
  77   10   29   32   59   12   27   24   53   14

 (2, 8)
   9   48   11   30    7   46   75   28    5    2
  12   31    8   47   74   29    6    3   70   27
  49   10   73   32   45   90   71   76    1    4
  34   13   50   99   72   77   82   89   26   69
  51  100   33   44   87   94   91   68   81   60
  14   35   98   93   78   83   88   61   66   25
  97   52   43   86   95   92   67   80   59   62
  36   15   96   55   40   79   84   65   24   21
  53   42   17   38   85   56   19   22   63   58
  16   37   54   41   18   39   64   57   20   23

 (2, 9)
   6   49    8   95    4   47   90   99    2   45
   9   72    5   48   91  100    3   46   89   84
  50    7   96   73   94   87   98   83   44    1
  71   10   67   92   97   82   63   88   85   78
  34   51   74   81   68   93   86   79   62   43
  11   70   33   66   75   80   59   64   77   22
  32   35   52   69   58   65   76   23   42   61
  53   12   55   38   29   26   57   60   21   18
  36   31   14   27   56   39   16   19   24   41
  13   54   37   30   15   28   25   40   17   20

 (3, 0)
  24   87  100    3   26   85   70    5   28   31
  97    2   25   86   95    4   27   30   55    6
  88   23   96   99   92   71   84   69   32   29
   1   98   89   72   81   94   91   56    7   54
  22   77   80   93   90   65   68   83   58   33
  79   46   41   76   73   82   57   66   53    8
  42   21   78   47   64   67   74   59   34   51
  45   18   43   40   75   60   63   52    9   12
  20   39   16   61   48   37   14   11   50   35
  17   44   19   38   15   62   49   36   13   10

 (3, 1)
  37   82    3   96   39   80    5   72   41   70
   2   93   38   81    4   73   40   69    6   59
  83   36   97   92   95   68   79   60   71   42
 100    1   94   85   88   91   74   43   58    7
  35   84   89   98   67   86   57   78   61   44
  16   99   66   87   90   75   62   49    8   25
  65   34   17   30   63   56   77   26   45   50
  18   15   64   55   76   29   48   51   24    9
  33   54   13   20   31   52   11   22   27   46
  14   19   32   53   12   21   28   47   10   23

 (3, 2)
  16   45   18   41   14   43   70   75   12   91
  19   40   15   44   69   76   13   90   71   74
  46   17   48   77   42   89  100   73   92   11
  39   20    1   68   97   78   93   82   87   72
   2   47   96   49   94   67   88   99   10   83
  21   38   59   56   79   98   81   86   65   30
  52    3   50   95   60   57   66   29   84    9
  37   22   53   58   55   80   85   64   31   28
   4   51   24   35    6   61   26   33    8   63
  23   36    5   54   25   34    7   62   27   32

 (3, 3)
  19  100   21   38   17   96   59   36   15   12
  22   39   18   97   92   37   16   13   56   35
  99   20   93   40   95   58   91   60   11   14
  42   23   98    1   88   85   80   57   34   55
  75    2   41   94   73   90   87   84   61   10
  24   43   74   89   86   81   68   79   54   33
   3   76   25   72   69   78   83   66    9   62
  26   47   44   77   82   67   70   63   32   53
  45    4   49   28   71    6   51   30   65    8
  48   27   46    5   50   29   64    7   52   31

 (3, 4)
  22   51   58   47   24   49   62    3   26   29
  57   46   23   50   59    2   25   28   61    4
  52   21   56   97   48   71   60   63   30   27
  45   98   53   70    1   96   79   68    5   64
  20   55  100   95   88   69   72   65   78   31
  99   44   39   54   93   86   89   80   67    6
  40   19   94   87   90   81   66   73   32   77
  43   16   41   38   85   92   83   76    7   10
  18   37   14   91   82   35   12    9   74   33
  15   42   17   36   13   84   75   34   11    8

 (3, 5)
  15  100   19   52   17   88   47   50    3   76
  20   53   16   99   92   51    2   77   46   49
  97   14   93   18   87   84   89   48   75    4
  54   21   98   91   94    1   86   83   78   45
  13   96   55   72   85   90   79   74    5   82
  22   59   62   95   56   73   68   81   44   31
  61   12   39   58   71   80   43   30   69    6
  38   23   60   63   42   57   70   67   32   29
  11   40   25   36    9   64   27   34    7   66
  24   37   10   41   26   35    8   65   28   33

 (3, 6)
  12   91   56   27   14   89   52   25   16   19
  57   28   13   90   97   26   15   18   51   24
  92   11  100   55   88   79   98   53   20   17
  29   58   83   96   99   54    1   80   23   50
  10   93   30   87   82   95   78   49    2   21
  31   84   59   94   77   70   81   22   67   40
  60    9   76   71   86   65   68   39   48    3
  75   32   85   64   69   72   45   66   41   38
   8   61   34   73    6   63   36   43    4   47
  33   74    7   62   35   44    5   46   37   42

 (3, 7)
  21   44   63   48   23   42   35   38   25   40
  64   47   22   43   62   49   24   41   34   37
  45   20   65   84   51   78   61   36   39   26
  66   87   46   79   76   59   50    1   54   33
  19   80   85   88   83   52   77   60   27    2
  86   67   92   81  100   75   58   53   32   55
  91   18   97   74   89   82   99   56    3   28
  68   15   90   93   98   57   72   31    6    9
  17   96   13   70   73   94   11    8   29    4
  14   69   16   95   12   71   30    5   10    7

 (3, 8)
  12   67   14   91   10   65   62    3    8    5
  15  100   11   66   63   92    9    6   57    2
  68   13   90   99   94   79   64   61    4    7
  87   16   95   78   89   82   93   58    1   56
  40   69   88   83   98   77   80   55   60   49
  17   86   39   96   81   84   59   50   53   28
  38   41   70   85   76   97   54   29   48   51
  71   18   73   44   35   32   75   52   27   24
  42   37   20   33   74   45   22   25   30   47
  19   72   43   36   21   34   31   46   23   26

 (3, 9)
  79   62    5   96   77   60    3   58   43   40
   6   93   78   61    4   89   44   41    2   57
  63   80   97   92   95   76   59   72   39   42
 100    7   94   75   88   73   90   45   56    1
  81   64   87   98   91   84   71   36   47   38
   8   99   82   85   74   33   46   55   16   35
  65   86   27   52   83   70   31   34   37   48
  26    9   66   69   32   51   54   17   20   15
  67   28   11   24   53   30   13   22   49   18
  10   25   68   29   12   23   50   19   14   21

 (4, 0)
  15   78   17  100   13   80   45   48   11   50
  18   93   14   79   84   99   12   51   44   47
  77   16   85   94   97   54   81   46   49   10
  92   19   96   73   86   83   98   55   52   43
   1   76   91   88   95   74   53   82    9   56
  20   89   72   75   64   87   66   57   42   29
  71    2   37   90   69   58   41   28   67    8
  36   21   70   63   40   65   68   59   30   27
   3   38   23   34    5   62   25   32    7   60
  22   35    4   39   24   33    6   61   26   31

 (4, 1)
  18   89   20   37   16   97   58   35   14   11
  21   38   17  100   81   36   15   12   55   34
  90   19   88   39   96   57   98   59   10   13
  41   22   91   80   99   82   73   56   33   54
  92    1   40   87   72   95   76   83   60    9
  23   42   79   94   77   86   67   74   53   32
   2   93   24   71   68   75   84   65    8   61
  25   46   43   78   85   66   69   62   31   52
  44    3   48   27   70    5   50   29   64    7
  47   26   45    4   49   28   63    6   51   30

 (4, 2)
  99   68   89   36   95   66   63   38   61   42
  90   35   98   67   88   37   84   41   64   39
  69  100   87   94   85   96   65   62   43   60
  34   91   70   97   76   79   58   83   40   55
  71   24    1   86   93   82   77   56   59   44
   2   33   92   75   78   57   80   49   54   13
  23   72   25   32   81   74   53   14   45   50
  26    3   28   73   20   17   48   51   12    9
  29   22    5   18   31   52    7   10   15   46
   4   27   30   21    6   19   16   47    8   11

 (4, 3)
  22   77   24   97   20   75   70   13   18   15
  25   98   21   76   69   96   19   16   45   12
  78   23  100   95   88   71   74   67   14   17
  99   26   89   72   93   68   87   46   11   44
  90   79   94    1   86   73   66   55   48   35
  27    2   81   92   65   56   47   36   43   10
  80   91   28   85   58   63   54   49   34   37
   3   82   59   64   53   50   57   40    9   42
  60   29   84    5   62   31   52    7   38   33
  83    4   61   30   51    6   39   32   41    8

 (4, 4)
  99   24   95   92   69   26   71   78   67   28
  94   55   98   25   96   83   68   27   64   77
  23  100   93   88   91   70   79   72   29   66
  56   89   54   97   84   87   82   65   76   63
  37   22   57   90    1   52   85   80   73   30
  58   49   38   53   86   81    2   31   62   75
  21   36   59   48   51   32   61   74    3   16
  42   39   50   33   60   13   46   17    6    9
  35   20   41   44   47   18   11    8   15    4
  40   43   34   19   12   45   14    5   10    7

 (4, 5)
  12   77   30   93   14   41   32   43   16   39
  29   96   13   76   31   92   15   40   33   44
  78   11  100   89   94   75   42   71   38   17
  97   28   95   74   85   72   91   36   45   34
  10   79   88   99   90    1   70   55   18   37
  27   98   81   84   73   86   61    2   35   46
  80    9   66   87   82   69   56   19   54    3
  65   26   83   68   57   62   51   60   47   20
   8   67   24   63    6   59   22   49    4   53
  25   64    7   58   23   50    5   52   21   48

 (4, 6)
  15   28   55   32   17   26   63   58   19   24
  54   31   16   27   82   57   18   25   62   59
  29   14   83   56   33   64   81   60   23   20
  50   53   30   93   80   77   34   21   70   61
  13   96   51   84   65   92    1   78   35   22
  52   49  100   89   94   79   76   71    2   69
  97   12   95   66   85   72   91   68   75   36
  48    9   88   99   90   67   74   39   42    3
  11   98    7   46   73   86    5   44   37   40
   8   47   10   87    6   45   38   41    4   43

 (4, 7)
  18   43   88   47   20   41   58   53   22   39
  99   46   19   42   89   54   21   40   57   52
  44   17   98   87   48   59   68   55   38   23
  79  100   45   90   67   86   49   60   51   56
  16   91   80   97   64   69   66    1   24   37
  81   78   95   92   85   32   63   50   61    2
  94   15   82   29   96   65   70   31   36   25
  77   12   93   84   73   30   33   62    3    6
  14   83   10   75   28   71    8    5   26   35
  11   76   13   72    9   74   27   34    7    4

 (4, 8)
  11  100   79   34   13   92   81   32   15   18
  78   35   12   93   80   33   14   17   66   31
  97   10   99   76   91   88   65   82   19   16
  36   77   96   89   94   83   54   67   30   63
   9   98   37   84   75   90   87   64    1   20
  38   51   74   95   86   53   68   55   62   29
  71    8   85   52   69   56   61   46   21    2
  50   39   70   73   60   47   24   57   28   45
   7   72   41   48    5   58   43   26    3   22
  40   49    6   59   42   25    4   23   44   27

 (4, 9)
  20   99   50   43   22   61   48   45   24   63
  51   42   21   98   49   44   23   62   27   46
 100   19   90   55   88   95   60   47   64   25
  41   52   97   94   91   56   65   26   59   28
  18   93   54   89   96   87   84   57   66    1
  53   40   35   92   83   80   73   86   29   58
  36   17   82   79   74   85   30   71    2   67
  39   14   37   34   81   72   77   68    5    8
  16   33   12   75   78   31   10    7   70    3
  13   38   15   32   11   76   69    4    9    6

 (5, 0)
  80   67   92   35   86   65   62   37   60   41
  91   34   81   66   89   36   85   40   63   38
  68   79   90   93   82   87   64   61   42   59
  33  100   69   88   75   94   57   84   39   54
  70   23   78   99   96   83   76   55   58   43
   1   32   97   74   77   56   95   48   53   12
  22   71   24   31   98   73   52   13   44   49
  25    2   27   72   19   16   47   50   11    8
  28   21    4   17   30   51    6    9   14   45
   3   26   29   20    5   18   15   46    7   10

 (5, 1)
  21   84   23   78   19   80   37   12   17   14
  24   77   20   81   92   73   18   15   36   11
  83   22   85   74   79   66   91   38   13   16
  76   25   82   93   86   89   72   65   10   35
  61  100   75   88   71   94   67   90   39   56
  26    1   62   99   96   87   64   57   34    9
  49   60   97   70   63   58   95   68   55   40
   2   27   50   59   98   69   54   43    8   33
  51   48   29    4   53   46   31    6   41   44
  28    3   52   47   30    5   42   45   32    7

 (5, 2)
  18   81   32   55   16   83   34   53   14   11
  31   56   17   82   33   54   15   12   35   52
  80   19   92   57  100   71   84   51   10   13
  91   30   97   72   89   58   99   60   69   36
  20   79   90   93   98   85   70   37   50    9
  29   96    1   88   73   94   59   68   61   38
   2   21   78   95   86   67   62   45    8   49
  77   28   87   24   63   74   65   48   39   42
  22    3   26   75   66    5   44   41   46    7
  27   76   23    4   25   64   47    6   43   40

 (5, 3)
  15   20   53   40   13   22   55   38   11   24
  52   41   14   21   54   39   12   23   56   37
  19   16   51   64   91   98   61   58   25   10
  42   65   18   97   62   59   90   95   36   57
  17   50   63   92   99   96   87   60    9   26
  66   43  100    1   86   79   94   89   82   35
  49    2   67   78   93   88   81   76   27    8
  44   69   46   85   80   77   30   83   34   75
   3   48   71   68    5   84   73   32    7   28
  70   45    4   47   72   31    6   29   74   33

 (5, 4)
  46   23   44   59   48   25   70   57   50   27
  43   60   47   24   83   58   49   26   71   56
  22   45   64   61   92   85   72   69   28   51
  63   42   93   84   65   82   91   86   55   68
 100   21   62   81   94   89   66   73   52   29
  41   80   99   96    1   74   87   90   67   54
  20   97   40   75   88   95    2   53   30   13
  39   36   79   98   33   10   31   14    3    6
  78   19   34   37   76   17    8    5   12   15
  35   38   77   18    9   32   11   16    7    4

 (5, 5)
  15   40   97   44   17   38   51   34   19   36
 100   43   16   39   98   47   18   37   50   33
  41   14   99   96   45   52   61   48   35   20
  90   93   42   85   62   95   46   53   32   49
  13   84   91   94   67   82   63   60   21   54
  92   89   74   83   86    1   66   55   64   31
  73   12   87   26   75   68   81    2   59   22
  88    9   76   69   80   27   56   65   30    3
  11   72    7   78   25   70    5   28   23   58
   8   77   10   71    6   79   24   57    4   29

 (5, 6)
  40   23   42   61   38   25   66   71   36   27
  43   62   39   24   65   74   37   26   67   72
  22   41   60   63   76   97   70   73   28   35
  59   44   77  100   91   64   75   98   31   68
  78   21   92   57   86   99   96   69   34   29
  45   58   79   90   93   84    1   30   95   32
  20   89   46   85   56   87   94   33    2   15
  47   80   55   88   83   12   51   16    5    8
  54   19   82   49   52   17   10    7   14    3
  81   48   53   18   11   50   13    4    9    6

 (5, 7)
  11   84   29  100   13   86   31   88   15   64
  28   99   12   85   30   89   14   65   32   59
  83   10   91   94   97   66   87   58   63   16
  74   27   98   67   90   93   96   45   60   33
   9   82   73   92   95   80   57   62   17   44
  26   75   78   81   68   71   46    1   34   61
  77    8   51   72   79   56   69   18   43    2
  50   25   76   55   70   47   42   35   38   19
   7   52   23   48    5   54   21   40    3   36
  24   49    6   53   22   41    4   37   20   39

 (5, 8)
  14   27   54   31   16   25   62   57   18   23
  53   30   15   26   93   56   17   24   61   58
  28   13   96   55   32   63   92   59   22   19
  49   52   29  100   91   94   33   20   69   60
  12   97   50   95   64   89   70   85   34   21
  51   48   81   90   99   86   83   72    1   68
  80   11   98   65   82   71   88   67   84   35
  47    8   75   78   87   66   73   38   41    2
  10   79    6   45   74   77    4   43   36   39
   7   46    9   76    5   44   37   40    3   42

 (5, 9)
  17   94   53   46   19   84   99   40   21   42
  52   47   18   91  100   45   20   43   86   39
  93   16   95   54   83   98   85   76   41   22
  48   51   92   97   90   75   44   87   38   73
  15   96   49   82   55   88   77   74   23   36
  50   81   64   89   78   31   56   37   72    1
  63   14   79   28   65   58   71   30   35   24
  80   11   66   59   70   29   32   57    2    5
  13   62    9   68   27   60    7    4   25   34
  10   67   12   61    8   69   26   33    6    3

 (6, 0)
  17   52   19   38   15   56   79   36   13   10
  20   39   16   57   78   37   14   11   70   35
  51   18   53   40   55   80   69   84    9   12
  42   21   58   77   68   83  100   75   34   71
  59   50   41   54   97   76   81   72   85    8
  22   43   64   67   82   93   88   99   74   33
   1   60   49   96   65   98   73   92    7   86
  44   23   66   63   48   89   94   87   32   29
  61    2   25   46   95    4   27   30   91    6
  24   45   62    3   26   47   90    5   28   31

 (6, 1)
  14   61   30   49   12   41   32   37   10   39
  29   50   13   62   31   48   11   40   33   36
  60   15   66   47   56   63   42   35   38    9
  51   28   59   64   67   46   57  100   43   34
  16   65   52   55   58   97   80   45    8   99
  27   54   17   82   85   68   93   98   79   44
  18    1   84   53   96   81   86   69   94    7
  23   26   21   74   83   92   95   78   87   70
   2   19   24   91    4   75   72   89    6   77
  25   22    3   20   73   90    5   76   71   88

 (6, 2)
  21   52   23   60   19   54   37   12   17   14
  24   59   20   53   56   61   18   15   36   11
  51   22   57   62   83   72   55   38   13   16
  58   25  100   73   78   63   84   67   10   35
  97   50   79   82   99   92   71   64   39   66
  26   81   98   93   74   77   68   85   34    9
  49   96    1   80   91   94   75   70   65   40
   2   27   90   95   76   69   86   43    8   33
  89   48   29    4   87   46   31    6   41   44
  28    3   88   47   30    5   42   45   32    7

 (6, 3)
  12   97   14   63   10   61   68   45    8   41
  15   64   11   96   69   46    9   42   51   44
 100   13   98   65   62   71   60   67   40    7
  75   16   93   70   95   66   47   52   43   50
  92   99   74   81   86   59   72   49    6   39
  17   76   85   94   73   48   33   38   53   26
  84   91   82    1   80   87   58   25   34    5
  77   18   79   88   57   32   37   54   27   24
  90   83   20   31    2   55   22   29    4   35
  19   78   89   56   21   30    3   36   23   28

 (6, 4)
  15   80   17   36   13   78   61   34   11    8
  18   37   14   79   74   35   12    9   60   33
  81   16   89   38   77   72   75   62    7   10
  40   19   82   73   90   63   52   57   32   59
  83   92   39   88   85   76   71   64   53    6
  20   41   84   91   70   87   56   51   58   31
  93  100   69   86    1   96   65   54    5   50
  42   21   94   97   66   55   46   49   30   27
  99   68   23   44   95    2   25   28   47    4
  22   43   98   67   24   45   48    3   26   29

 (6, 5)
  18   49   68   53   20   47   62   43   22   45
  69   52   19   48   93   56   21   46   63   42
  50   17   96   67   54   61   92   57   44   23
  77   70   51  100   89   94   55   64   41   58
  16   97   76   95   66   85   60   91   24   39
  71   78   83   88   99   90   65   40   59    8
  82   15   98   75   84    1   86    9   38   25
  79   72   81   32   87   34   37   26    7    4
  14   31   74   35   12   29    2    5   10   27
  73   80   13   30   33   36   11   28    3    6

 (6, 6)
  17   40   71   44   19   38   69   34   21   36
  72   43   18   39   70   47   20   37   68   33
  41   16   73   88   45   92   67   48   35   22
  74   87   42   93   82   85   46   91   32   49
  15   96   81   86   89   94   83   66   23   60
  80   75  100   95   84   65   90   59   50   31
  97   14   79   28   99   58    1   30   61   24
  76   11   98   57   64   29   62   51    2    5
  13   56    9   78   27   54    7    4   25   52
  10   77   12   55    8   63   26   53    6    3

 (6, 7)
  14   39   66   43   16   37   50   33   18   35
  67   42   15   38   89   46   17   36   49   32
  40   13   92   65   44   51   88   47   34   19
  71   68   41   96   87   90   45   52   31   48
  12   93   70   91   64   85   56   79   20   53
  69   72   97   86   95   78   63   54   57   30
 100   11   94   25   84   55   80    1   62   21
  73    8   83   98   77   26   61   58   29    2
  10   99    6   75   24   81    4   27   22   59
   7   74    9   82    5   76   23   60    3   28

 (6, 8)
  19   52   77   56   21   50   43   46   23   48
  76   55   20   51   92   57   22   49   42   45
  53   18   93   78   59   64   91   44   47   24
 100   75   54   87   94   89   58   63   66   41
  17   86   99   96   79   60   65   90   25   62
  74   97   82   85   88   95   80   61   40   67
  83   16   73   98   81   34   39   68    1   26
  72   13   84   33   38   69   36   29    4    7
  15   32   11   70   35   30    9    6   27    2
  12   71   14   31   10   37   28    3    8    5

 (6, 9)
  10   91   28   99   12   63   30   65   14   61
  27  100   11   92   29   76   13   62   31   66
  90    9   98   75   94   85   64   67   60   15
  97   26   93   84   87   68   77   44   57   32
   8   89   74   95   78   83   86   59   16   43
  25   96   79   88   69   72   45   56   33   58
  80    7   50   73   82   55   70   17   42    1
  49   24   81   54   71   46   41   34   37   18
   6   51   22   47    4   53   20   39    2   35
  23   48    5   52   21   40    3   36   19   38

 (7, 0)
  20   99   22   93   18   97   36   11   16   13
  23   94   19   98   87   72   17   14   35   10
 100   21   92   73   96   65   88   37   12   15
  75   24   95   86   91   80   71   64    9   34
  60   85   74   77   70   89   66   79   38   55
  25   76   61   90   81   78   63   56   33    8
  48   59   84   69   62   57   82   67   54   39
   1   26   49   58   83   68   53   42    7   32
  50   47   28    3   52   45   30    5   40   43
  27    2   51   46   29    4   41   44   31    6

 (7, 1)
  47   24   45   66   49   26   73   78   51   28
  44   65   48   25   74   79   50   27   72   77
  23   46   67   80   97   88   91   76   29   52
  64   43  100   87   92   75   98   71   90   59
  85   22   81   68   99   96   89   60   53   30
  42   63   86   93   82   61   70   95   58   11
  21   84   41   62   69   94   57   12   31   54
  40    1   38   83   18   15   34   55   10    7
  37   20    3   16   35   56    5    8   13   32
   2   39   36   19    4   17   14   33    6    9

 (7, 2)
  14   49   16   39   12   83   46   41   10   87
  17   38   13   84   47   40   11   86   45   42
  50   15   48   59  100   85   82   43   88    9
  37   18   97   64   79   58   99   90   81   44
  66   51   60   57   98   93   80   75    8   89
  19   36   65   96   63   78   91   94   73   28
  52   67   56   61   92   95   74   27   76    7
  35   20    1   68   55   62   77   72   29   26
   2   53   22   33    4   69   24   31    6   71
  21   34    3   54   23   32    5   70   25   30

 (7, 3)
  75   30   65   60   49   32   51   36   47   34
  64   61   74   31   66   59   48   33   40   37
  29   76   63   68   57   50   39   52   35   46
  62   79   88   73   82   67   58   45   38   41
  77   28   83   80   69   56   71   42   53   20
  84   89   78   87   72   81   54   21   44    9
  27   96   85  100   55   70   43   10   19   22
  90   99   92    1   86   13   16   23    8    5
  95   26   97   14   93   24    3    6   11   18
  98   91   94   25    2   15   12   17    4    7

 (7, 4)
  18   83   20   61   16   85   34    9   14   11
  21   62   17   84   79   60   15   12   33    8
  82   19  100   63   92   67   86   35   10   13
  97   22   91   80   99   78   59   66    7   32
  48   81   98   93   64   87   68   77   36   57
  23   96   47   90   75   94   65   58   31    6
  46   49   74   95   88   53   76   69   56   37
  73   24   89   52    1   70   55   40    5   30
  50   45   26   71   54   43   28    3   38   41
  25   72   51   44   27    2   39   42   29    4

 (7, 5)
  11   70   13   84    9   76   41   44    7   46
  14   97   10   71   74   83    8   47   40   43
  69   12   85   96   77   72   75   42   45    6
 100   15   98   73   86   51   82   59   48   39
  91   68   93   80   95   78   49   52    5   60
  16   99   90   87   50   81   58   61   38   25
  67   92   33   94   79   88   37   24   53    4
  32   17   66   89   36    1   62   57   26   23
  65   34   19   30   63   56   21   28    3   54
  18   31   64   35   20   29    2   55   22   27

 (7, 6)
  10   63   34   93   12   65   36   69   14   67
  33   96   11   64   35   92   13   66   37   70
  62    9  100   89   94   59   80   71   68   15
  97   32   95   60   85   72   91   58   79   38
   8   61   88   99   90   81   78   73   16   57
  31   98   45   84   77   86   55   82   39   52
  24    7   76   87   46   83   74   53   56   17
  27   30   25   44   75   54    1   18   51   40
   6   23   28   47    4   21   42   49    2   19
  29   26    5   22   43   48    3   20   41   50

 (7, 7)
  51   10   31   26   53   12   33   24   75   14
  30   27   52   11   32   25   78   13   34   23
   9   50   29   58   79   54   37   74   15   76
  28   57   82   55   38   73  100   77   22   35
  49    8   59   72   97   80   39   36   87   16
  60   83   56   81   70   93   86   99   40   21
   7   48   71   96   85   98   69   92   17   88
  64   61   84   45   68   91   94    1   20   41
  47    6   63   66   95    4   43   18   89    2
  62   65   46    5   44   67   90    3   42   19

 (7, 8)
  16   39   66   43   18   37   50   33   20   35
  67   42   17   38   89   46   19   36   49   32
  40   15   92   65   44   51   88   47   34   21
  71   68   41   96   87   90   45   52   31   48
  14   93   70   91   64   85   56   79   22   53
  69   72   97   86   95   78   63   54   57   30
 100   13   94   27   84   55   80   29   62   23
  73   10   83   98   77   28   61   58    1    4
  12   99    8   75   26   81    6    3   24   59
   9   74   11   82    7   76   25   60    5    2

 (7, 9)
  13   50   47   38   15   54   45   40   17   58
  48   37   14   53   46   39   16   59   44   41
  51   12   49   74   55   76   61   42   57   18
  36   87   52   97   90   73   56   69   60   43
  11  100   91   88   75   98   77   62   19   68
  92   35   86   99   96   89   72   67   70   27
  83   10   93   24   85   78   95   26   63   20
  34    7   84   79   94   25   66   71   28    1
   9   82    5   32   23   80    3   30   21   64
   6   33    8   81    4   31   22   65    2   29

 (8, 0)
  13   92   15   74   11   96   43   46    9   48
  16   75   12   93   88   73   10   49   42   45
  91   14   87   76   97   52   95   44   47    8
  86   17  100   89   94   83   72   53   50   41
  63   90   81   84   77   98   51   70    7   54
  18   85   64   99   82   71   78   55   40   27
  65   62   35   80   67   56   39   26   69    6
  34   19   66   61   38   79   68   57   28   25
   1   36   21   32    3   60   23   30    5   58
  20   33    2   37   22   31    4   59   24   29

 (8, 1)
  16   53   18   37   14   51   88   35   12    9
  19   38   15   52   99   36   13   10   87   34
  54   17  100   39   50   81   94   89    8   11
  41   20   55   98   93   90   73   82   33   86
  56   97   40   49   80   95   92   85   74    7
  21   42   61   96   91   72   79   76   83   32
  62   57   48   69   64   77   84   71    6   75
  43   22   63   60   47   70   65   78   31   28
  58    1   24   45   68    3   26   29   66    5
  23   44   59    2   25   46   67    4   27   30

 (8, 2)
   9   64   25   58   11   66   77   56   13   52
  24   27   10   65   78   57   12   53   68   55
  63    8   73   26   59   80   67   76   51   14
  28   23   62   79   72   75   60   81   54   69
   7   92   21   74   61   88   85   70   15   50
  22   29  100   89   86   71   44   49   82   37
  93    6   91   20   99   84   87   38   45   16
  30    3   94   97   90   43   48   83   36   39
   5   96    1   32   19   98   41   34   17   46
   2   31    4   95   42   33   18   47   40   35

 (8, 3)
  12   39   36   27   14   43   34   29   16   47
  37   26   13   42   35   28   15   48   33   30
  40   11   38   75   44   93   70   31   46   17
  25   74   41   96   71   76   45   94   49   32
  10   83   72   77  100   95   92   69   18   63
  73   24   97   84   89   68   99   64   91   50
  82    9   78   23   98   85   90   51   62   19
   3    6   81   88   67   56   65   86   59   52
   8   79    4    1   22   87   54   57   20   61
   5    2    7   80   55   66   21   60   53   58

 (8, 4)
  11   92   13   74    9   96   41   44    7   46
  14   75   10   93   88   73    8   47   40   43
  91   12   87   76   97   50   95   42   45    6
  86   15  100   89   94   83   72   51   48   39
  63   90   81   84   77   98   49   70    5   52
  16   85   64   99   82   71   78   53   38   25
  65   62   33   80   67   54   37   24   69    4
  32   17   66   59   36   79   68   55   26   23
  61   34   19   30    1   58   21   28    3   56
  18   31   60   35   20   29    2   57   22   27

 (8, 5)
  14   73   16   35   12   91  100   33   10    7
  17   36   13   92   97   34   11    8   99   32
  72   15   74   37   90   93   98   85    6    9
  39   18   89   96   87   84   51   94   31   80
  60   71   38   75   64   95   86   79   52    5
  19   40   61   88   83   78   65   50   81   30
  70   59   76   55   66   63   82   53    4   49
  41   20   67   62   77   54   45   48   29   26
  58   69   22   43   56    1   24   27   46    3
  21   42   57   68   23   44   47    2   25   28

 (8, 6)
  21   64   43  100   23   62   79   58   25   60
  42   45   22   63   92   99   24   61   78   57
  65   20   93   44   97   74   89   80   59   26
  46   41   66   73   94   91   98   75   56   77
  19   86   39   96   67   88   81   90   27   54
  40   47   72   87   82   95   68   55   76    7
  71   18   85   38   69   36   83    8   53   28
  48   15   70   35   84   11   52   29    6    3
  17   34   13   50   37   32    1    4    9   30
  14   49   16   33   12   51   10   31    2    5

 (8, 7)
  16   75   18   59   14   97   32    7   12    9
  19   58   15  100   77   60   13   10   31    6
  74   17   76   61   96   79   98   33    8   11
  57   20   93   78   99   86   91   80    5   30
  46   73   62   89   92   95   66   85   34   81
  21   56   45   94   67   90   87   82   29    4
  44   47   72   63   88   51   68   65   84   35
  55   22   53   50   69   64   83   38    3   28
  48   43   24   71   52   41   26    1   36   39
  23   54   49   42   25   70   37   40   27    2

 (8, 8)
   9   48   33   90   11   50   35   80   13   52
  32   97   10   49   34   81   12   51   36   79
  47    8   91   96   89   56   77   82   53   14
 100   31   98   45   92   83   88   55   78   37
   7   46   93   86   95   70   57   76   15   54
  30   99   44   73   84   87   66   71   38   59
  23    6   85   94   69   72   75   58   67   16
  26   29   24   43   74   65   68   17   60   39
   5   22   27   64    3   20   41   62    1   18
  28   25    4   21   42   63    2   19   40   61

 (8, 9)
  18   51   68   55   20   49   42   45   22   47
  69   54   19   50   67   56   21   48   41   44
  52   17   70   97   58   79   66   43   46   23
  71   98   53   92   85   96   57   80   65   40
  16   91  100   95   88   59   78   63   24   61
  99   72   89   84   93   86   81   60   39   64
  90   15   94   87   82   33   38   77   62   25
  73   12   83   32   37   76   35   28    3    6
  14   31   10   75   34   29    8    5   26    1
  11   74   13   30    9   36   27    2    7    4

 (9, 0)
  60   23   50   47   92   25   52   67   88   27
  49   46   59   24   51   84   89   26   53   68
  22   61   48   91   82   93   66   85   28   87
  45   58   81   96   65   90   83   94   69   54
  62   21   64   57  100   95   76   55   86   29
  41   44   97   80   77   56   99   70   75   10
  20   63   40   43   98   79   74   11   30   71
  39   42   37   78   17   14   33   72    9    6
  36   19    2   15   34   73    4    7   12   31
   1   38   35   18    3   16   13   32    5    8

 (9, 1)
  11   38   35   26   13   42   33   28   15   46
  36   25   12   41   34   27   14   47   32   29
  39   10   37   74   43   92   69   30   45   16
  24   73   40   85   70   75   44   91   48   31
   9   84   71   76   93   86   89   68   17   64
  72   23  100   83   88   67   94   65   90   49
  81    8   77   22   99   96   87   50   63   18
   2    5   82   97   78   55   66   95   60   51
   7   80    3   56   21   98   53   58   19   62
   4    1    6   79   54   57   20   61   52   59

 (9, 2)
   6   27   48   31    8   25   92   51   10   23
  47   30    7   26   85   50    9   24   91   52
  28    5   84   49   32   93   86   89   22   11
  63   46   29  100   83   88   33   94   53   90
   4   81   62   77   74   99   96   87   12   21
  45   64   69   82   97   78   75   34   95   54
  68    3   80   61   76   73   98   55   20   13
  41   44   65   70   79   60   17   72   35   56
   2   67   42   39   16   71   58   37   14   19
  43   40    1   66   59   38   15   18   57   36

 (9, 3)
  53    6   33   28   49    8   35   26   45   10
  32   29   52    7   34   27   48    9   36   25
   5   54   31   82   57   50   41   44   11   46
  30   79   56   51   42   83  100   47   24   37
  55    4   81   96   99   58   43   40   91   12
  80   95   78   75   84   97   92   59   38   23
   3   74   85   98   93   76   39   90   13   60
  86   71   94   77   66   89   64   17   22   19
  73    2   69   88   63   16   67   20   61   14
  70   87   72    1   68   65   62   15   18   21

 (9, 4)
  72   29   64   59   48   31   50   35   46   33
  63   60   73   30   65   58   47   32   39   36
  28   71   62   67   56   49   38   51   34   45
  61   76   69   74   97   66   57   44   37   40
  70   27  100   77   68   55   98   41   52   19
  81   88   75   96   99   78   53   20   43    8
  26   93   80   89   54   95   42    9   18   21
  85   82   87   94   79   12   15   22    7    4
  92   25   84   13   90   23    2    5   10   17
  83   86   91   24    1   14   11   16    3    6

 (9, 5)
  17   86   19   60   15   88   33    8   13   10
  20   61   16   87   82   59   14   11   32    7
  85   18   91   62   97   66   89   34    9   12
  92   21  100   83   90   81   58   65    6   31
  47   84   79   96   63   98   67   76   35   56
  22   93   46   99   80   77   64   57   30    5
  45   48   73   78   95   52   75   68   55   36
  72   23   94   51   74   69   54   39    4   29
  49   44   25   70   53   42   27    2   37   40
  24   71   50   43   26    1   38   41   28    3

 (9, 6)
  10   85   12   55    8   67   40   43    6   45
  13   56    9   84   69   54    7   46   39   42
  86   11   70   57   66   49   68   41   44    5
  71   14   97   80   83   58   53   50   47   38
 100   87   82   65   98   79   48   59    4   51
  15   72   99   96   81   64   75   52   37   24
  88   93   32   73   78   95   36   23   60    3
  31   16   89   94   35   74   63   76   25   22
  92   33   18   29   90   77   20   27    2   61
  17   30   91   34   19   28    1   62   21   26

 (9, 7)
  13   56   15   34   11   54   75   32    9    6
  16   35   12   55   76   33   10    7   68   31
  57   14   71   36   53   78   69   74    5    8
  38   17   58   77   70   73   52   79   30   67
  59   88   37   72   97   84   81   66   49    4
  18   39  100   85   82   65   98   51   80   29
  89   60   87   64   99   96   83   48    3   50
  40   19   90   93   86   47   44   95   28   25
  61   92   21   42   63   94   23   26   45    2
  20   41   62   91   22   43   46    1   24   27

 (9, 8)
  18   67   20   91   16   65   62    9   14   11
  21  100   17   66   63   92   15   12   57    8
  68   19   90   99   94   79   64   61   10   13
  87   22   95   78   89   82   93   58    7   56
  40   69   88   83   98   77   80   55   60   49
  23   86   39   96   81   84   59   50   53    6
  38   41   70   85   76   97   54   29   48   51
  71   24   73   44   35   32   75   52    5    2
  42   37   26   33   74   45   28    3   30   47
  25   72   43   36   27   34   31   46    1    4

 (9, 9)
  15   78   17  100   13   80   41    6   11    8
  18   93   14   79   84   99   12    9   40    5
  77   16   85   94   97   70   81   42    7   10
  92   19   96   69   86   83   98   71    4   39
  55   76   91   88   95   74   65   82   43   62
  20   89   56   75   68   87   72   63   38    3
  57   54   33   90   73   64   37   66   61   44
  32   21   58   51   36   67   60   47    2   27
  53   34   23   30   59   50   25   28   45   48
  22   31   52   35   24   29   46   49   26    1

 Took about 0.06 seconds.
 Success: 100 starting point(s).
 Failure: 0 starting point(s).
