 There are 49 starting points.
 Finding the solution from each starting point...

 (0, 0)
  1  32  23  46   3  30  27
 22  49   2  31  28  47   4
 33  24  45  48  37  26  29
 42  21  34  25  44   5  36
 15  18  43  38  35   8  11
 20  41  16  13  10  39   6
 17  14  19  40   7  12   9

 (0, 1)
 Knight's tour solution doesn't exist.

 (0, 2)
 23  12   1  46  21  10  27
  2  49  22  11  26  47  20
 13  24  45  48  37  28   9
 42   3  34  25  44  19  36
 33  14  43  38  35   8  29
  4  41  16  31   6  39  18
 15  32   5  40  17  30   7

 (0, 3)
 Knight's tour solution doesn't exist.

 (0, 4)
 27  40  21  48   1  38  23
 20  49  26  39  22  35   2
 41  28  47  34  43  24  37
 46  19  42  25  36   3  32
 13  16  29  44  33   6   9
 18  45  14  11   8  31   4
 15  12  17  30   5  10   7

 (0, 5)
 Knight's tour solution doesn't exist.

 (0, 6)
 49   6  39  42  15   4   1
 40  25  46   5   2  37  14
  7  48  41  38  43  16   3
 24  45  26  47  36  13  20
 27   8  35  44  19  30  17
 34  23  10  29  32  21  12
  9  28  33  22  11  18  31

 (1, 0)
 Knight's tour solution doesn't exist.

 (1, 1)
 Knight's tour solution doesn't exist.

 (1, 2)
 Knight's tour solution doesn't exist.

 (1, 3)
 Knight's tour solution doesn't exist.

 (1, 4)
 Knight's tour solution doesn't exist.

 (1, 5)
 13  32  15   8  11  42  35
 16   7  12  43  34   1  10
 31  14  33  24   9  36  41
  6  17  48  37  44  23   2
 27  30  25  20  47  40  45
 18   5  28  49  38   3  22
 29  26  19   4  21  46  39

 (1, 6)
 Knight's tour solution doesn't exist.

 (2, 0)
 35   2  49  40  37   4  31
 48  41  36   3  32  19  38
  1  34  43  46  39  30   5
 42  47  14  33  20  45  18
 13  24  21  44  29   6   9
 22  15  26  11   8  17  28
 25  12  23  16  27  10   7

 (2, 1)
 Knight's tour solution doesn't exist.

 (2, 2)
 13   2  49  36  11  28  25
 48  45  12  29  26  35  10
  3  14   1  46  37  24  27
 44  47  38  23  30   9  34
 15   4  43  40  33  22  19
 42  39   6  17  20  31   8
  5  16  41  32   7  18  21

 (2, 3)
 Knight's tour solution doesn't exist.

 (2, 4)
 Knight's tour solution doesn't exist.

 (2, 5)
 Knight's tour solution doesn't exist.

 (2, 6)
 49   4  17  30  13   2  15
 18  31  46   3  16  29  12
  5  48  19  32  45  14   1
 20  33  44  47  28  11  24
 43   6  37  34  25  40  27
 36  21   8  41  38  23  10
  7  42  35  22   9  26  39

 (3, 0)
 Knight's tour solution doesn't exist.

 (3, 1)
 21  10  27  48  19   8  25
 28  47  20   9  26  43  18
 11  22  29  46  49  24   7
 34   1  38  23  42  17  44
 37  12  35  30  45   6  41
  2  33  14  39   4  31  16
 13  36   3  32  15  40   5

 (3, 2)
 Knight's tour solution doesn't exist.

 (3, 3)
 19  22  17  42  29  24  27
 16  45  20  23  26  43  30
 21  18  49  44  41  28  25
 46  15  38   1  48  31  40
  9  12  47  34  39   2   5
 14  37  10   7   4  35  32
 11   8  13  36  33   6   3

 (3, 4)
 Knight's tour solution doesn't exist.

 (3, 5)
 25  34  19  44  27  30  21
 18  45  26  33  20  43  28
 35  24  49  42  29  22  31
 46  17  36  23  32   1  38
 11  14  41  48  37   4   7
 16  47  12   9   6  39   2
 13  10  15  40   3   8   5

 (3, 6)
 Knight's tour solution doesn't exist.

 (4, 0)
 35  12  49  40  37  10  31
 48  41  36  11  32  19  38
 13  34  43  46  39  30   9
 42  47  14  33  20  45  18
  1  24  21  44  29   8   5
 22  15  26   3   6  17  28
 25   2  23  16  27   4   7

 (4, 1)
 Knight's tour solution doesn't exist.

 (4, 2)
 25  10  27  42  19   8  21
 28  45  24   9  22  31  18
 11  26  43  30  41  20   7
 44  29  46  23  36  17  32
 49  12   1  40  33   6  35
  2  39  14  47   4  37  16
 13  48   3  38  15  34   5

 (4, 3)
 Knight's tour solution doesn't exist.

 (4, 4)
 21  40  11  48  29  38  13
 10  49  22  39  12  31  28
 41  20  47  30  43  14  37
 46   9  42  23  36  27  32
 19   6  35  44   1  24  15
  8  45   4  17  26  33   2
  5  18   7  34   3  16  25

 (4, 5)
 Knight's tour solution doesn't exist.

 (4, 6)
 Knight's tour solution doesn't exist.

 (5, 0)
 Knight's tour solution doesn't exist.

 (5, 1)
 Knight's tour solution doesn't exist.

 (5, 2)
 Knight's tour solution doesn't exist.

 (5, 3)
 25  10  27  46  19   8  21
 28  49  24   9  22  47  18
 11  26  37  48  45  20   7
 36  29  42  23  38  17  44
 41  12  39  32  43   6   3
 30  35  14   1   4  33  16
 13  40  31  34  15   2   5

 (5, 4)
 Knight's tour solution doesn't exist.

 (5, 5)
 29  26  19   6  21  44  49
 18   5  28  45  48   7  22
 27  30  25  20  37  46  43
  4  17  38  47  42  23   8
 31  14  33  24   9  36  41
 16   3  12  39  34   1  10
 13  32  15   2  11  40  35

 (5, 6)
 Knight's tour solution doesn't exist.

 (6, 0)
 33  14  21  46   7  12   9
 20  49  32  13  10  23   6
 15  34  45  22  47   8  11
 42  19  48  31  38   5  24
 35  16  41  44  25  30  27
 18  43   2  37  28  39   4
  1  36  17  40   3  26  29

 (6, 1)
 Knight's tour solution doesn't exist.

 (6, 2)
 35  18   5  48  37  20   7
  4  49  36  19   6  43  38
 17  34  47  44  41   8  21
 46   3  26  33  22  39  42
 13  16  45  40  27  30   9
  2  25  14  11  32  23  28
 15  12   1  24  29  10  31

 (6, 3)
 Knight's tour solution doesn't exist.

 (6, 4)
 15  12  17  42   5  10   7
 18  45  14  11   8  41   4
 13  16  49  38  43   6   9
 46  19  44  25  34   3  40
 29  26  37  48  39  24  33
 20  47  28  31  22  35   2
 27  30  21  36   1  32  23

 (6, 5)
 Knight's tour solution doesn't exist.

 (6, 6)
 27   6  49  38  15   4  17
 46  39  28   5  18  37  14
  7  26  45  48  29  16   3
 40  47  32  19  36  13  30
 25   8  41  44  31   2  21
 42  33  10  23  20  35  12
  9  24  43  34  11  22   1

 Took about 0.01 seconds.
 Success: 20 starting point(s).
 Failure: 29 starting point(s).
