 There are 121 starting points.
 Finding the solution from each starting point...

 (0, 0)
   1  104   31  112    3  114   99   54    5   56   87
  30  107    2  121   98  111    4  115   88   53    6
 105   32  103  108  113  120  117  100   55   86   57
  78   29  106   97  118  101  110   89  116    7   52
  33   94   77  102  109   90  119   72   85   58   43
  28   79   82   93   96   73   84   91   44   51    8
  81   34   95   76   83   92   71   68   59   42   45
  64   27   80   35   70   67   74   41   46    9   50
  21   24   63   66   75   38   69   60   49   12   15
  26   65   22   19   36   61   40   17   14   47   10
  23   20   25   62   39   18   37   48   11   16   13

 (0, 1)
 Knight's tour solution doesn't exist.

 (0, 2)
  23   20    1   56  105   18   49   58   63   16   47
   2   55   22   19   50   57  106   17   48   59   64
  21   24   53  112  109  104  115   62  107   46   15
  54    3  110   51  116  113  108  103   82   65   60
  25   52  117  120  111  102   81  114   61   14   45
   4  121   26  101   96  119   98   83   66   79   36
  27   74   95  118   99   76   89   80   37   44   13
  92    5  100   75   90   97   84   67   78   35   38
  73   28   91   94   85   68   77   88   41   12   43
   6   93   30   71    8   87   32   69   10   39   34
  29   72    7   86   31   70    9   40   33   42   11

 (0, 3)
 Knight's tour solution doesn't exist.

 (0, 4)
  97  116   29  120    1  106   31   48    3   50   33
  28  121   96  107   30  109    2   55   32   47    4
 117   98  115  110  119   54  105   78   49   34   51
 114   27  118   95  108  111  102   53   56    5   46
  83   92   99  112  101   88   79  104   77   52   35
  26  113   84   91   94  103   76   57   38   45    6
  85   82   93  100   87   80   89   74   59   36   39
  70   25   86   81   90   75   58   37   40    7   44
  19   22   71   68   65   62   73   60   43   10   13
  24   69   20   17   72   67   64   15   12   41    8
  21   18   23   66   63   16   61   42    9   14   11

 (0, 5)
 Knight's tour solution doesn't exist.

 (0, 6)
 109   40   23   36  113  106    1   26   33  104    3
  22   37  110  107   24   35  114  105    2   27   32
  41  108   39   94  121  112   25   34  115    4  103
  38   21   90  111   98   95  120  117  102   31   28
  89   42   99   76   93  118  101   96   29  116    5
  20   75   86   91  100   97   82  119   64   67   30
  43   88   77   72   85   92   79   68   83    6   65
  74   19   44   87   78   71   84   81   66   63   54
  13   16   73   50   47   80   69   62   55   58    7
  18   45   14   11   70   51   48    9   60   53   56
  15   12   17   46   49   10   61   52   57    8   59

 (0, 7)
 Knight's tour solution doesn't exist.

 (0, 8)
  93   96   27  100   83   64   29   46    1   48   31
  26  101   94   97   28  121   82   63   30   45    2
  95   92  105  114   99   84   65  120   47   32   49
 102   25   98   85  106  115  118   81   62    3   44
  91   76  113  104  117   80  107   66  119   50   33
  24  103   86   89  112  109  116   61   36   43    4
  77   90   75  110   79   88   67  108   51   34   37
  72   23   78   87   68  111   60   35   38    5   42
  17   20   71   74   57   54   69   52   41    8   11
  22   73   18   15   70   59   56   13   10   39    6
  19   16   21   58   55   14   53   40    7   12    9

 (0, 9)
 Knight's tour solution doesn't exist.

 (0, 10)
 121    8   77   80  117    6   75   56   23    4    1
  78   81  116    7   76   73  114    5    2   55   22
   9  120   79  106  115  118   71   74   57   24    3
  82  105  110  119   72  101   68  113   70   21   54
 109   10   95  104  107  112   99   60   53   58   25
  92   83  108  111  100   67  102   69   26   61   20
  11   96   91   94  103   98   63   66   59   52   27
  84   93   38   97   64   89   42   51   62   19   44
  37   12   85   90   41   50   65   48   43   28   31
  86   39   14   35   88   47   16   33   30   45   18
  13   36   87   40   15   34   49   46   17   32   29

 (1, 0)
 Knight's tour solution doesn't exist.

 (1, 1)
  51   18   53    2   49  114   97    4   47   44   69
  54    1   50  117   98    3   48  115   70    5   46
  19   52   17   56  121  116  113   96   45   68   43
  16   55  118   99  110   95  120  105  112   71    6
  79   20   57   94  119  106  111   72  103   42   67
  58   15   80  109  100   93  104  107   74    7   40
  21   78   59   88   85  108   73  102   41   66   31
  14   81   22   77   92  101   86   75   30   39    8
  23   60   89   84   87   76   91   36   65   32   29
  82   13   62   25   90   11   64   27   34    9   38
  61   24   83   12   63   26   35   10   37   28   33

 (1, 2)
 Knight's tour solution doesn't exist.

 (1, 3)
  97    2   99  104   85   24   87   26   17   22   19
 100  109   96    1   94  103   84   23   20   27   16
   3   98  101  110  105   86   25   88   29   18   21
 108  111  118   95  102   93   64   83   62   15   28
 121    4  115  106  119   82   89   54   59   30   61
 112  107  120  117   92   65   80   63   68   55   14
   5  116   77  114   81   90   67   58   53   60   31
  76  113   42   91   66   79   46   69   56   13   48
  41    6   75   78   45   70   57   52   47   32   35
  74   43    8   39   72   51   10   37   34   49   12
   7   40   73   44    9   38   71   50   11   36   33

 (1, 4)
 Knight's tour solution doesn't exist.

 (1, 5)
  51   18   53   16   49  114   97    2   47   44   69
  54   15   50  117   98    1   48  115   70    3   46
  19   52   17   56  121  116  113   96   45   68   43
  14   55  118   99  110   95  120  105  112   71    4
  79   20   57   94  119  106  111   72  103   42   67
  58   13   80  109  100   93  104  107   74    5   40
  21   78   59   88   85  108   73  102   41   66   31
  12   81   22   77   92  101   86   75   30   39    6
  23   60   89   84   87   76   91   36   65   32   29
  82   11   62   25   90    9   64   27   34    7   38
  61   24   83   10   63   26   35    8   37   28   33

 (1, 6)
 Knight's tour solution doesn't exist.

 (1, 7)
  69   52   25   50   67   90   27  104   65    2   29
  24   49   68   91   26  121   66    1   28   83   64
  53   70   51  114   89   72  105  120  103   30    3
  48   23   92   71  106  115  118   73   84   63   82
  39   54  113   88  117   86  107  102  119    4   31
  22   47   40   93  112  109  116   85   74   81   62
  41   38   55  110   87   96   75  108  101   32    5
  46   21   42   37   94  111   98   33   76   61   80
  15   18   45   56   97   34   95  100   79    6    9
  20   43   16   13   36   99   58   11    8   77   60
  17   14   19   44   57   12   35   78   59   10    7

 (1, 8)
 Knight's tour solution doesn't exist.

 (1, 9)
  23   64   25   14   21   62  107   16   19   58   55
  26   13   22   63  112   15   20   59   56    1   18
  65   24  121   28   97  106   61  108   17   54   57
  12   27   66  113  120  111   96   87   60   77    2
  67  114   29  118  105   98  109   78   89   80   53
  30   11  102  115  110  119   88   95   86    3   76
  39   68  117   70  101  104   99   90   79   52   81
  10   31   40  103  116   71   94   85   92   75    4
  41   38   69   34   45  100   91   74   49   82   51
  32    9   36   43   72    7   46   93   84    5   48
  37   42   33    8   35   44   73    6   47   50   83

 (1, 10)
 Knight's tour solution doesn't exist.

 (2, 0)
  31    2   29   42   33    4   51   40   35    6   53
  28   43   32    3   50   41   34    5   52   39   36
   1   30   47   44   85   82   49   78   37   54    7
  46   27   92   95   48  113   86   83   56   77   38
  91   94   45  106   87   84   81  112   79    8   55
  26  105   96   93  114  107  110   71   74   57   76
  97   90  121  104  109   88  115   80  111   72    9
 102   25   98   89  120  117  108   73   70   75   58
  19   22  103  118   99   66   69  116   61   10   13
  24  101   20   17   68  119   64   15   12   59   62
  21   18   23  100   65   16   67   60   63   14   11

 (2, 1)
 Knight's tour solution doesn't exist.

 (2, 2)
  27    2   77   36   29   24   87   34   17   22   19
  76   37   28   25   86   35   30   23   20   33   16
   3   26    1   78  105  118   85   88   31   18   21
  38   75   82  121   84  103  100  109   92   15   32
  81    4   79  104  117  106  119  102   89   54   91
  74   39  114   83  120  101  110   99  108   93   14
   5   80   71   96  113  116  107   94   55   90   53
  40   73   64  115   70   95   98  111   68   13   46
  63    6   61   72   97  112   69   56   47   52   49
  60   41    8   65   58   43   10   67   50   45   12
   7   62   59   42    9   66   57   44   11   48   51

 (2, 3)
 Knight's tour solution doesn't exist.

 (2, 4)
  59   54   27   52   61    2   29   68   63    4   31
  26   51   60   57   28   69   62    3   30   67   64
  55   58   53   70    1   94  119   98   65   32    5
  50   25   56   93  118  103  112   95  116   97   66
  41   92   71   90  113  120  117  104   99    6   33
  24   49   42  121  102  111  100  115   96  105   86
  43   40   91   72   89  114  109  106   87   34    7
  48   23   44   39  110  101   88   35  108   85   80
  17   20   47   76   73   36  107   84   81    8   11
  22   45   18   15   38   77   74   13   10   79   82
  19   16   21   46   75   14   37   78   83   12    9

 (2, 5)
 Knight's tour solution doesn't exist.

 (2, 6)
 121   48   61   16  105   50   59    2   19   52   57
  62   15  118   49   60   17  106   51   58    3   20
  47  120   63  110  107  104    1   18   93   56   53
  14  117   46  119   64  109   96  103   54   21    4
  45  114  111  108   97  102   65   94   87   92   55
 112   13  116   77   84   95   88   91   66    5   22
 115   44  113   98  101   76   67   86   89   74   31
  12   99   78   83   68   85   90   75   32   23    6
  43   82   41  100   79   70   37   26   73   30   33
  40   11   80   69   38    9   72   35   28    7   24
  81   42   39   10   71   36   27    8   25   34   29

 (2, 7)
 Knight's tour solution doesn't exist.

 (2, 8)
   7   28    9   80    5   26   49   78    3   24   43
  10   81    6   27   50   79    4   25   42   77    2
  29    8  113   82  121   48  107   76    1   44   23
 112   11  118   51  110   83  120   47  108   41   74
  53   30  111  114  119  106  109   84   75   22   45
  12  117   52  105  100  115  102   91   46   73   40
  31   54   99  116  103   66   93   72   85   62   21
  96   13  104   65   94  101   90   63   92   39   70
  55   32   95   98   89   64   67   86   71   20   61
  14   97   34   57   16   87   36   59   18   69   38
  33   56   15   88   35   58   17   68   37   60   19

 (2, 9)
 Knight's tour solution doesn't exist.

 (2, 10)
  97    6   95   78   99    4   25   76   21    2   23
  94   79   98    5   92   77  100    3   24   27   20
   7   96   93  106  121  102   91   26   75   22    1
  80  111  118  103   90  107   74  101   32   19   28
 117    8  105  112  109  120   49   88   29   72   31
  60   81  110  119  104   89  108   73   50   33   18
   9  116   59   82  113   68   87   48   71   30   43
  58   61  114   67   86   65   70   51   44   17   34
 115   10   83   64   69   52   47   54   37   42   39
  62   57   12   85   66   55   14   45   40   35   16
  11   84   63   56   13   46   53   36   15   38   41

 (3, 0)
 Knight's tour solution doesn't exist.

 (3, 1)
  67   64    3   56   77  114    5   54   79   82    7
   2   57   66  117    4   55   78  113    6   53   80
  65   68   63   76  121  110  115  100   81    8   83
  58    1  118   73  116  101  106   85  112   91   52
  69   62   75  104  109  120  111   90   99   84    9
  24   59   72  119   74  105  102  107   86   51   92
  61   70   25   96  103  108   89   98   93   10   35
  26   23   60   71   40   97   94   45   36   87   50
  17   20   29   42   95   44   39   88   49   34   11
  22   27   18   15   30   41   46   13   32   37   48
  19   16   21   28   43   14   31   38   47   12   33

 (3, 2)
 Knight's tour solution doesn't exist.

 (3, 3)
  27   24   29  116  105   22  113   98   15   20   17
  30   91   26   23  120  115  106   21   18   97   14
  25   28  121  104  117  112  109  114   99   16   19
  90   31   92    1  110  119  102  107   96   13   78
  83    2   87  118  103  108  111  100   79   42   51
  32   89   82   93   86  101   80   95   52   77   12
   3   84   73   88   81   94   67   76   43   50   41
  72   33   60   85   70   75   64   53   68   11   44
  59    4   71   74   63   54   69   66   47   40   49
  34   61    6   57   36   65    8   55   38   45   10
   5   58   35   62    7   56   37   46    9   48   39

 (3, 4)
 Knight's tour solution doesn't exist.

 (3, 5)
  99  104   29   92   97  114   31   90    3   88   33
  28   93   98  121   30   91    2  115   32   47    4
 105  100  103   96  113  120  117   48   89   34   87
  94   27  106  101  118    1  112   85  116    5   46
  71  102   95   82  107  110  119   78   49   86   35
  26   81   72  109   68   79   84  111   38   45    6
  73   70   67   80   83  108   61   50   77   36   39
  58   25   74   69   60   65   76   37   40    7   44
  19   22   59   66   75   62   51   54   43   10   13
  24   57   20   17   52   55   64   15   12   41    8
  21   18   23   56   63   16   53   42    9   14   11

 (3, 6)
 Knight's tour solution doesn't exist.

 (3, 7)
  71   82   23  114   69   80   25  104   67   78   27
  22  117   70   81   24  113   68   79   26   99   66
  83   72  121  110  115   74  105  100  103   28   77
 118   21  116   73  106  101  112    1   76   65   98
  43   84  109  120  111   94   75  102   97    2   29
  20  119   44   85   92  107   96   59   32   57   64
  45   42   89  108   95   50   93   56   63   30    3
  88   19   46   41   86   91   60   31   58   33   54
  13   16   87   90   49   38   51   62   55    4    7
  18   47   14   11   40   61   36    9    6   53   34
  15   12   17   48   37   10   39   52   35    8    5

 (3, 8)
 Knight's tour solution doesn't exist.

 (3, 9)
 Knight's tour solution doesn't exist.

 (3, 10)
 Knight's tour solution doesn't exist.

 (4, 0)
 109  118  107   34  101   94   91   36   53   58   55
 106   33  110  117   92   35  100   59   56   37   52
 121  108  119  104   95  102   93   90   63   54   57
  32  105  116  111  114   99   64   97   60   51   38
   1  120  113   82  103   96   89   76   65   62   47
  72   31   86  115  112   81   98   61   48   39   50
  85    2   73   80   83   88   75   66   77   46   13
  30   71   84   87   74   67   78   45   14   49   40
   3   24   27   70   79   20   17   68   41   12    9
  26   29   22    5   18   69   44    7   10   15   42
  23    4   25   28   21    6   19   16   43    8   11

 (4, 1)
 Knight's tour solution doesn't exist.

 (4, 2)
  73   18   45   50   77   16   43   52   57   14   41
  46   49   74   17   44   51   78   15   42   53   58
  19   72   47   76   81   84   99   56   79   40   13
  48   75   82   97  102   87   80   85  100   59   54
  71   20    1  114   83   98  101   88   55   12   39
   2  117   70  103   96  113   86  105   60   89   30
  21   68  121  112  115  104   95   92   31   38   11
 118    3  116   69  110   93  106   61   90   29   32
  67   22  111  120  107   62   91   94   35   10   37
   4  119   24   65    6  109   26   63    8   33   28
  23   66    5  108   25   64    7   34   27   36    9

 (4, 3)
 Knight's tour solution doesn't exist.

 (4, 4)
 121  116   39   14   37  108   57   16   35   32   59
  40   13  120  115  110   15   36   65   58   17   34
 117  114  111   38  107   64  109   56   33   60   31
  12   41  104  119  112   55   76   63   66   53   18
 103  118  113  100    1  106   67   54   69   30   61
  42   11  102  105   98   77    2   75   62   19   52
  87   96   99   80  101   74   93   68    3   70   29
  10   43   88   97   94   81   78   73   20   51    4
  89   86   95   82   79   92   25   48   71   28   21
  44    9   84   91   46    7   72   23   26    5   50
  85   90   45    8   83   24   47    6   49   22   27

 (4, 5)
 Knight's tour solution doesn't exist.

 (4, 6)
  87   50   23   48   85   80   25   82   63   78   27
  22   47   86   91   24   83  104   79   26   65   62
  51   88   49   84  121   90   81   64  103   28   77
  46   21  118   89   92  107  114  105   76   61   66
  37   52   93  108  117  120    1  100   67  102   29
  20   45   38  119   94  113  106  115    2   75   60
  39   36   53  112  109  116   99   68  101   30    3
  44   19   40   35   98   95  110   31   74   59   70
  13   16   43   54  111   32   73   96   69    4    7
  18   41   14   11   34   97   56    9    6   71   58
  15   12   17   42   55   10   33   72   57    8    5

 (4, 7)
 Knight's tour solution doesn't exist.

 (4, 8)
  79   98   25   60   77  108   27   58   91  112   29
  24   61   78  107   26   59  118  113   28   57   90
  99   80   97   76  121  102  109   92  117   30  111
  62   23  106  101  104   93  114  119  110   89   56
  41  100   81   96   75  120  103   94    1  116   31
  22   63   42  105   82   95   74  115   88   55    2
  43   40   83   66   71   48   85   54   73   32   87
  64   21   44   39   84   67   72   33   86    3   52
  15   18   65   70   47   36   49   68   53    6    9
  20   45   16   13   38   69   34   11    8   51    4
  17   14   19   46   35   12   37   50    5   10    7

 (4, 9)
 Knight's tour solution doesn't exist.

 (4, 10)
 109   72   19   68  107  120   21   52   25   54   23
  18   69  108  121   20   67  106   81   22   51   26
  73  110   71   94  119  104  113   66   53   24   55
  70   17  118  111  114   95   82  105   80   27   50
 117   74   93   90  103  112  101   84   65   56    1
  16   91   98  115  100   83   96   79   46   49   28
  75  116   89   92   97  102   85   64   57    2   47
  88   15   76   99   86   63   78   45   48   29   40
   9   12   87   62   77   44   37   58   41   32    3
  14   61   10    7   36   59   42    5   34   39   30
  11    8   13   60   43    6   35   38   31    4   33

 (5, 0)
 Knight's tour solution doesn't exist.

 (5, 1)
  51   18   53   14   49  114   97   12   47   44   69
  54   15   50  117   98   13   48  115   70   11   46
  19   52   17   56  121  116  113   96   45   68   43
  16   55  118   99  110   95  120  105  112   71   10
  79   20   57   94  119  106  111   72  103   42   67
  58    1   80  109  100   93  104  107   74    9   40
  21   78   59   88   85  108   73  102   41   66   31
   2   81   22   77   92  101   86   75   30   39    8
  23   60   89   84   87   76   91   36   65   32   29
  82    3   62   25   90    5   64   27   34    7   38
  61   24   83    4   63   26   35    6   37   28   33

 (5, 2)
 Knight's tour solution doesn't exist.

 (5, 3)
  81   36   51   56   85   38   49   58   77   40   47
  52   55   80   37   50   57   78   39   48   59   76
  35   82   53   86   79   84  113  118   75   46   41
  54   87   72   83  100  121   74  109  112  117   60
  71   34   99   94   73  108  111  114  119   42   45
  88   31   70    1  106  101  120   43  110   61  116
  33    2   93   98   95   68  107  102  115   44   13
  30   89   32   69   92  105   96   67   14  103   62
   3   24   27   90   97   20   17  104   63   12    9
  26   29   22    5   18   91   66    7   10   15   64
  23    4   25   28   21    6   19   16   65    8   11

 (5, 4)
 Knight's tour solution doesn't exist.

 (5, 5)
 109  106   29   96   99   70   31   86   77   68   33
  28   97  110  107   30   87   78   69   32   85   76
 121  108  105   98   95  100   71   88   75   34   67
 104   27  118  111  102   89   94   79   72   61   84
 117  120  103   90   93   80  101   74   83   66   35
  26   91  112  119   56    1   82   65   60   73   62
 113  116   55   92   81   42   57    2   63   36   59
  46   25  114   41   50   53   64   37   58    3   16
 115   22   47   54   43   38   13   52   17    6    9
  24   45   20   49   40   51   18   11    8   15    4
  21   48   23   44   19   12   39   14    5   10    7

 (5, 6)
 Knight's tour solution doesn't exist.

 (5, 7)
  57  114   19  120   55   30   21   32   53   28   23
  18  119   56  101   20   95   54   29   22   33   52
 113   58  115   94  121  102   31   92   51   24   27
 118   17  112  109  100   93   96   83   26   85   34
  59  110   99  116  103  108   91   86   81   50   25
  16  117  104  111   90   97   82    1   84   35   76
 105   60   89   98  107   66   87   80   75    2   49
  70   15  106   61   88   79   74   65   48   77   36
   9   12   69   72   67   62   47   78   39   42    3
  14   71   10    7   46   73   64    5   44   37   40
  11    8   13   68   63    6   45   38   41    4   43

 (5, 8)
 Knight's tour solution doesn't exist.

 (5, 9)
  23   64   25   12   21   62  107   14   19   58   55
  26   11   22   63  112   13   20   59   56   15   18
  65   24  121   28   97  106   61  108   17   54   57
  10   27   66  113  120  111   96   87   60   77   16
  67  114   29  118  105   98  109   78   89   80   53
  30    9  102  115  110  119   88   95   86    1   76
  39   68  117   70  101  104   99   90   79   52   81
   8   31   40  103  116   71   94   85   92   75    2
  41   38   69   34   45  100   91   74   49   82   51
  32    7   36   43   72    5   46   93   84    3   48
  37   42   33    6   35   44   73    4   47   50   83

 (5, 10)
 Knight's tour solution doesn't exist.

 (6, 0)
  53   22  121   62   55   20  109   60   13   18   15
 118   63   54   21  120   61   56   19   16   59   12
  23   52  119  114   67  110   89  108   57   14   17
  64  117   66  111  102  115   68   91   88   11   58
  51   24  101  116  113   90  107   86   69   40   71
 100   65  112  103  106   97   92   81   72   87   10
   1   50   25   98   93  104   85   96   41   70   39
  26   99   78  105   84   95   80   73   82    9   32
  49    2   47   94   79   74   83   42   33   38   35
  46   27    4   77   44   29    6   75   36   31    8
   3   48   45   28    5   76   43   30    7   34   37

 (6, 1)
 Knight's tour solution doesn't exist.

 (6, 2)
  47   64   49   14   45   68   87   12   43   40   97
  50   15   46   69   86   13   44  103   96   11   42
  63   48   65   84   67  102   95   88   41   98   39
  16   51   70   93   82   85  114  101  104   89   10
  71   62   83   66  117   94  105   90  113   38   99
  52   17   72   81   92  121  110  115  100    9   36
  61   80    1  118   73  116   91  106   37  112   27
   2   53   18   75   78  109  120  111   26   35    8
  19   60   79   56  119   74   77   32  107   28   25
  54    3   58   21   76    5  108   23   30    7   34
  59   20   55    4   57   22   31    6   33   24   29

 (6, 3)
 Knight's tour solution doesn't exist.

 (6, 4)
 113   50   53   20  111  106   55   22   91   70   57
  52   19  112  121   54   21  108   71   56   23   90
  49  114   51  110  107  120  105   92  103   58   69
  18   79  100  115  118  109  102   95   72   89   24
  99   48  117   80  101   96  119  104   93   68   59
  36   17   78   97  116   81   94   73   88   25   66
  47   98   37   84    1   74   87   82   67   60    9
  16   35   46   77   86   83    2   61   10   65   26
  41   38   85   32   45   62   75   64   27    8    5
  34   15   40   43   76   13   30    3    6   11   28
  39   42   33   14   31   44   63   12   29    4    7

 (6, 5)
 Knight's tour solution doesn't exist.

 (6, 6)
 121  118   19  112  107   44   21   46   77   42   23
  18  113  116  119   20  103   92   43   22   47   76
 117  120  111  106  115  108   45   78   93   24   41
 100   17  114  109  102   95  104   91   66   75   48
  57  110  101   96  105   90   67   94   79   40   25
  16   99   58   89   84   97   80   65   38   49   74
  59   56   85   98   81   64    1   68   73   26   39
  86   15   60   55   88   83   72   37    2   69   50
   9   12   87   82   63   34   53   70   27   30    3
  14   61   10    7   54   71   36    5   32   51   28
  11    8   13   62   35    6   33   52   29    4   31

 (6, 7)
 Knight's tour solution doesn't exist.

 (6, 8)
  37  102   39   12   35   98   91   14   33   30   69
  40   11   36  101   92   13   34   97   70   15   32
 113   38  103   42  121   94   99   90   31   68   29
  10   41  114   93  100   89  120   71   96   55   16
  85  112   43  104  115  118   95   56   67   28   59
  44    9   86  117   88  105   72  119   58   17   54
 111   84   79  106  109  116   57   66    1   60   27
   8   45  110   87   78   65  108   73   18   53    2
  83   80   77   64  107   74   23   50   61   26   19
  46    7   82   75   48    5   62   21   24    3   52
  81   76   47    6   63   22   49    4   51   20   25

 (6, 9)
 Knight's tour solution doesn't exist.

 (6, 10)
  65   48   21   46   63   90   23  108   61   88   25
  20   45   64   91   22  109   62   89   24  107   60
  49   66   47   70  113   92  121  106  103   26   87
  44   19  112   67  118   71  110   93  120   59  104
  35   50   69   72  111  114  119  102  105   86   27
  18   43   36  117   68   99   74  115   94  101   58
  37   34   51   76   73  116   95  100   85   28    1
  42   17   38   33   98   75   78   29   96   57   80
  11   14   41   52   77   30   97   84   79    2    5
  16   39   12    9   32   83   54    7    4   81   56
  13   10   15   40   53    8   31   82   55    6    3

 (7, 0)
 Knight's tour solution doesn't exist.

 (7, 1)
 109   16   43   48  113   14   41   50   55   12   39
  44   47  110   15   42   49  112   13   40   51   56
  17  108   45  114  111  102   93   54   95   38   11
  46  117  104  107  100  115   96   91   78   57   52
 105   18  121  116  103   92  101   94   53   10   37
 118   85  106   99  120   97   90   79   58   77   28
  19   82  119   86   89   80   73   76   29   36    9
  84    1   66   81   98   87   70   59   74   27   30
  65   20   83   88   69   60   75   72   33    8   35
   2   67   22   63    4   71   24   61    6   31   26
  21   64    3   68   23   62    5   32   25   34    7

 (7, 2)
 Knight's tour solution doesn't exist.

 (7, 3)
  67   14   41   46   69   12   39   48   53   10   37
  42   45   68   13   40   47   70   11   38   49   54
  15   66   43  110   73  118   93   52   71   36    9
  44  113   74  121  102  111   72  119   94   55   50
  65   16  109  112  117  120  101   92   51    8   35
 106   75  114   99  108  103  116   95   56   87   26
  17   64  107  104  115  100   91   86   27   34    7
  76  105   98    1   90   85   96   57   88   25   28
  63   18   79   82   97   58   89   84   31    6   33
  80   77   20   61    2   83   22   59    4   29   24
  19   62   81   78   21   60    3   30   23   32    5

 (7, 4)
 Knight's tour solution doesn't exist.

 (7, 5)
  57   18   91   66   59   16   83   64    9   14   11
  90   67   58   17   92   65   60   15   12   63    8
  19   56   93   86   73   82  121   84   61   10   13
  68   89   72  113  118   85   74   81  108    7   62
  55   20   69   94   87  114  109  120   75   46   77
  30   71   88  117  112  119   80  103   78  107    6
  21   54   31   70   95  110  115  106   47   76   45
  32   29   96  111  116    1  102   79  104    5   38
  53   22   51   26   97  100  105   48   39   44   41
  28   33   24   99   50   35    2  101   42   37    4
  23   52   27   34   25   98   49   36    3   40   43

 (7, 6)
 Knight's tour solution doesn't exist.

 (7, 7)
  67   72   21   56   65   76   23   54   95   80   25
  20   57   66   75   22   55   96   81   24   53   94
  71   68   73   64   97   82   77  112   93   26   79
  58   19   84   69   74  121   92   99   78  105   52
  39   70   63  118   83   98  113  106  111   90   27
  18   59   40   85  114  109  120   91  100   51  104
  41   38  117   62  119   86  107  110  103   28   89
  60   17   42   37  108  115   46    1   88  101   50
  11   14   61  116   45   34   87  102   29    2    5
  16   43   12    9   36   47   32    7    4   49   30
  13   10   15   44   33    8   35   48   31    6    3

 (7, 8)
 Knight's tour solution doesn't exist.

 (7, 9)
  79   98   23   58   77  108   25   56   91  112   27
  22   59   78  107   24   57  118  113   26   55   90
  99   80   97   76  121  102  109   92  117   28  111
  60   21  106  101  104   93  114  119  110   89   54
  39  100   81   96   75  120  103   94   73  116   29
  20   61   40  105   82   95   74  115   88   53   72
  41   38   83   64   69   46   85   52   71   30   87
  62   19   42   37   84   65   70   31   86    1   50
  13   16   63   68   45   34   47   66   51    4    7
  18   43   14   11   36   67   32    9    6   49    2
  15   12   17   44   33   10   35   48    3    8    5

 (7, 10)
 Knight's tour solution doesn't exist.

 (8, 0)
  91   52   29   48   99   74   31   46   97   70   33
  28   49   92   75   30   47   98   71   32   45   96
  53   90   51  100   93  102   73  114   95   34   69
  50   27   80  103   76  117   94  105   72  113   44
  79   54   89   86  101  104  121  110  115   68   35
  26   81   64   77  118   87  116   67  106   43  112
  55   78   85   88   63   66  109  120  111   36   11
  82   25   56   65   84  119   60   37   12  107   42
   1   22   83   62   59   18   15  108   41   10    7
  24   57   20    3   16   61   38    5    8   13   40
  21    2   23   58   19    4   17   14   39    6    9

 (8, 1)
 Knight's tour solution doesn't exist.

 (8, 2)
 113   16   43   48  117   14   41   50   55   12   39
  44   47  114   15   42   49  116   13   40   51   56
  17  112   45  118  115  110   85   54   87   38   11
  46  121  104  111   84  119   88  109   74   57   52
 103   18   99  120  105  108   73   86   53   10   37
 100   95  102   83   98   89  106   75   58   71   28
  19   66   97   90  107   68   81   72   29   36    9
  96  101   94   67   82   91   76   59   70   27   30
  65   20    1   92   77   60   69   80   33    8   35
   2   93   22   63    4   79   24   61    6   31   26
  21   64    3   78   23   62    5   32   25   34    7

 (8, 3)
 Knight's tour solution doesn't exist.

 (8, 4)
  71  120   35   82   69   58   37   64   67   56   39
  34   81   70  121   36   83   68   57   38   63   66
 119   72  115   84  113  100   59   90   65   40   55
  80   33  112  101  116   93  110   95   60   91   62
  73  118   85  114  111  102   99   92   89   54   41
  32   79   50  117   98  109   94   53   96   61   20
  49   74  107   86  103   52   97   88   21   42    9
  78   31   48   51  108   87  104   43   10   19   22
  47   28   75  106    1   44   13   16   23    8    5
  30   77   26   45   14  105   24    3    6   11   18
  27   46   29   76   25    2   15   12   17    4    7

 (8, 5)
 Knight's tour solution doesn't exist.

 (8, 6)
  85   38   87   10   69   40   49    8   51   42   47
  88   11   84   39   90    9   68   41   48    7   52
  37   86   89  114   83   70   81   50   55   46   43
  12  117   36   91   80  113   76   67   44   53    6
  35   92  121  110  115   82   71   54   75   56   45
 118   13  116   93  106   79  112   77   66    5   22
  95   34  109  120  111  102   65   72   23   74   57
  14  119   94  105   64  107   78  103   58   21    4
  33   96   31  108  101  104    1   18   73   24   59
  30   15   98   63   28   17  100   61   26    3   20
  97   32   29   16   99   62   27    2   19   60   25

 (8, 7)
 Knight's tour solution doesn't exist.

 (8, 8)
  33   76   15  114   35   74   17  104   37   72   19
  14  117   34   75   16  113   36   73   18   97   38
  77   32  121  110  115   80  105  100  103   20   71
 118   13  116   79  106  101  112   81   96   39   98
  31   78  109  120  111   82   93  102   99   70   21
  12  119   52   83   92  107   90   69   46   95   40
  53   30   87  108   89   68   65   94   63   22   45
  86   11   54   51   84   91   58   47   66   41   62
  29    8   85   88   57   48   67   64    1   44   23
  10   55    6   27   50   59    4   25   42   61    2
   7   28    9   56    5   26   49   60    3   24   43

 (8, 9)
 Knight's tour solution doesn't exist.

 (8, 10)
 101   46   17   42   99  118   19   40   67   72   21
  16   43  100  119   18   41   96   79   20   39   68
  47  102   45   98  121  112  117   66   71   22   73
  44   15  120  113  116   97   80   95   78   69   38
 109   48  103   86  111  114  105   70   65   74   23
  14   85  110  115  104   81   94   77   90   37   56
  49  108   87   82   93  106   89   64   57   24   75
  84   13   50  107   88   63   58   91   76   55   36
   7   10   83   62   59   92   33   54   25   28    1
  12   51    8    5   32   53   60    3   30   35   26
   9    6   11   52   61    4   31   34   27    2   29

 (9, 0)
 Knight's tour solution doesn't exist.

 (9, 1)
  69  110   71   12   67   78   85   10   65   62   83
  72   13   68  121  108   11   66   79   84    9   64
 111   70  109  106   77  120   95   86   63   82   61
  14   73  112  115  118  107  100   97   80   87    8
  45  114  117   76  105   96  119   94   99   60   81
  74   15   46  113  116  101   98   59   92    7   88
  37   44   75  104   49   58   93  102   89   56   25
  16   47   36   43   32  103   50   57   26   91    6
  35   38   17   48   51   42   31   90   55   24   27
  18    1   40   33   20    3   52   29   22    5   54
  39   34   19    2   41   30   21    4   53   28   23

 (9, 2)
 Knight's tour solution doesn't exist.

 (9, 3)
  91   70   13   54   99   84   15   52   97   80   17
  12   55   92   85   14   53   98   81   16   51   96
  69   90   71  100   93  102   83  114   95   18   79
  56   11   68  103   86  117   94  105   82  113   50
  61   72   89   74  101  104  121  110  115   78   19
  10   57   60   67  118   87  116   77  106   49  112
  59   62   73   88   75   66  109  120  111   20   35
  28    9   58   63   40  119   76   65   36  107   48
   3    6   29   42   25   64   39  108   47   34   21
   8   27    4    1   30   41   44   23   32   37   46
   5    2    7   26   43   24   31   38   45   22   33

 (9, 4)
 Knight's tour solution doesn't exist.

 (9, 5)
  69  110   71   10   67   78   85    8   65   62   83
  72   11   68  121  108    9   66   79   84    7   64
 111   70  109  106   77  120   95   86   63   82   61
  12   73  112  115  118  107  100   97   80   87    6
  45  114  117   76  105   96  119   94   99   60   81
  74   13   46  113  116  101   98   59   92    5   88
  37   44   75  104   49   58   93  102   89   56   25
  14   47   36   43   32  103   50   57   26   91    4
  35   38   17   48   51   42   31   90   55   24   27
  18   15   40   33   20    1   52   29   22    3   54
  39   34   19   16   41   30   21    2   53   28   23

 (9, 6)
 Knight's tour solution doesn't exist.

 (9, 7)
  73   52   25   50   71  104   27   68  115   92   29
  24   49   72  105   26   69  114   93   28   67  116
  53   74   51   70  121  106  103  110  117   30   91
  48   23  120   75   98  113  118  107   94  111   66
  39   54   77   82  119  102   99  112  109   90   31
  22   47   40   97   76   83  108   95  100   65   88
  41   38   55   78   81   96  101   84   89   32    7
  46   21   42   37   56   85   80   33    8   87   64
  15   18   45   58   79   34   11   86   63    6    3
  20   43   16   13   36   57   60    1    4    9   62
  17   14   19   44   59   12   35   10   61    2    5

 (9, 8)
 Knight's tour solution doesn't exist.

 (9, 9)
 103   40   43   10  101  114   45   12   77   86   47
  42    9  102  117   44   11   88  115   46   13   76
  39  104   41  100  121  116  113   78   87   48   85
   8   99  118  105  110   89  120   83  112   75   14
  97   38   93   90  119  106  111   74   79   84   49
  26    7   98  109   94   91   82  107   66   15   60
  37   96   27   92   63  108   73   80   61   50   67
   6   25   36   95   72   81   62   65   68   59   16
  31   28   71   22   35   64   69   58   17   54   51
  24    5   30   33   70    3   20   53   56    1   18
  29   32   23    4   21   34   57    2   19   52   55

 (9, 10)
 Knight's tour solution doesn't exist.

 (10, 0)
 Knight's tour solution doesn't exist.

 (10, 1)
 Knight's tour solution doesn't exist.

 (10, 2)
 107   84    7   98   87   68    9   72   89   66   11
   6   99  106   85    8  101   88   67   10   71   74
  83  108   97  100  105   86   69   90   73   12   65
  96    5  118  109  112   91  102   63   70   75   60
 121   82  113   92  119  104  111   76   61   64   13
   4   95  120  117  110   93   62  103   52   59   46
  25  114   81   94   49  116   77   58   47   14   53
  80    3   26  115   78   57   48   51   54   45   36
  21   24   79   32   29   50   55   44   37   40   15
   2   27   22   19   56   33   30   17   42   35   38
  23   20    1   28   31   18   43   34   39   16   41

 (10, 3)
 Knight's tour solution doesn't exist.

 (10, 4)
 107   18   73   70  105   16   75   88    9   14   11
  72   69  106   17   74   91   94   15   12   61    8
  19  108   71  114   93  104   89   76   87   10   13
  68  121   98  109   90  115   92   95   62    7   60
  99   20  113  120  117   96  103   86   77   36   43
 112   67  118   97  110   83  116   63   44   59    6
  21  100  111   82  119  102   85   78   37   42   35
  52   81   66  101   84   79   64   45   58    5   38
  25   22   53   80   65   46   57   48   41   34   31
  54   51   24   27   56   49    2   29   32   39    4
  23   26   55   50    1   28   47   40    3   30   33

 (10, 5)
 Knight's tour solution doesn't exist.

 (10, 6)
 105   12   39   44  113   10   37   46   51    8   35
  40   43  106   11   38   45  112    9   36   47   52
  13  104   41  114  107  110   77   50   75   34    7
  42  121   90  109   78  115   74  111   72   53   48
 103   14  101  120  117  108   79   76   49    6   33
  98   89  118   91  100   93  116   73   54   71   24
  15  102   99   94  119   82   69   80   25   32    5
  88   97   62   83   92   95   66   55   70   23   26
  61   16   87   96   65   56   81   68   29    4   31
  86   63   18   59   84   67   20   57    2   27   22
  17   60   85   64   19   58    1   28   21   30    3

 (10, 7)
 Knight's tour solution doesn't exist.

 (10, 8)
 121   16  119   86   67   14   69   88    7   12    9
 118   85  116   15  114   87   66   13   10   73    6
  17  120  113  100  111   68  107   70   89    8   11
  84  117  110  115  106  101   90   65   74    5   72
  97   18   99  112   91  108   93  102   71   32   55
  44   83   96  109   94  105   64   53   56   75    4
  19   98   45   80   63   92  103   78   33   54   31
  82   43   62   95  104   79   52   57   76    3   34
  61   20   81   46   49   58   77   38   25   30   27
  42   47   22   59   40   37   24   51   28   35    2
  21   60   41   48   23   50   39   36    1   26   29

 (10, 9)
 Knight's tour solution doesn't exist.

 (10, 10)
  51   10   87   62   53    8   79   60   55    6   75
  88   63   52    9  102   61   54    7   76   59   56
  11   50  101   86   69   80  121   78   57   74    5
  64   89   68  105  114  103   70   81  120   77   58
  49   12   65  100   85  106  115  118   71    4   73
  38   67   90  113  104  117   84  107   82  119   22
  13   48   37   66   99  112  109  116   23   72    3
  36   39   96   91  110   43   98   83  108   21   24
  47   14   45   42   97   92  111   32   27    2   29
  40   35   16   95   44   33   18   93   30   25   20
  15   46   41   34   17   94   31   26   19   28    1

 Took about 0.09 seconds.
 Success: 59 starting point(s).
 Failure: 62 starting point(s).
