 There are 169 starting points.
 Finding the solution from each starting point...

 (0, 0)
   1  150   27  136    3  162  139   78    5   80  117   76    7
  26  135    2  165  140  137    4  163  122   77    6   81  116
 151   28  149  142  169  164  161  138   79  118  121    8   75
 134   25  166  153  158  141  168  119  160  123   84  115   82
  29  152  143  148  167  154  159  124  113  120  103   74    9
  24  133   30  157  146  125  112  155  104   85  114   83   72
  31  144  147  132  127  156  105   92   69  102   73   10   51
 108   23  128  145  106  111  126  101   86   61   52   71   44
 129   32  107  110  131  100   91   68   93   70   45   50   11
  22  109  130   99   90   67   94   87   60   53   62   43   46
  33   98   35   66   95   88   59   54   63   56   49   12   15
  36   21   96   89   38   19   64   57   40   17   14   47   42
  97   34   37   20   65   58   39   18   55   48   41   16   13

 (0, 1)
 Knight's tour solution doesn't exist.

 (0, 2)
  41   38    1  144   51   36   49  152   53   34  119   68   55
   2  145   40   37   48  169   52   35  126   69   54   33  118
  39   42  149  162  143   50  151  168  153  120  127   56   67
 146    3  142   47  150  163  166  131  128  125   70  117   32
  43   46  161  148  165  132  157  154  167  130  121   66   57
   4  147   44  141  158  155  164  129  124   71  116   31   74
  45  138   93  160  107  140  133  156  115  122   73   58   65
  94    5  108  139  134  159  114  123   72   83   64   75   30
 109   92  137  106  111  104  135   84  113   76   59   62   17
   6   95  110  103  136   85  112   77   82   63   18   29   60
  91  100   89   96  105  102   81   24   21   78   61   16   13
  88    7   98  101   86    9   22   79   26   11   14   19   28
  99   90   87    8   97   80   25   10   23   20   27   12   15

 (0, 3)
 Knight's tour solution doesn't exist.

 (0, 4)
  63   66   25   82    1   68   27  150    3   70   29  132    5
  24   81   64   67   26  169    2   69   28  149    4   71   30
  65   62   79  162   83   76  153  168  151   74  133    6  131
  80   23   84   77  154  163  166   75  146  127  148   31   72
  61   78  161  110  165  124  155  152  167  134   73  130    7
  22   85   60  123  160  157  164  145  126  147  128  135   32
  59  120  109  158  111  142  125  156  137  144  115    8  129
  86   21   96  119  122  159  138  143  116  103  136   33   46
  97   58  121  108  141  112  117  106  139  114   47  104    9
  20   87   98   95  118  107  140  113   48  105  102   45   34
  57   92   55   88   99   94   51   42  101   44   37   10   13
  54   19   90   93   52   17  100   49   40   15   12   35   38
  91   56   53   18   89   50   41   16   43   36   39   14   11

 (0, 5)
 Knight's tour solution doesn't exist.

 (0, 6)
 149  126  135   26  139   48    1   28   41   46    3   30   33
 134   25  150  127  136   27  138   47    2   29   32   43    4
 125  148  133  140  151  162   49   40   95   42   45   34   31
  24  141  128  165  132  137  152  163   50   39   92    5   44
 129  124  147  142  169  164  161   94  117   96   51   38   35
 122   23  166  131  158  143  168  153  160   93   36   91    6
 109  130  123  146  167  154  159  118   89  116   97   52   37
  22  121  110  157  106  119  144  155  100   87   90    7   66
 111  108  105  120  145  156  101   88  115   98   67   76   53
 104   21  112  107  102   83  114   99   86   77   54   65    8
  15   18  103   82  113   72   85   78   59   68   75   62   55
  20   81   16   13   84   79   70   11   74   57   60    9   64
  17   14   19   80   71   12   73   58   69   10   63   56   61

 (0, 7)
 Knight's tour solution doesn't exist.

 (0, 8)
  61   74   23  144   63   72   25  128    1   66   27  100    3
  22  145   62   73   24  129   64   71   26  103    2   67   28
  75   60  143  148  157   78  127  130   65   70  101    4   99
 146   21  158   77  142  149  156   79  102  115  104   29   68
  59   76  147  150  159  154  141  126  131   80   69   98    5
  20  161   58  169  140  151  132  155  116  105  114   81   30
  57  166  139  160  153  168  125  112   95   82   97    6   93
 136   19  162  167  138  133  152  117  106  113   94   31   44
 165   56  137  134  163  124  111   90   83   96   45   92    7
  18  135  164  123  110   89  118  107   46   91   84   43   32
  55  122   53   88  119  108   49   40   85   42   35    8   11
  52   17  120  109   50   15   86   47   38   13   10   33   36
 121   54   51   16   87   48   39   14   41   34   37   12    9

 (0, 9)
 Knight's tour solution doesn't exist.

 (0, 10)
 149  126  135   24  139   48   39   26   41   46    1   28   31
 134   23  150  127  136   25  138   47   38   27   30   43    2
 125  148  133  140  151  162   49   40   95   42   45   32   29
  22  141  128  165  132  137  152  163   50   37   92    3   44
 129  124  147  142  169  164  161   94  117   96   51   36   33
 122   21  166  131  158  143  168  153  160   93   34   91    4
 109  130  123  146  167  154  159  118   89  116   97   52   35
  20  121  110  157  106  119  144  155  100   87   90    5   66
 111  108  105  120  145  156  101   88  115   98   67   76   53
 104   19  112  107  102   83  114   99   86   77   54   65    6
  13   16  103   82  113   72   85   78   59   68   75   62   55
  18   81   14   11   84   79   70    9   74   57   60    7   64
  15   12   17   80   71   10   73   58   69    8   63   56   61

 (0, 11)
 Knight's tour solution doesn't exist.

 (0, 12)
  85   80  169    8   75   78   67    6   69   26   29    4    1
 168    9   86   79  160    7   74   77   66    5    2   25   28
  81   84  159  166   87   76  131   68   33   70   27   30    3
  10  167   82  161  148  157   88   73  128   65   32   35   24
  83  162  149  158  165  130  147  132   89   34   71   38   31
 152   11  164  145  156  133  140  129   72  127   64   23   36
 163  100  153  150  141  146  125  134  123   90   37   60   39
  12  151  142  155  144  139  122   91  126   59  110   63   22
  99  154  101  138  121  114  135  124  111   92   57   40   61
 102   13  120  143  136  107  112  115   58  109   62   21   44
 119   98  137  106  113  116   49  108   93   56   43   52   41
  14  103   96  117   16  105   94   47   18   51   54   45   20
  97  118   15  104   95   48   17   50   55   46   19   42   53

 (1, 0)
 Knight's tour solution doesn't exist.

 (1, 1)
  27  142   23    2   25  144  161    4   69   62   65    6   67
  22    1   26  143  154    3   70  137  160    5   68   61   64
 141   28  153   24  145  162  155  158   71  134   63   66    7
  98   21  140  169  152  157  138  163  136  159   72  111   60
  29  150   99  146  139  168  165  156  133  112  135    8   73
  20   97   30  151  166  147  132  125  164  117  120   59  110
  31  100  149   94  129  126  167  118  121  108  113   74    9
  96   19   88  101  148  131  124  127  116  119  106  109   58
  89   32   95  130   93  128  103  122  107  114   51   10   75
  18   81   90   87  102  123   92  115   50  105   76   57   44
  33   84   35   80   91   86   49  104   77   56   43   52   11
  36   17   82   85   38   15   78   47   40   13   54   45   42
  83   34   37   16   79   48   39   14   55   46   41   12   53

 (1, 2)
 Knight's tour solution doesn't exist.

 (1, 3)
  85    2   33   28   87   42   35   26   47   40   19   24   21
  32   29   86    1   34   27   88   41   36   25   22   39   18
   3   84   31  108   89  122   43   48   91   46   37   20   23
  30  109   82  123  114  107   90   97   44   49   92   17   38
  83    4  113  110  143  126  121  106   95   98   45   50   53
 112   81  144  155  124  115   96  127  120  105   52   93   16
   5  152  111  168  145  142  125  116  103   94   99   54   51
  80  169  154  151  156  163  146  119  128  117  104   15   68
 153    6  167  162  147  138  141  160  133  102   69  100   55
 166   79  150  157  164  161  134  139  118  129   56   67   14
   7   76  165  148  137  140  159  132   61   70  101   64   57
  78  149   74    9  158  135   72   11  130   59   62   13   66
  75    8   77  136   73   10  131   60   71   12   65   58   63

 (1, 4)
 Knight's tour solution doesn't exist.

 (1, 5)
  69  134   21  142   67   32   23    2   39   30   25    4   41
  20  141   68  135   22    1   66   31   24    3   40   29   26
 133   70  143  140  153  136   33  108   65   38   27   42    5
 144   19  164  147  156  139  154  137   34  107   58   37   28
  71  132  145  152  163  148  157  106  109   64   35    6   43
  18  165   72  169  146  155  138  149  122   59  104   57   36
  73  168  131  162  151  158  123  112  105  110   63   44    7
 128   17  166  159  124  113  150  121   62  103   60   99   56
 167   74  127  130  161  120   85  102  111   98   89    8   45
  16  129  160  119   84  125  114   97   86   61  100   55   88
  75  118   77  126  115   94   81   50  101   90   87   46    9
  78   15  116   83   80   13   96   93   52   11   48   91   54
 117   76   79   14   95   82   51   12   49   92   53   10   47

 (1, 6)
 Knight's tour solution doesn't exist.

 (1, 7)
  75  122   25  162   77  120   27   98   79    2   29   32   81
  24  165   76  121   26  163   78    1   28   97   80    3   30
 123   74  169  164  161  126  119  152   99  102   31   82   33
 166   23  158  125  168  153  160  127  118  131   96  101    4
  73  124  167  154  159  138  151  132  147  100  103   34   83
  22  157  110  139  150  155  146  117  128   95  130    5   46
 111   72  143  156  145  116  137  148  133  104   47   84   35
 142   21  112  109  140  149  134  105   94  129   38   45    6
  71  108  141  144  115  106   93  136   57   48   85   36   39
  20  113   70  107   92  135   56   61   86   37   40    7   44
  69   66   91  114   55   62   87   58   49   52   43   10   13
  90   19   64   67   88   17   50   53   60   15   12   41    8
  65   68   89   18   63   54   59   16   51   42    9   14   11

 (1, 8)
 Knight's tour solution doesn't exist.

 (1, 9)
  85   38   19   34   83   30   21   32   75   28   23    2   73
  18   35   84   87   20   33   82   29   22    1   74   27   24
  39   86   37  158  135   88   31  122   81   76   25   72    3
  36   17  164  133  166  159  136   89  138  121   70   77   26
 131   40  169  160  157  134  167  154  123   80   91    4   71
  16  163  132  165  168  155  144  137   90  139  120   69   78
  41  130  115  156  161  148  153  142  145  124   79   92    5
 114   15  162  149  152  143  146  125  108  119  140   95   68
 129   42  113  116  147  150  111  118  141   96   61    6   93
  14  101  128  151  112  117  126  107   60  109   94   67   54
  43  104   45  100  127  106   59  110   97   66   53   62    7
  46   13  102  105   48   11   98   57   50    9   64   55   52
 103   44   47   12   99   58   49   10   65   56   51    8   63

 (1, 10)
 Knight's tour solution doesn't exist.

 (1, 11)
  73  144   23  148   75  100   25   96   77   98   27   30   79
  22  149   74  143   24  169   76   99   26   95   78    1   28
 145   72  153  162  147  142  101  168   97  120   29   80   31
 150   21  146  141  154  163  166  121  102  125   94  119    2
  71  140  161  152  165  138  155  126  167  118  103   32   81
  20  151  110  139  160  157  164  117  122   93  124    3   44
 111   70  135  158  137  116  131  156  127  104   45   82   33
 134   19  112  109  132  159  128  105   92  123   36   43    4
  69  108  133  136  115  106   91  130   55   46   83   34   37
  18  113   68  107   90  129   54   59   84   35   38    5   42
  67   64   89  114   53   60   85   56   47   50   41    8   11
  88   17   62   65   86   15   48   51   58   13   10   39    6
  63   66   87   16   61   52   57   14   49   40    7   12    9

 (1, 12)
 Knight's tour solution doesn't exist.

 (2, 0)
  31    2   29  112   33    4  107  160   35    6  155  142   37
  28  111   32    3  108  129   34    5  156  143   36    7  150
   1   30  109  124  113  106  159  168  161  154  151   38  141
 110   27  114  105  128  169  130  157  152  163  144  149    8
  79  104  123  120  125  158  167  162  145  148  153  140   39
  26  115   80  127  166  121  134  131  164  139  146    9   96
  81   78  103  122  119  126  165  138  147  132   97   40   55
  88   25  116   91  100  135  118  133   98  137   54   95   10
  77   82   89  102  117   92   99  136   53   94   63   56   41
  24   87   76   83   90  101   52   93   64   57   42   11   62
  71   74   69   86   51   84   65   58   45   48   61   14   17
  68   23   72   75   66   21   46   49   60   19   16   43   12
  73   70   67   22   85   50   59   20   47   44   13   18   15

 (2, 1)
 Knight's tour solution doesn't exist.

 (2, 2)
 129    2  115   28  131  136  113   26   77   62   19   24   21
 116   29  130  135  114   27   78   75  112   25   22   61   18
   3  128    1  132  141  150  137  110   79   76   63   20   23
  30  117  126  153  134  139  142  149   74  111   72   17   60
 127    4  133  140  161  146  151  138  109   80   69   64   71
 118   31  154  125  152  143  160  145  148   73   96   59   16
   5  122  119  162  155  158  147  108   97   68   81   70   65
  32  169  124  157  120  163  144  159   88   95   66   15   58
 123    6  121  168  165  156  107   98   67   52   57   82   45
 104   33  166   91  106   99  164   89   94   87   46   53   14
   7   36  105  100  167   90   93   86   51   56   83   44   47
  34  103   38    9   92  101   40   11   84   49   42   13   54
  37    8   35  102   39   10   85   50   41   12   55   48   43

 (2, 3)
 Knight's tour solution doesn't exist.

 (2, 4)
  77  166   27  160   79    2   29  100   81    4   31   34   83
  26  161   78  165   28  159   80    3   30   99   82    5   32
 169   76  167  158    1  146  121  148  101  104   33   84   35
 156   25  162  145  164  149  152  139  120  123   98  103    6
  75  168  157  150  153  138  147  122  141  102  105   36   85
  24  155  112  163  144  151  140  119  130   97  124    7   48
 113   74  135  154  137  118  131  142  125  106   49   86   37
 134   23  114  111  132  143  126  107   96  129   40   47    8
  73  110  133  136  117  108   95  128   59   50   87   38   41
  22  115   72  109   94  127   58   63   88   39   42    9   46
  71   68   93  116   57   64   89   60   51   54   45   12   15
  92   21   66   69   90   19   52   55   62   17   14   43   10
  67   70   91   20   65   56   61   18   53   44   11   16   13

 (2, 5)
 Knight's tour solution doesn't exist.

 (2, 6)
  37   34   21   64   45   32   23    2   47   30   25    4   49
  20   65   36   33   22   69   46   31   24    3   48   29   26
  35   38  121   68   63   44    1   72   53   60   27   50    5
 122   19   66   43  132  119   70   61   96   73   52   59   28
  39   42  131  120   67   62  127  118   71   54   95    6   51
  18  123   40  163  126  133  114   97  112   99   74   55   58
  41  164  125  130  149  140  117  128  115   94   57   92    7
 124   17  162  169  160  129  134  113   98  111  100   75   56
 165  168  159  148  141  150  139  116  105   88   93    8   91
  16  147  166  161  158  143  106  135  110  101   90   87   76
 167  154  157  142  151  138  109  104   89   86   79   82    9
 146   15  152  155  144   13  136  107  102   11   84   77   80
 153  156  145   14  137  108  103   12   85   78   81   10   83

 (2, 7)
 Knight's tour solution doesn't exist.

 (2, 8)
  43  124   25  122   41  146   27  150   39    2   29   32   37
  24  121   42  147   26  153   40  169   28  151   38    3   30
 125   44  123  136  145  162  149  152    1  168   31   36   33
 120   23  144  141  148  135  154  163  166  103   34  107    4
  45  126  137  134  161  142  165  130  155  108  167  102   35
  22  119   46  143  140  129  160  157  164  101  104    5  106
  47  138  127  116  133  158  131  100  113  156  109   64   71
 118   21   92  139  128   97  114  159  110   79   72  105    6
  93   48  117   96  115  132   99   80   73  112   65   70   63
  20   85   94   91   98   81   74  111   78   69   62    7   58
  49   88   51   84   95   90   77   68   61   66   57   10   13
  52   19   86   89   54   17   82   75   56   15   12   59    8
  87   50   53   18   83   76   55   16   67   60    9   14   11

 (2, 9)
 Knight's tour solution doesn't exist.

 (2, 10)
 149  152    7  166  145   42    5   44   53   40    3   46   51
   8  169  148  151    6  167  144   41    4   45   52   39    2
 153  150  165  168  157  146   43  140  143   54    1   50   47
 162    9  154  147  164  141  156  133   76   97   48   55   38
 125  130  163  158  155  132  139  142  135  120   75   64   49
  10  161  126  131  138  159  134  121   98   77   96   37   56
 107  124  129  160  127  122   99  136  119  114   65   74   63
  86   11  108  123  100  137  118  113   78   95   62   57   36
 109  106   87  128  117  112   79   94  115   66   73   60   23
  12   85  110  101   88   93  116   67   72   61   24   35   58
 105  102   91   82  111   80   71   30   27   68   59   22   19
  84   13  104   89   92   15   28   69   32   17   20   25   34
 103   90   83   14   81   70   31   16   29   26   33   18   21

 (2, 11)
 Knight's tour solution doesn't exist.

 (2, 12)
 139  112  127    6  107  110  101    4   31   24   27    2   29
 126    7  138  111  128    5  106  109  100    3   30   23   26
 113  140  125  134  137  108  129  102   39   32   25   28    1
   8  135  114  141  164  133  158  105  130   99   38   33   22
 115  124  163  136  159  168  161  132  103   40   35   42   37
 120    9  142  169  162  165  104  157   98  131   88   21   34
 123  116  121  152  149  160  167  154   89   96   41   36   43
  10  119  148  143  166  153  150   97  156   63   66   87   20
 117  122   81   92  151  144  155   90   95   86   61   44   65
  72   11  118  147   80   91   94  145   62   67   64   19   48
  75   78   73   82   93  146   53   68   85   60   47   56   45
  12   71   76   79   14   69   84   51   16   55   58   49   18
  77   74   13   70   83   52   15   54   59   50   17   46   57

 (3, 0)
 Knight's tour solution doesn't exist.

 (3, 1)
 139   32    3   30  141  164    5  168  151   82    7   84  147
   2   29  140  165    4  169  150  159    6  155  148   81    8
  33  138   31  142  163  158  167  156  149  152   83  146   85
  28    1  162  135  166  143  160  125  154  145  122    9   80
 131   34  137  116  161  134  157  144  123  126  153   86  111
  94   27  130  133  136  117  124  127  108  121  112   79   10
  35  132   93  118  115  128  107  120  113  104   87  110   63
  26   95  100  129   92  119  114  105   88  109   64   11   78
  99   36   91   96  101  106   89   74  103   54   77   62   47
  70   25   98   37   90   73  102   59   76   65   48   55   12
  19   22   69   72   97   40   75   66   53   58   61   46   49
  24   71   20   17   38   67   42   15   60   51   44   13   56
  21   18   23   68   41   16   39   52   43   14   57   50   45

 (3, 2)
 Knight's tour solution doesn't exist.

 (3, 3)
 119  116  113   26  129  124  111   24   75   60   17   22   19
 114   27  118  123  112   25   76   73  110   23   20   59   16
 117  120  115  128  139  130  125  108   77   74   61   18   21
  28  137  122    1  134  127  140  131   72  109   70   15   58
 121    2  135  138  165  150  133  126  107   78   67   62   69
 136   29  162  149  152  143  158  141  132   71   94   57   14
   3  146  153  166  161  164  151  106   95   66   79   68   63
  30  169  148  163  144  157  142  159   86   93   64   13   56
 147    4  145  154  167  160  105   96   65   50   55   80   43
 102   31  168   89  104   97  156   87   92   85   44   51   12
   5   34  103   98  155   88   91   84   49   54   81   42   45
  32  101   36    7   90   99   38    9   82   47   40   11   52
  35    6   33  100   37    8   83   48   39   10   53   46   41

 (3, 4)
 Knight's tour solution doesn't exist.

 (3, 5)
  63   92   25   68   65   88   27   70    3   84   29   72    5
  24   67   64   93   26   69    2   87   28   71    4   75   30
  91   62   97   66   89   94  101  130   85   80   83    6   73
  98   23   90   95  100    1   86   81  102  129   74   31   76
  61   96   99  158  141  104  135  128  131   82   79  126    7
  22  161   60  105  148  159  142  103  134  127  132   77   32
  59  106  157  160  169  140  147  136  145   78  125    8  121
 154   21  162  139  156  149  168  143  124  133  120   33   46
 107   58  155  150  163  166  137  146  119  144   47  122    9
  20  153  108  165  138  151  116  167   48  123  118   45   34
  57  110   55  152  115  164   51   42  117   44   37   10   13
  54   19  112  109   52   17  114   49   40   15   12   35   38
 111   56   53   18  113   50   41   16   43   36   39   14   11

 (3, 6)
 Knight's tour solution doesn't exist.

 (3, 7)
 Knight's tour solution doesn't exist.

 (3, 8)
 Knight's tour solution doesn't exist.

 (3, 9)
  87  116   17  120   89  114   19  108   91  110   21   24   27
  16  119   88  115   18  123   90  111   20  107   26   93   22
 117   86  159  164  121  150  113  124  109   92   23   28   25
 160   15  118  151  158  169  122  149  112    1  106   31   94
  85  152  165  168  163  148  143  156  125  140   95    2   29
  14  161  134  153  166  157  146  141   96  103   30  105   32
 135   84  167  162  147  142  155  144  139  126   97   48    3
  58   13  136  133  154  145  138  129  102   69  104   33   46
  83  132   59   80  137  130  101   70  127   98   47    4   49
  12   57   82  131   78   75  128   99   68   71   50   45   34
  63   60   79   54   81  100   77   74   51   44   37   40    5
  56   11   62   65   76    9   52   67   72    7   42   35   38
  61   64   55   10   53   66   73    8   43   36   39    6   41

 (3, 10)
 Knight's tour solution doesn't exist.

 (3, 11)
 103   94  105   12  101   96  121   10   99   30    3    8    5
 106   13  102   95  128   11  100   97  120    9    6   29    2
  93  104  107  166  147  130  127  122  133   98   31    4    7
  14  167   92  129  156  165  148  131  126  119  124    1   28
  91  108  169  164  149  146  155  134  123  132  115   32  117
 168   15  160  109  162  157  150  145  114  125  118   27   78
  67   90  163  158  151  144  113  154  135  138   79  116   33
  16  159   66  161  110  153  136  139   80   57   34   77   26
  65   68   89  152  143   74   81  112  137   76   55   50   35
  86   17  142   73   82  111  140   75   56   51   58   25   48
  69   64   85   88  141   72   43   52   59   54   49   36   39
  18   87   62   71   20   83   60   45   22   41   38   47   24
  63   70   19   84   61   44   21   42   53   46   23   40   37

 (3, 12)
 Knight's tour solution doesn't exist.

 (4, 0)
 141  102   99   24  111  106   97   22   95   90   83   20   17
 100   25  140  105   98   23  112   93   84   21   18   89   82
 103  142  101  166  139  110  107   96  129   94   91   16   19
  26  169  104  143  108  157  138  113   92   85  128   81   88
   1  144  165  158  167  132  109  130  137  114   87   48   15
 162   27  168  133  152  159  156  125   86  127   80  115   50
 145    2  161  164  155  134  131  136  123  116   49   14   47
  28  163   74  151  160  153  124   77  126   79  118   51   38
   3  146  149  154   73   76  135  122  117   52   39   46   13
 148   29   66   75  150  121   70   61   78  119   54   37   40
  65    4  147   72   69   62   57  120   53   60   43   12   45
  30   67    6   63   32   71    8   59   34   55   10   41   36
   5   64   31   68    7   58   33   56    9   42   35   44   11

 (4, 1)
 Knight's tour solution doesn't exist.

 (4, 2)
 107   36   69   74  109   34   67   76   81   32   65   62   79
  70   73  108   35   68   75  110   33   66   77   80   31   64
  37  106   71  116  123  112  169  118   89   82   63   78   61
  72  115  124  113  166  117  122  111  136  119   90   83   30
 105   38    1  160  125  162  155  168  121   88   93   60   91
   2  149  114  165  158  167  126  137  154  135  120   29   84
  39  104  159  140  161  156  163  144  127   94   87   92   59
 148    3  150  157  164  145  138  153  134   55   58   85   28
 103   40  141  146  139  152  143  128   95   86   51   56   15
   4  147  102  151  142  129   96  133   54   57   16   27   52
  41  100   43  130   97  132   47   22   19   50   53   14   11
  44    5   98  101   46    7   20   49   24    9   12   17   26
  99   42   45    6  131   48   23    8   21   18   25   10   13

 (4, 3)
 Knight's tour solution doesn't exist.

 (4, 4)
  71  164   21   76   73   98   23   78  103   88   25   80   93
  20   75   72  165   22   77  104   99   24   79   92   87   26
 163   70  169   74  109  160   97  112   91  102   89   94   81
 168   19  154  161  166  113  110  105  100   95   84   27   86
  69  162  167  114    1  108  159   96  111   90  101   82   45
  18  155   68  153  158  121    2  117  106   83   46   85   28
  67  150  157  122  115  146  107  120    3  118   51   44   47
 156   17  140  149  152  123  116  145   50   57    4   29   42
 131   66  151  124  139  142  147   58  119   52   43   48    5
  16  125  132  141  148   59  138   53  144   49   56   41   30
  65  130   63  126  133  136  143   38   55   40   33    6    9
  62   15  128  135   60   13   54  137   36   11    8   31   34
 129   64   61   14  127  134   37   12   39   32   35   10    7

 (4, 5)
 Knight's tour solution doesn't exist.

 (4, 6)
 161   88   23   84  159   46   25   48   81   44   27   40   53
  22   85  160  155   24   83  112   45   26   49   54   43   28
  89  162   87  158  111  156   47   82  109   80   41   52   39
  86   21  152  163  154  119  110  113   50   55   72   29   42
 169   90  165  148  157  114    1  118   79  108   51   38   57
  20  151  168  153  164  149  120  107    2   73   56   71   30
  91  166  147  150  141  106  115   76  117   78    3   58   37
 144   19  138  167  146  121  130  105   74   61   70   31    4
 137   92  145  142  131  140   75  116   77  104   63   36   59
  18  143  132  139  122  129  102  125   62   69   60    5   32
  93  136   95  128  133  124   99   66  103   64   35    8   11
  96   17  134  123   98   15  126  101   68   13   10   33    6
 135   94   97   16  127  100   67   14   65   34    7   12    9

 (4, 7)
 Knight's tour solution doesn't exist.

 (4, 8)
  77  116   17  168   79  118   19  162   81  124   21  108   83
  16  169   78  117   18  163   80  119   20  109   82  123   22
 115   76  167  164  155  140  161  110  157  120  125   84  107
 166   15  150  113  160  111  156  139  126  105  128   23  122
  75  114  165  154  151  148  141  158    1  138  121  106   85
  14  153   74  149  112  159  136  143  104  127    2  129   24
  73  100   95  152  147  142  103  134  137  130   57   86    3
  92   13  146  101   94  135  144  131   58   87   48   25   38
  99   72   93   96  145  102   59   88  133   56   39    4   49
  12   91   98   71   60   89  132   55   40   47   50   37   26
  63   66   69   90   97   54   43   46   51   36   29   32    5
  68   11   64   61   70    9   52   41   44    7   34   27   30
  65   62   67   10   53   42   45    8   35   28   31    6   33

 (4, 9)
 Knight's tour solution doesn't exist.

 (4, 10)
  63  100   65   22   61  134  121   24   59  132  127   26   57
  66   21   62  135  118   23   60  133  122   25   58  129  126
  99   64  101   68  161  136  169  120  153  128  131   56   27
  20   67  160  117  166  119  158  137  168  123  152  125  130
 105   98   69  102  159  162  167  154  151  138    1   28   55
  70   19  104  165  116  157  148  163  114  155  124  139    2
  77  106   97  146  103  164  115  156  141  150  113   54   29
  18   71   78  107  110  147  142  149  112   51  140    3   48
  79   76  109   96  145   86  111   90  143   88   49   30   53
  72   17   80   85  108   95  144   87   50   91   52   47    4
  11   14   75   94   81   84   39   92   89   46   33   42   31
  16   73   12    9   38   93   82    7   36   41   44    5   34
  13   10   15   74   83    8   37   40   45    6   35   32   43

 (4, 11)
 Knight's tour solution doesn't exist.

 (4, 12)
  57  116   19  106   59  108   21   90   61   74   23   76   63
  18  105   58  117   20   91   60  109   22   89   62   73   24
 115   56  121  104  107  112  161   92   87   94   75   64   77
 120   17  118  113  154  103  110  101  160   65   88   25   72
  55  114  153  122  111  162  155  158   93   86   95   78    1
  16  119   54  169  152  157  102  163  100  159   66   71   26
  53  150  123  146  143  168  165  156   85   96   79    2   67
 124   15  138  151  166  147  144   99  164   83   70   27   40
 137   52  149  130  145  142  167   84   97   80   41   68    3
  14  125  136  139  148  129   98  141   42   69   82   39   28
  51  134   49  126  131  140   45   36   81   38   31    4    7
  48   13  132  135   46   11  128   43   34    9    6   29   32
 133   50   47   12  127   44   35   10   37   30   33    8    5

 (5, 0)
 Knight's tour solution doesn't exist.

 (5, 1)
  25   20  149  166   27   18  121  152   29   16  101   84   31
 148  167   26   19  150  165   28   17  122   85   30   15  102
  21   24  169  164  157  124  151  120  153  100  115   32   83
 168  147   22  125  162  155  158  123  116  105   86  103   14
  23  126  163  156  159  140  117  154  119  114   99   82   33
 146    1  134  141  144  161  138  113  106   87  104   13   80
 127   68  145  160  139  132  143  118   77   98   81   34   51
   2  135  110  133  142  137  112  107   88   59   52   79   12
  67  128   69  136  111  108  131   76   97   78   57   50   35
  70    3   94  109  130   75   96   89   58   53   60   11   48
  93   66  129   74   95   90   43   54   61   56   49   36   39
   4   71   64   91    6   73   62   45    8   41   38   47   10
  65   92    5   72   63   44    7   42   55   46    9   40   37

 (5, 2)
 Knight's tour solution doesn't exist.

 (5, 3)
 133  102   99   24  135  128   97   22   95   90   83   20   17
 100   25  134  129   98   23  150   93   84   21   18   89   82
 103  132  101  142  153  136  127   96  149   94   91   16   19
  26  141  130  137  126  161  146  151   92   85  122   81   88
 131  104  143  154  145  152  125  160  123  148   87   48   15
 140   27  138    1  162  155  158  147   86  117   80  121   50
 105    2  169  144  157  112  163  124  159  120   49   14   47
  28  139   74  111  168  165  156   77  116   79  118   51   38
   3  106  109  166   73   76  113  164  119   52   39   46   13
 108   29   66   75  110  167   70   61   78  115   54   37   40
  65    4  107   72   69   62   57  114   53   60   43   12   45
  30   67    6   63   32   71    8   59   34   55   10   41   36
   5   64   31   68    7   58   33   56    9   42   35   44   11

 (5, 4)
 Knight's tour solution doesn't exist.

 (5, 5)
 131   94   17   98  129  168   19  100  163  110   21  102  153
  16   97  130  137   18   99  164  161   20  101  154  109   22
  93  132   95  128  169  136  167  146  159  162  111  152  103
  96   15  140  135  138  127  160  165  150  155  106   23  108
 121   92  133  126  141  166  145  158  147  112  151  104   53
  14  117  122  139  134    1  142  149  156  105   54  107   24
  91  120   85  116  125  144  157    2  113  148   79   52   55
  86   13  118  123   88   83  114  143   80    3   56   25   38
 119   90   87   84  115  124   81   48   57   78   39    4   51
  12   67   74   89   82   69   58   77   40   47   50   37   26
  73   64   71   68   59   76   43   46   49   36   29   32    5
  66   11   62   75   70    9   60   41   44    7   34   27   30
  63   72   65   10   61   42   45    8   35   28   31    6   33

 (5, 6)
 Knight's tour solution doesn't exist.

 (5, 7)
 153  134  137   22  161  140  101   24  103  106   95   26   97
 136   21  154  141  138   23  160  107  100   25   98  105   94
 133  152  135  162  155  158  139  102  121  104   93   96   27
  20  169  150  157  142  163  122  159  108   99  110   57   90
 151  132  147  168  165  156  143  120  111   92   89   28   55
 128   19  166  149  146  123  164    1   88  109   56   91   58
 131  148  129  124  167  144  119  112   75    2   59   54   29
  18  127   84  145  118  125   78   87   66   51   76    3   48
  83  130  117  126   79   86  113   74   77   60   49   30   53
 116   17   82   85  114   73   80   65   50   67   52   47    4
  11   14  115   72   81   64   39   68   61   46   33   42   31
  16   71   12    9   38   69   62    7   36   41   44    5   34
  13   10   15   70   63    8   37   40   45    6   35   32   43

 (5, 8)
 Knight's tour solution doesn't exist.

 (5, 9)
  57  102   19   86   59   92   21   84   61   74   23   76   63
  18   87   58  103   20   85   60   93   22   81   62   73   24
 101   56  105   88  153   98   91   80   83   94   75   64   77
 106   17  144   99  104   89  150  161   96   79   82   25   72
  55  100  107  152  149  154   97   90  135  160   95   78   65
  16  145   54  143  108  151  162  155  158    1   66   71   26
  53  140  109  146  169  148  157  136  163  134  159    2   67
 110   15  120  139  142  131  168  165  156  127   70   27   40
 121   52  141  130  147  166  137  128  133  164   41   68    3
  14  111  122  119  138  129  132  167   42   69  126   39   28
  51  116   49  112  123  118   45   36  125   38   31    4    7
  48   13  114  117   46   11  124   43   34    9    6   29   32
 115   50   47   12  113   44   35   10   37   30   33    8    5

 (5, 10)
 Knight's tour solution doesn't exist.

 (5, 11)
  97   94   21  168   91   66   23   68   73   64   25   60   71
  20  169   96   93   22  163   90   65   24   69   72   63   26
  95   98  167  164  151   92   67  162   85   74   61   70   59
 166   19  152  103  158  161  142   89   76   87   78   27   62
  99  102  165  150  153  104  159   86  137   84   75   58   79
  18  149  100  157  160  143  138  141   88   77   80    1   28
 101  156  127  144  139  154  105  136   83  132   53   44   57
 122   17  148  155  124  135  140  131  106   81   56   29    2
 147  126  123  128  145  130  107   82  133   52   43   54   45
  16  121  146  125  108  119  134   51   42   55   46    3   30
 111  114  117  120  129   50   41   36   47   38   33    6    9
 116   15  112  109  118   13   48   39   34   11    8   31    4
 113  110  115   14   49   40   35   12   37   32    5   10    7

 (5, 12)
 Knight's tour solution doesn't exist.

 (6, 0)
 133  114  111   24  131  150  109   22   73   58   15   20   17
 112   25  132  151  110   23   74   71  108   21   18   57   14
 115  134  113  146  165  130  149  106   75   72   59   16   19
  26  145  168  135  152  147  156  129   70  107   68   13   56
 169  116  153  164  155  166  137  148  105   76   65   60   67
 118   27  144  167  136  157  124  139  128   69   92   55   12
   1  160  117  154  163  138  127  104   93   64   77   66   61
  28  119  162  143  158  123  140  125   84   91   62   11   54
 161    2  159  120  141  126  103   94   63   48   53   78   41
 100   29  142   87  102   95  122   85   90   83   42   49   10
   3   32  101   96  121   86   89   82   47   52   79   40   43
  30   99   34    5   88   97   36    7   80   45   38    9   50
  33    4   31   98   35    6   81   46   37    8   51   44   39

 (6, 1)
 Knight's tour solution doesn't exist.

 (6, 2)
  37   20   35  118   39   18  151  116   41   16  169  112   43
  34  119   38   19  152  117   40   17  166  113   42   15  168
  21   36  131  120  135  150  153  156  115  162  167   44  111
 122   33  134  149  132  155  136  165  146  157  114  163   14
  69   22  121  130  137  148  145  154  161  164  141  110   45
  32  123   70  133  144  129  160  147  142  109  158   13  106
  23   68    1  124   95  138  143  128  159  140  107   46   81
   2   31   96   71   90  125  102  139  108  127   82  105   12
  61   24   67   94   97   72   89  126  101  104   87   80   47
  30    3   62   73   66   91   98  103   88   83  100   11   78
  25   60   27   56   93   74   65   84   99   86   79   48   51
   4   29   58   63    6   55   92   75    8   53   50   77   10
  59   26    5   28   57   64    7   54   85   76    9   52   49

 (6, 3)
 Knight's tour solution doesn't exist.

 (6, 4)
 161  122   17  118  159  106   19  104  115   68   21   70   99
  16  119  160  165   18  117  152  107   20   97  100   67   22
 123  162  121  158  153  164  105  116  103  114   69   98   71
 120   15  166  163  156  149  112  151  108  101   96   23   66
 169  124  157  136  167  154  147  102  113   64  109   72   53
  14  139  168  155  148  137  150  111  130   95   54   65   24
 125  144  135  138    1  146  131   94   63  110   73   52   49
 134   13  140  145  132   93    2  129   74   55   50   25   38
 143  126  133   90  141  128   75   56    3   62   39   48   51
  12   89  142  127   76   87   92   61   40   47    4   37   26
  79   82   85   88   91   60   43   46   57   36   29   32    5
  84   11   80   77   86    9   58   41   44    7   34   27   30
  81   78   83   10   59   42   45    8   35   28   31    6   33

 (6, 5)
 Knight's tour solution doesn't exist.

 (6, 6)
  67  142   69   22   65  150  127   24   63  122  125   26   61
  70   21   66  151  140   23   64  169  126   25   62  119  124
 143   68  141   72  153  162  149  128  121  168  123   60   27
  20   71  152  145  148  139  154  163  166  129  120  131  118
  87  144   73  136  161  146  165  134  155  132  167   28   59
  74   19   88  147  138  135  160  157  164  115  130  117   44
  89   86  137   82  109  158    1  114  133  156   43   58   29
  18   75   90   95  104  113  110  159    2   99  116   45   42
  85   94   81  106   83  108  103  100  111   46    3   30   57
  76   17   84   91   96  105  112   47   98  101   56   41    4
  11   14   93   80  107   50   97  102   53   40   33   36   31
  16   77   12    9   92   79   52    7   48   55   38    5   34
  13   10   15   78   51    8   49   54   39    6   35   32   37

 (6, 7)
 Knight's tour solution doesn't exist.

 (6, 8)
  69  118   19  112   71   94   21   82   73   84   23   80   75
  18  113   70  117   20  109   72   95   22   81   74   85   24
 123   68  119  108  111  126   93  106   83   96   87   76   79
 114   17  122  125  116  107  110  127   98   77   90   25   86
  67  124  115  120  139  132  129   92  105   88   97   78   43
  16  121   66  133  130  103  140   99  128   91   44   89   26
  65  134  155  152  149  138  131  104    1  100   49   42   45
 156   15  150  137  166  153  102  141   48   55    2   27   40
 135   64  169  154  151  148  167   56  101   50   41   46    3
  14  157  136  165  168   57  146   51  142   47   54   39   28
  63  162   61  158  147  164  143   36   53   38   31    4    7
  60   13  160  163   58   11   52  145   34    9    6   29   32
 161   62   59   12  159  144   35   10   37   30   33    8    5

 (6, 9)
 Knight's tour solution doesn't exist.

 (6, 10)
 115  148   21  124  117   44   23   46   51   42   25   38   49
  20  125  116  147   22  123  118   43   24   47   50   41   26
 149  114  151  122  145  138   45   76   89   52   39   48   37
 126   19  146  139  152  121  144  119   54   75   72   27   40
 113  150  127  162  143  140  137   90   77   88   53   36   73
  18  165  112  153  136  161  120  141   92   55   74   71   28
 111  128  169  158  163  142   91  134   87   78    1   56   35
 166   17  164  131  154  135  160   93   68   85   70   29    2
 129  110  157  168  159   94  133   86   79   60   67   34   57
  16  167  130  109  132  155   80   61   84   69   58    3   30
 101  104  107  156   95   98   83   64   59   66   33    6    9
 106   15  102   99  108   13   96   81   62   11    8   31    4
 103  100  105   14   97   82   63   12   65   32    5   10    7

 (6, 11)
 Knight's tour solution doesn't exist.

 (6, 12)
  75  152   15  120   77  162   17   92   79   94   19   90   81
  14  121   76  169   16  119   78  163   18   91   80   95   20
 153   74  151  122  161  168  165  118   93  116   97   82   89
 142   13  154  149  166  123  160  115  164   87  100   21   96
  73  150  143  146  155  158  167  124  117   98  113   88   83
  12  141   72  157  148  145  136  159  114  101   86   99   22
  71  108  147  144  137  156  127  102  125  112   55   84    1
 132   11  140  109  128  135  138  111   56   85   46   23   36
 107   70  131  134  139  110   57  126  103   54   37    2   47
  10  133  106   69   58  129  104   53   38   45   48   35   24
  61   64   67  130  105   52   41   44   49   34   27   30    3
  66    9   62   59   68    7   50   39   42    5   32   25   28
  63   60   65    8   51   40   43    6   33   26   29    4   31

 (7, 0)
 Knight's tour solution doesn't exist.

 (7, 1)
 105   34   67   72  107   32   65   74   79   30   63   60   77
  68   71  106   33   66   73  108   31   64   75   78   29   62
  35  104   69  116  123  110  169  118   87   80   61   76   59
  70  113  124  111  166  117  122  109  136  119   88   81   28
 103   36  115  160  125  162  155  168  121   86   91   58   89
 114  149  112  165  158  167  126  137  154  135  120   27   82
  37  102  159  140  161  156  163  144  127   92   85   90   57
 148    1  150  157  164  145  138  153  134   53   56   83   26
 101   38  141  146  139  152  143  128   93   84   49   54   13
   2  147  100  151  142  129   94  133   52   55   14   25   50
  39   98   41  130   95  132   45   20   17   48   51   12    9
  42    3   96   99   44    5   18   47   22    7   10   15   24
  97   40   43    4  131   46   21    6   19   16   23    8   11

 (7, 2)
 Knight's tour solution doesn't exist.

 (7, 3)
 147  114  111   24  153  130  109   22   73   58   15   20   17
 112   25  148  131  110   23   74   71  108   21   18   57   14
 115  146  113  154  149  152  129  106   75   72   59   16   19
  26  159  144  161  132  155  126  151   70  107   68   13   56
 145  116  169  158  143  150  133  128  105   76   65   60   67
 166   27  160  141  162  127  156  125  134   69   92   55   12
 117  140  165  168  157  142  137  104   93   64   77   66   61
  28  167  118    1  138  163  124  135   84   91   62   11   54
 119    2  139  164  123  136  103   94   63   48   53   78   41
 100   29  120   87  102   95  122   85   90   83   42   49   10
   3   32  101   96  121   86   89   82   47   52   79   40   43
  30   99   34    5   88   97   36    7   80   45   38    9   50
  33    4   31   98   35    6   81   46   37    8   51   44   39

 (7, 4)
 Knight's tour solution doesn't exist.

 (7, 5)
 121   72  127   34  123   74  155   36  153   76  149   38  151
 126   33  122   73  128   35  138   75  156   37  152   77   86
  71  120  129  124  133  166  159  154  139  148   87  150   39
  32  125   70  169  130  137  134  165  160  157  140   85   78
  69  116  119  132  135  164  167  158  147   88  161   40  141
 118   31  104  115  168  131  136  111  162  145  142   79   84
  61   68  117  100  103  106  163  146   89  110   43  144   41
  30  101   62  105  114    1   98  107  112  143   80   83   44
  63   60   67  102   99   94  113    2   97   90  109   42   81
  56   29   64   93   66   51   96   91  108    3   82   45   14
  59   26   57   52   95   92   49   20   11   46   15    4    7
  28   55   24   65   50   53   22   47   18    9    6   13   16
  25   58   27   54   23   48   19   10   21   12   17    8    5

 (7, 6)
 Knight's tour solution doesn't exist.

 (7, 7)
  61  128   63   28   59  130  161   30   57  134   95   32   55
  64   27   60  129  154   29   58  135  160   31   56   81   94
 127   62  153   66  131  162  155  158  133   96  137   54   33
  26   65  126  169  152  157  132  163  136  159   82   93   80
 125  150   67  146  141  168  165  156   97  138   79   34   53
  68   25  124  151  166  147  142  139  164   83   92   77   48
 123  120  149  112  145  140  167   98  143   78   47   52   35
  24   69  122  119  148  105  144    1   84   91   76   49   46
 121  116  111  106  113  118   99   90   75    2   45   36   51
  70   23  114  117  104   89   74   85   44   37   50    3   16
 115  110  103   88  107  100   43   38   13   40   17    6    9
  22   71  108  101   20   73   86   41   18   11    8   15    4
 109  102   21   72   87   42   19   12   39   14    5   10    7

 (7, 8)
 Knight's tour solution doesn't exist.

 (7, 9)
 151   88   15   86  131  162   17  128  115  100   19  102  109
  14   85  152  165   16  129  132  163   18  107  110   99   20
  89  150   87  130  169  164  161  116  127  114  101  108  103
  84   13  166  153  158  135  168  133  160  111  106   21   98
 149   90  141  136  167  154  159  124  117  126  113  104   51
  12   83  148  157  142  137  134  155  112  105   52   97   22
  91  144  121  140  147  156  123  118  125   96   77   50   53
  82   11  146  143  122  119  138   95   78    1   54   23   36
 145   92   81  120  139   94   79   46   55   76   37    2   49
  10   65   72   93   80   67   56   75   38   45   48   35   24
  71   62   69   66   57   74   41   44   47   34   27   30    3
  64    9   60   73   68    7   58   39   42    5   32   25   28
  61   70   63    8   59   40   43    6   33   26   29    4   31

 (7, 10)
 Knight's tour solution doesn't exist.

 (7, 11)
 157  100  153   20  161  102  147   22  111  104  107   24  109
 152   19  158  101  154   21  160  103  116   23  110   87  106
  99  156  151  162  159  146  115  148  119  112  105  108   25
  18  165   98  155  150  163  144  121  114  117   88   55   86
  97  128  169  164  145  140  149  118  143  120  113   26   53
 166   17  132  129  168  137  142   83  122   89   54   85   56
 127   96  167  136  141  130  139   90   73   84   57   52   27
  16  133   80  131  138  135   82  123   64   49   74    1   46
  79  126   95  134   81  124   91   72   75   58   47   28   51
  94   15   78  125   92   71   76   63   48   65   50   45    2
   9   12   93   70   77   62   37   66   59   44   31   40   29
  14   69   10    7   36   67   60    5   34   39   42    3   32
  11    8   13   68   61    6   35   38   43    4   33   30   41

 (7, 12)
 Knight's tour solution doesn't exist.

 (8, 0)
 133  100   97   22  135  130   95   20   93   88   81   18   15
  98   23  134  131   96   21  150   91   82   19   16   87   80
 101  132   99  142  153  136  129   94  149   92   89   14   17
  24  141  112  137  128  161  146  151   90   83  124   79   86
 111  102  143  154  145  152  127  160  125  148   85   46   13
 140   25  138  113  162  155  158  147   84  119   78  123   48
 103  110  169  144  157  114  163  126  159  122   47   12   45
  26  139   72  109  168  165  156   75  118   77  120   49   36
   1  104  107  166   71   74  115  164  121   50   37   44   11
 106   27   64   73  108  167   68   59   76  117   52   35   38
  63    2  105   70   67   60   55  116   51   58   41   10   43
  28   65    4   61   30   69    6   57   32   53    8   39   34
   3   62   29   66    5   56   31   54    7   40   33   42    9

 (8, 1)
 Knight's tour solution doesn't exist.

 (8, 2)
 157   34   67   72  161   32   65   74   79   30   63   60   77
  68   71  158   33   66   73  134   31   64   75   78   29   62
  35  156   69  162  135  160  105  112   87   80   61   76   59
  70  165  136  159  106  113  124  133  104  111   88   81   28
 155   36  169  146  163  132  107  114  109   86   91   58   89
 166  145  164  137  152  125  148  123  130  103  110   27   82
  37  154  151  168  147  138  131  108  115   92   85   90   57
 144  167  142  153  126  149  122  129  102   53   56   83   26
 141   38    1  150  139  128  101  116   93   84   49   54   13
   2  143  140  127  100  117   94  121   52   55   14   25   50
  39   98   41  118   95  120   45   20   17   48   51   12    9
  42    3   96   99   44    5   18   47   22    7   10   15   24
  97   40   43    4  119   46   21    6   19   16   23    8   11

 (8, 3)
 Knight's tour solution doesn't exist.

 (8, 4)
 161  128  125   20  159  120  123   18  103  118   11   16   13
 126   21  160  169  124   19  148  119  122   17   14   81   10
 129  162  127  158  151  168  121  104  139  102  117   12   15
  22  157  152  163  166  147  140  149  116  105   82    9   80
 155  130  165  146  143  150  167  138   99   78  101   38   63
 132   23  156  153  164  141  144  115  106   83   64   79    8
 111  154  131  142  145  114  137   98   77  100   39   62   37
  24  133  110  113  136   97   74  107   84   65   76    7   40
  93  112  135   96    1  108   85   66   75   52   61   36   47
 134   25   94  109   86   73    2   53   60   67   48   41    6
  89   92   87   72   95   56   59   68   51   42   33   46   35
  26   71   90   57   28   69   54    3   30   49   44    5   32
  91   88   27   70   55   58   29   50   43    4   31   34   45

 (8, 5)
 Knight's tour solution doesn't exist.

 (8, 6)
 109  166  111   28  107  158  143   30  105   68   71   32   73
 112   27  108  167  144   29  106  103  138   31   74   67   70
 169  110  165  114  157  152  159  142   77  104   69   72   33
  26  113  168  161  164  145  150  139  102  137   78   75   66
 131  162  115  156  151  160  153  146  141   76  101   34   79
 116   25  130  163  154  149  140   99  136   81   84   65   52
 129  132  155  122  125  134  147   82   85  100   53   80   35
  24  117   96  133  148  123   98  135   56   83   64   51   48
  95  128  121  124   97  126    1   86   63   54   49   36    9
 118   23   94  127  120   89   62   55    2   57   10   47   50
  17   20  119   90   93   42   87   58   61   46   37    8    5
  22   91   18   15   88   59   44   13   40    3    6   11   38
  19   16   21   92   43   14   41   60   45   12   39    4    7

 (8, 7)
 Knight's tour solution doesn't exist.

 (8, 8)
 149  152   15  162  127  112   17  110  125   96   19   98  105
  14  165  150  153   16  161  126  113   18  103  106   95   20
 151  148  169  158  163  128  111  132  109  124   97  104   99
 166   13  164  145  154  133  160  123  114  107  102   21   94
 147  144  157  168  159  138  129  108  131   92  115  100   51
  12  167  146  139  142  155  134  117  122  101   52   93   22
  83  140  143  156  137  118  121  130   91  116   61   50   47
  78   11   84  141   80  135   90  119   62   53   48   23   36
  85   82   79  136   89  120   63   54    1   60   37   46   49
  10   77   86   81   64   75   88   59   38   45    2   35   24
  67   70   73   76   87   58   41   44   55   34   27   30    3
  72    9   68   65   74    7   56   39   42    5   32   25   28
  69   66   71    8   57   40   43    6   33   26   29    4   31

 (8, 9)
 Knight's tour solution doesn't exist.

 (8, 10)
  95   90  161   20   85   88   77   22   51   44   47   24   49
 160   19   96   89  158   21   84   87   76   23   50   43   46
  91   94  159  162   97   86  155   78   57   52   45   48   25
  18  169   92  157  154  163   98   83  100   75   58   53   42
  93  136  153  168  165  156  143  150   79   56   81   26   59
 134   17  166  137  148  151  164   99   82  101   74   41   54
 111  114  135  152  167  144  149  142  129   80   55   60   27
  16  133  112  147  138  141  128  145  102   71   62   73   40
 113  110  115  132  127  146  139  130  123  104    1   28   61
 116   15  126  109  140  131  124  103   70   63   72   39    2
   9   12  117  120  125  108   67  122  105   38   31   34   29
  14  119   10    7   66  121  106    5   64   69   36    3   32
  11    8   13  118  107    6   65   68   37    4   33   30   35

 (8, 11)
 Knight's tour solution doesn't exist.

 (8, 12)
 137   54   17   50  135  162   19   48  145  124   21   46   43
  16   51  136  165   18   49  146  163   20   47   44  125   22
  55  138   53  134  169  164  161  144  127  148  123   42   45
  52   15  166  153  158  143  168  147  160   81  126   23  104
 139   56  133  114  167  154  159  128  149  122  105   82   41
  14  115  152  157  142  129  150  155  106   91   80  103   24
  57  140  113  132  151  156  107  130  121  102   83   40   79
 110   13  116  141  108  131  120  101   90   69   92   25   38
 117   58  109  112  119  100   89   76   93   84   39   78    1
  12  111  118   99   88   75   94   85   68   77   70   37   26
  59   98   61   74   95   86   65   34   71   36   29    2    5
  62   11   96   87   64    9   72   67   32    7    4   27   30
  97   60   63   10   73   66   33    8   35   28   31    6    3

 (9, 0)
 Knight's tour solution doesn't exist.

 (9, 1)
 117   18   39   36  119   16   41  156  135   14   43   46  131
  38   35  118   17   40  167  136   15   42  151  132   13   44
  19  116   37  168  159  120  157  152  155  134   45  130   47
  34  163   74  121  166  169  160  137  150  153  142  133   12
  73   20  115  164  161  158  149  154  143  138  129   48  141
  30   33  162   75  122  165  144  147  126  107  140   11  102
  21   72   31  114  145  148  125  110  139  128  103  108   49
  32   29   76  123   92   97  146  127  106  109   50  101   10
  65   22   71   96  113  124   91   98  111  104   89   84   51
  28    1   66   77   70   93  112  105   90   85  100    9   82
  23   64   25   60   95   78   69   86   99   88   83   52   55
   2   27   62   67    4   59   94   79    6   57   54   81    8
  63   24    3   26   61   68    5   58   87   80    7   56   53

 (9, 2)
 Knight's tour solution doesn't exist.

 (9, 3)
 149   16  161  128  155   14  135  120  133   12   93   90   95
 160  127  150   15  158  129  154   13  136  119   96   11   92
  17  148  159  162  151  156  137  134  121  132   91   94   89
 126  169  146  157  138  163  130  153  118   87  100   97   10
 147   18  143  168  165  152  139  122  131  116   83   88   99
 108  125  166  145  142  123  164  117   86  101   98    9   68
  19  144  107  124  167  140   77  102  115   82   69   84   49
 106  109  112  141   76  103  114   81   70   85   50   67    8
 111   20   73  104  113   78   71   46   51   66   43   48   35
  56  105  110    1   72   75   80   65   44   47   36    7   28
  21   60   57   74   79   64   45   52   39   42   29   34   31
  58   55   62   23    2   53   40   25    4   37   32   27    6
  61   22   59   54   63   24    3   38   41   26    5   30   33

 (9, 4)
 Knight's tour solution doesn't exist.

 (9, 5)
 151  108  119   18  149  110  117   16  115  112   93   14   11
 120   19  150  109  118   17  148  111   94   15   12  113   92
 107  152  121  162  147  144  141  116  135  114   95   10   13
  20  165  106  153  140  161  136  145  142   89  134   91   86
 105  122  169  158  163  146  143  132  137   96   87   42    9
 166   21  164  129  154  139  160   97   88  133   90   85   44
 123  104  157  168  159  128  131  138   79   84   43    8   41
  22  167   76  127  130  155   78   83   98   81   64   45   32
  75  124  103  156   77  126   99   80   65   46   33   40    7
 102   23   74  125  100    1   66   55   82   63   48   31   34
  73   70  101   58   67   56   51   62   47   54   37    6   39
  24   59   68   71   26   61    2   53   28   49    4   35   30
  69   72   25   60   57   52   27   50    3   36   29   38    5

 (9, 6)
 Knight's tour solution doesn't exist.

 (9, 7)
 129   14  131  122  149   12  163  158  169   10  165  104  155
 126  121  128   13  132  147  168   11  164  153  156    9  106
  15  130  125  148  123  150  159  162  157  166  105  154  103
 120  127  118  133  138  161  146  167  152  101  142  107    8
 117   16  137  124  145  114  151  160  143  108   91  102   77
  58  119  116  113  134  139  144  109  100  141   78    7   92
  17  112   59  136  115  110   99  140   81   90   93   76   67
  60   57   86  111   98  135   82   89   94   75   68   79    6
  85   18   97   72   83   88   95   74   69   80   41   66   33
  56   61   84   87   96   73   70    1   42   65   34    5   26
  19   50   53   62   71   46   43   64   37   40   27   32   29
  52   55   48   21   44   63   38   23    2   35   30   25    4
  49   20   51   54   47   22   45   36   39   24    3   28   31

 (9, 8)
 Knight's tour solution doesn't exist.

 (9, 9)
  55  126   17  162   57  128   19   82   59   84   21   80   61
  16  165   56  127   18  161   58  129   20   81   60   85   22
 125   54  169  158  163  142  145  136   83  130   87   62   79
 166   15  164  123  154  137  160  141  144   77   90   23   86
  53  124  157  168  159  146  143  138  135   88  131   78   63
  14  167   52  153  122  155  140  147  132   91   76   89   24
  51  102  121  156  151  148  119  110  139  134  117   64   75
 106   13  152  103  120  109  150  133  118   73   92   25   38
 101   50  105  108  149  114  111   72   93  116   39   74   65
  12  107  100  113  104   71   94  115   40    1   66   37   26
  49   98   47   70   95  112   43   34   67   36   29    2    5
  46   11   96   99   44    9   68   41   32    7    4   27   30
  97   48   45   10   69   42   33    8   35   28   31    6    3

 (9, 10)
 Knight's tour solution doesn't exist.

 (9, 11)
  83  116   19  150   85  118   21  124   87   46   23   48   89
  18  153   84  117   20  151   86  119   22  125   88   45   24
 115   82  169  152  149  120  123  144  127   98   47   90   49
 168   17  154  121  166  145  148   99  130   95  126   25   44
  81  114  167  146  155  122  143  128  139  100   97   50   91
  16  161   80  165  142  147  138  131   96  129   94   43   26
  79  164  113  160  137  156  109  140  101  132   63   92   51
 106   15  162  157  108  141  136  133   64   93   54   27   42
 163   78  107  112  159  110   65  102  135   62   41   52   55
  14  105  158   77   66  103  134   61   40   53   56    1   28
  69   72   75  104  111   60   39   34   57   36   31    4    7
  74   13   70   67   76   11   58   37   32    9    6   29    2
  71   68   73   12   59   38   33   10   35   30    3    8    5

 (9, 12)
 Knight's tour solution doesn't exist.

 (10, 0)
 163  168  161   22  157  134  139   20   71   56   13   18   15
 160   23  164  155  140   21   72   69  112   19   16   55   12
 169  162  167  158  133  156  135  138   73   70   57   14   17
  24  159  154  165  136  141  132  113   68  111   66   11   54
 151  166  145  142  153  130  137  124  115   74   63   58   65
 144   25  152  149  146  125  114  131  110   67  102   53   10
  91  150  143  126  129  148  123  116  103   62   75   64   59
  26  127   92  147  122  117  104  109   82  101   60    9   52
  93   90  121  128  105  108   85  100   61   46   51   76   39
 120   27   94   89  118   99  106   83   86   81   40   47    8
   1   30  119   98  107   84   87   80   45   50   77   38   41
  28   95   32    3   88   97   34    5   78   43   36    7   48
  31    2   29   96   33    4   79   44   35    6   49   42   37

 (10, 1)
 Knight's tour solution doesn't exist.

 (10, 2)
 115   18  151  162  113   16  127  146  111   14   87   92   89
 152  165  114   17  150  163  112   15  126   93   90   13   86
  19  116  169  164  161  132  145  128  147  110   97   88   91
 166  153  158  131  168  149  160  133   98  125   94   85   12
 117   20  167  154  159  144  129  148  109  134   99   96   81
  54  157  118  141  130  155  136  143  124   95   82   11   84
  21   64   55  156  137  142  123  108  135  100  103   80   73
  56   53  140  119  122   77  138  101  104   79   74   83   10
  65   22   63   68  139  120  107   78   75  102   45   72   37
  52   57   66  121   48   69   76  105   46   71   38    9   30
  23   62    1   58   67  106   47   70   41   44   31   36   33
   2   51   60   25    4   49   42   27    6   39   34   29    8
  61   24    3   50   59   26    5   40   43   28    7   32   35

 (10, 3)
 Knight's tour solution doesn't exist.

 (10, 4)
 151  138  135   20  165  130  133   18  119   92   11   16   13
 136   21  150  169  134   19  146  129  132   17   14   91   10
 139  152  137  164  149  166  131  120  125  118   93   12   15
  22  143  168  153  162  145  126  147  128  121  116    9   90
 159  140  163  144  167  148  155  124  117   94  109   38  111
 142   23  158  161  154  103   98  127  122  115  112   89    8
  59  160  141  102   97  156  123  114   95  108   39  110   37
  24   83   58  157  104   99   96   69  106  113   88    7   40
  57   60  101   82   85   66  105   72   87   68  107   36   47
  78   25   84   65  100   81   86   67   70   73   48   41    6
  61   56   77   80    1   64   71   74   51   42   33   46   35
  26   79   54   63   28   75   52    3   30   49   44    5   32
  55   62   27   76   53    2   29   50   43    4   31   34   45

 (10, 5)
 Knight's tour solution doesn't exist.

 (10, 6)
  71  148   73   34   69  150  155   36   67  136  113   38   65
  74   33   70  149  168   35   68  151  156   37   66   87  112
 147   72  169   76  161  154  157  118  137  114  135   64   39
  32   75  146  167  158  163  142  133  152  119   88  111   86
 129  166   77  162  145  160  153  138  117  134  115   40   63
  78   31  130  159  164  141  132  143  120   89  110   85  100
 125  128  165  106  131  144  139   90  109  116  101   62   41
  30   79  124  127  140   91  108  121  102   61   84   99   20
  55  126  105   80  107  122  103   92   83   98   21   42    9
  48   29   56  123  104   93   82   97   60   43   10   19   22
  51   54   49   94   81   96    1   44   13   16   23    8    5
  28   47   52   57   26   45   14   59   24    3    6   11   18
  53   50   27   46   95   58   25    2   15   12   17    4    7

 (10, 7)
 Knight's tour solution doesn't exist.

 (10, 8)
 157   78  169   18  155   76  129   16  131   74    9   14   11
 166   19  156   77  168   17  140   75  128   15   12   73    8
  79  158  167  162  141  154  135  130  139  132   71   10   13
  20  165   80  159  152  163  142  133  120  127  138    7   72
  81  106  161  164  149  134  153  136  143  118  121   70  123
 104   21  148  107  160  151  146  119  126  137  124  113    6
  57   82  105  150  147  108   99  144  117  112   67  122   69
  22  103   56   83   94  145  116  111   98  125  114    5   46
  55   58   93  102  109   64   95  100  115   66   45   68   37
  88   23   84   63   90  101  110   65   44   97   38   47    4
  59   54   89   92   85   62   41   96    1   48   31   36   33
  24   87   52   61   26   91   50   43   28   39   34    3   30
  53   60   25   86   51   42   27   40   49    2   29   32   35

 (10, 9)
 Knight's tour solution doesn't exist.

 (10, 10)
  81  152   83   14   79  162  135   16   77  122  111   18   75
  84   13   80  169  136   15   78  163  112   17   76  117  110
 153   82  151   86  161  168  165  134  123  118  121   74   19
  12   85  154  149  166  137  160  119  164  113  124  109  116
  95  150   87  146  155  158  167  138  133  120  115   20   73
  88   11   94  157  148  145  132  159  114  139  108  125   34
  93   96  147  100  131  156  143  140  129  126   35   72   21
  10   89   66   97  144  101  130   69  142  107  128   33   36
  57   92   99  102   65   68  141  106  127   46   71   22   43
  90    9   58   67   98  103   62   47   70  105   44   37   32
  53   56   91   64   61   50   27  104   45   38    1   42   23
   8   59   54   51    6   63   48   29    4   25   40   31    2
  55   52    7   60   49   28    5   26   39   30    3   24   41

 (10, 11)
 Knight's tour solution doesn't exist.

 (10, 12)
  75  152   13  120   77  162   15   92   79   94   17   90   81
  12  121   76  169   14  119   78  163   16   91   80   95   18
 153   74  151  122  161  168  165  118   93  116   97   82   89
 142   11  154  149  166  123  160  115  164   87  100   19   96
  73  150  143  146  155  158  167  124  117   98  113   88   83
  10  141   72  157  148  145  136  159  114  101   86   99   20
  71  108  147  144  137  156  127  102  125  112   55   84   45
 132    9  140  109  128  135  138  111   56   85   46   21   34
 107   70  131  134  139  110   57  126  103   54   35   44   47
   8  133  106   69   58  129  104   53   36   43   48   33   22
  61   64   67  130  105   52   39   42   49   32   25   28    1
  66    7   62   59   68    5   50   37   40    3   30   23   26
  63   60   65    6   51   38   41    4   31   24   27    2   29

 (11, 0)
 Knight's tour solution doesn't exist.

 (11, 1)
 101   32   59   64  103   30   57   66   71   28   55   52   69
  60   63  102   31   58   65  104   29   56   67   70   27   54
  33  100   61  112  119  106  127  114   79   72   53   68   51
  62  109  120  107  128  113  118  105  126  115   80   73   26
  99   34  111  158  121  148  129  124  117   78   83   50   81
 110  157  108  149  160  167  122  135  130  125  116   25   74
  35   98  159  166  153  134  147  164  123   84   77   82   49
 156   95  150  161  168  165  142  133  136  131   48   75   24
  97   36  169  154  141  152  163  146   85   76   43   46   11
  94  155   96  151  162  143   86  137  132   47   12   23   44
  37   90   93  140   87  138  145   18   15   42   45   10    7
  92    1   88   39  144    3   16   41   20    5    8   13   22
  89   38   91    2  139   40   19    4   17   14   21    6    9

 (11, 2)
 Knight's tour solution doesn't exist.

 (11, 3)
 141   96  143   14  153   98  149   16   63   56   59   18   61
 144   13  140   97  150   15  138   99  136   17   62   55   58
  95  142  145  154  139  152  135  148   69   64   57   60   19
  12  161   94  151  146  155  128  137  100  131   70   65   54
  93  114  169  160  157  134  147  130  127   68  101   20   71
 162   11  158  115  168  129  156  123  132  125  120   53   66
 113   92  163  166  159  110  133  126  121  102   67   72   21
  10  165  112  109  116  167  122  103  124  119   86   75   52
  91  108   81  164  111  104   83  118   87   76   45   22   73
  30    9   90  107   82  117   88  105   44   85   74   51   38
   3    6   31   80   89  106   43   84   77   50   37   46   23
   8   29    4    1   32   27   78   41   34   25   48   39   36
   5    2    7   28   79   42   33   26   49   40   35   24   47

 (11, 4)
 Knight's tour solution doesn't exist.

 (11, 5)
 161   30   57   62  117   28   55   64   69   26   53   50   67
  58   61  160   29   56   63  116   27   54   65   68   25   52
  31  162   59  156  165  118  129   98   77   70   51   66   49
  60  159  166  163  130  127  100  115  102   97   78   71   24
 169   32  155  150  157  164  119  128   99   76   81   48   79
 154  151  158  167  144  131  126  101  114  103   96   23   72
  33  168  149  152  137  142  145  120  125   82   75   80   47
 148  153  138  143  146  123  132  113  104   95   46   73   22
 139   34  147  136  141  112  121  124   83   74   41   44    9
  88  135  140  111  122  133   84  105   94   45   10   21   42
  35  110   89  134   85  106   93   16   13   40   43    8    5
  90   87  108   37   92    1   14   39   18    3    6   11   20
 109   36   91   86  107   38   17    2   15   12   19    4    7

 (11, 6)
 Knight's tour solution doesn't exist.

 (11, 7)
 151  102  105   18  149  162  107   16  115  110    9   14   11
 104   19  150  165  106   17  136  163  108   15   12   79    8
 101  152  103  148  169  164  161  114  111  116  109   10   13
  20  147  166  153  158  137  168  135  160  113   80    7   78
 145  100  141  138  167  154  159  112  119   76  117   36   61
 124   21  146  157  142  139  134  155  130   81   62   77    6
  99  144  123  140  133  156  129  120   75  118   37   60   35
  22  125   96  143  128  121   72  131   82   63   74    5   38
  91   98  127  122   95  132   83   64   73   50   59   34   45
 126   23   92   97   84   71   94   51   58   65   46   39    4
  87   90   85   70   93   54   57   66   49   40   31   44   33
  24   69   88   55   26   67   52    1   28   47   42    3   30
  89   86   25   68   53   56   27   48   41    2   29   32   43

 (11, 8)
 Knight's tour solution doesn't exist.

 (11, 9)
 147  152   21   82  135  162   23   80  133  110   25   78   75
  20   83  148  169   22   81  134  163   24   79   76  109   26
 153  146  151  136  161  168  165  132  111  128  105   74   77
  84   19  154  149  166  137  160  127  164  131  108   27  106
  95  150  145  142  155  158  167  138  123  112  129  104   73
  18   85   94  157  144  141  126  159  130   71  114  107   28
  93   96  143   86  119  156  139  122  113  124   67   72  103
  44   17   90   97  140  121  118  125   70  115  102   29   56
  89   92   45  120   87   98   63  116  101   66   57   68    7
  16   43   88   91   62  117  100   65   58   69    8   55   30
  49   46   61   40   99   64   59   36   11   54   31    6    3
  42   15   48   51   60   13   38   53   34    1    4    9   32
  47   50   41   14   39   52   35   12   37   10   33    2    5

 (11, 10)
 Knight's tour solution doesn't exist.

 (11, 11)
  63   98   65   18   61  136  119   20   59  140  121   22   57
  66   17   62  137  116   19   60  139  120   21   58  129  122
  97   64   99   68  135  138  143  118  161  130  141   56   23
  16   67  134  115  144  117  154  131  142  125  160  123  128
 103   96   69  100  153  132  145  162  155  158  127   24   55
  70   15  102  133  114  169  152  157  126  163  124  159   48
  77  104   95  150  101  146  113  168  165  156   49   54   25
  14   71   78  105  108  151  166  147   88  111  164   47   44
  79   76  107   94  149   86  109  112  167   50   45   26   53
  72   13   80   85  106   93  148   87  110   89   52   43   46
   7   10   75   92   81   84   35   90   51   42   29   38   27
  12   73    8    5   34   91   82    3   32   37   40    1   30
   9    6   11   74   83    4   33   36   41    2   31   28   39

 (11, 12)
 Knight's tour solution doesn't exist.

 (12, 0)
 157  106  103   20  151  100   47   18   49   98   45   16   13
 104   21  156  143  102   19  150   99   46   17   14   51   44
 107  158  105  152  165  144  101   48  125   50   97   12   15
  22  155  164  159  142  149  124  145   96   63   58   43   52
 163  108  161  148  153  166  141  126   59  122   53   62   11
 110   23  154  169  160  127  146  123   64   95   60   57   42
  31  162  109  128  147  140  167  132  121   54   65   10   61
  24  111   30  137  168  129  120  139   94  131   74   41   56
  29   32   85  114  119  138  133  130  117   92   55   66    9
  84   25  112   79  136  115  118   93  134   75   90   73   40
  33   28   81   86  113   78  135  116   91   72   69    8   67
  26   83    2   35   80   87    4   37   76   89    6   39   70
   1   34   27   82    3   36   77   88    5   38   71   68    7

 (12, 1)
 Knight's tour solution doesn't exist.

 (12, 2)
 163  168  151    8  135  154  125   10   71   64   67   12   69
 150    7  164  159  152    9  134  137  124   11   70   63   66
 169  162  167  148  155  136  153  126   77   72   65   68   13
   6  149  158  165  160  141  144  133  138  123   78   73   62
 109  166  161  142  147  156  139  122  127   76  129   14   79
  94    5  110  157  140  143  132  145  130  121   86   61   74
  97  108   95  118  111  146  105  120  113  128   75   80   15
   4   93   98  107  104  119  112  131  102   87  114   85   60
  31   96   39   92  117  106  103   88  115   84   53   16   81
  24    3   32   99   40   91  116  101   52   89   82   59   48
  27   30   25   38   35  100   41   90   83   58   47   54   17
   2   23   28   33   42   21   36   51   44   19   56   49   46
  29   26    1   22   37   34   43   20   57   50   45   18   55

 (12, 3)
 Knight's tour solution doesn't exist.

 (12, 4)
 133  100   97   18  135  130   95   16   93   88   81   14   11
  98   19  134  131   96   17  150   91   82   15   12   87   80
 101  132   99  142  153  136  129   94  149   92   89   10   13
  20  141  112  137  128  161  146  151   90   83  124   79   86
 111  102  143  154  145  152  127  160  125  148   85   42    9
 140   21  138  113  162  155  158  147   84  119   78  123   44
 103  110  169  144  157  114  163  126  159  122   43    8   41
  22  139   72  109  168  165  156   75  118   77  120   45   32
  63  104  107  166   71   74  115  164  121   46   33   40    7
 106   23   64   73  108  167   68   55   76  117   48   31   34
  59   62  105   70   67   56   51  116   47   54   37    6   39
  24   65   60   57   26   69    2   53   28   49    4   35   30
  61   58   25   66    1   52   27   50    3   36   29   38    5

 (12, 5)
 Knight's tour solution doesn't exist.

 (12, 6)
 133   14  135  126  149   12  137  160  153   10   87   92   89
 128  125  132   13  136  169  150   11  138   93   90    9   86
  15  134  127  166  131  148  161  154  159  152   97   88   91
 124  129  122  143  162  157  168  151   98  139   94   85    8
 117   16  165  130  167  142  147  158  155  108   99   96   81
  52  123  116  121  144  163  156  111  140   95   82    7   84
  17  118   53  164  105  112  141  146  107  100  109   80   75
  54   51   70  115  120  145  106  101  110   79   74   83    6
  59   18  119   62   71  104  113   78   73  102   41   76   33
  50   55   60   69  114   63   72  103   42   77   34    5   26
  19   58   47   66   61   68   43   64   37   40   27   32   29
  46   49   56   21   44   65   38   23    2   35   30   25    4
  57   20   45   48   67   22    1   36   39   24    3   28   31

 (12, 7)
 Knight's tour solution doesn't exist.

 (12, 8)
 133  100   97   16  135  130   95   14   93   88   81   12    9
  98   17  134  131   96   15  150   91   82   13   10   87   80
 101  132   99  142  153  136  129   94  149   92   89    8   11
  18  141  112  137  128  161  146  151   90   83  124   79   86
 111  102  143  154  145  152  127  160  125  148   85   40    7
 140   19  138  113  162  155  158  147   84  119   78  123   42
 103  110  169  144  157  114  163  126  159  122   41    6   39
  20  139   72  109  168  165  156   75  118   77  120   43   30
  63  104  107  166   71   74  115  164  121   44   31   38    5
 106   21   64   73  108  167   68   53   76  117   46   29   32
  59   62  105   70   67   56   49  116   45   52   35    4   37
  22   65   60   57   24   69   54   51   26   47    2   33   28
  61   58   23   66   55   50   25   48    1   34   27   36    3

 (12, 9)
 Knight's tour solution doesn't exist.

 (12, 10)
 133   12  135  126  149   10  137  160  153    8   87   92   89
 128  125  132   11  136  169  150    9  138   93   90    7   86
  13  134  127  166  131  148  161  154  159  152   97   88   91
 124  129  122  143  162  157  168  151   98  139   94   85    6
 117   14  165  130  167  142  147  158  155  108   99   96   81
  52  123  116  121  144  163  156  111  140   95   82    5   84
  15  118   53  164  105  112  141  146  107  100  109   80   75
  54   51   70  115  120  145  106  101  110   79   74   83    4
  59   16  119   62   71  104  113   78   73  102   39   76   31
  50   55   60   69  114   63   72  103   40   77   32    3   24
  17   58   47   66   61   68   41   64   35   38   25   30   27
  46   49   56   19   44   65   36   21   42   33   28   23    2
  57   18   45   48   67   20   43   34   37   22    1   26   29

 (12, 11)
 Knight's tour solution doesn't exist.

 (12, 12)
 165  120  117   14  169  144  115   12  109   90   87   10    7
 118   15  166  145  116   13  110  107   88   11    8   91   86
 121  164  119  162  155  168  143  114   93  108   89    6    9
  16  161  158  167  146  153  156  111  106   83   92   85   80
 159  122  163  154  157  134  147  142  113   94   81   48    5
 138   17  160  149  152  141  112  103   82  105   84   79   50
 123  150  137  140  133  148  135  130   95   78   49    4   47
  18  139   74  151  136  131  102   77  104   45   96   51   28
  65  124  127  132   73   76  129  100   97   54   29   46    3
 126   19   66   75  128  101   70   55   44   99   52   27   30
  61   64  125   72   69   58   41   98   53   38   33    2   35
  20   67   62   59   22   71   56   39   24   43   36   31   26
  63   60   21   68   57   40   23   42   37   32   25   34    1

 Took about 0.17 seconds.
 Success: 84 starting point(s).
 Failure: 85 starting point(s).
