 There are 81 starting points.
 Finding the solution from each starting point...

 (0, 0)
  1  54  19  74   3  52  31  50   5
 18  77   2  53  32  73   4  35  30
 55  20  81  72  75  34  51   6  49
 78  17  76  33  70  47  62  29  36
 21  56  71  80  63  44  37  48   7
 16  79  22  69  38  61  46  43  28
 23  68  57  64  45  42  39   8  11
 58  15  66  25  60  13  10  27  40
 67  24  59  14  65  26  41  12   9

 (0, 1)
 Knight's tour solution doesn't exist.

 (0, 2)
 59  56   1  26  43  50  53  28  45
  2  25  58  63  54  27  44  39  52
 57  60  55  42  49  78  51  46  29
 24   3  64  81  62  47  40  79  38
 65  70  61  48  41  80  77  30  13
  4  23  66  71  74  31  14  37  76
 69  20  73  32  17  34  75  12   9
 22   5  18  67  72   7  10  15  36
 19  68  21   6  33  16  35   8  11

 (0, 3)
 Knight's tour solution doesn't exist.

 (0, 4)
 77  36  17  40   1  74  19  42   3
 16  39  76  73  18  41   2  71  20
 35  78  37  68  75  72  65   4  43
 38  15  62  79  66  57  70  21  54
 81  34  67  60  69  64  55  44   5
 14  61  80  63  56  45  58  53  22
 33  50  31  46  59  52  25   6   9
 30  13  48  51  28  11   8  23  26
 49  32  29  12  47  24  27  10   7

 (0, 5)
 Knight's tour solution doesn't exist.

 (0, 6)
 81  78  71  18  67  54   1  20  23
 70  17  76  79  72  19  22  53   2
 77  80  73  68  61  66  55  24  21
 16  69  62  75  56  39  48   3  52
 63  74  41  60  65  58  51  38  25
 32  15  64  57  40  47  26  49   4
  9  12  33  42  59  50  37  46  27
 14  31  10   7  34  29  44   5  36
 11   8  13  30  43   6  35  28  45

 (0, 7)
 Knight's tour solution doesn't exist.

 (0, 8)
 45  48  81   6  43  18  21   4   1
 78   7  44  47  80   5   2  17  20
 49  46  79  74  25  42  19  22   3
  8  77  50  67  56  75  24  27  16
 51  68  57  76  73  26  41  34  23
 62   9  70  55  66  35  72  15  28
 69  52  63  58  71  40  31  36  33
 10  61  54  65  12  59  38  29  14
 53  64  11  60  39  30  13  32  37

 (1, 0)
 Knight's tour solution doesn't exist.

 (1, 1)
 67  78  15   2  17  52  55   4  19
 14   1  66  79  56   3  18  51  54
 81  68  77  16  65  72  53  20   5
 30  13  80  73  76  57  46  63  50
 69  74  31  60  71  64  49   6  21
 12  29  70  75  58  45  62  47  40
 35  32  59  26  61  48  41  22   7
 28  11  34  37  44   9  24  39  42
 33  36  27  10  25  38  43   8  23

 (1, 2)
 Knight's tour solution doesn't exist.

 (1, 3)
 35   2  25  20  33  28  13  18  15
 24  21  34   1  26  19  16  29  12
  3  36  23  74  39  32  27  14  17
 22  77  54  37  56  75  40  11  30
 53   4  81  76  73  38  31  58  41
 78  65  70  55  80  57  72  45  10
  5  52  79  66  71  48  61  42  59
 64  69  50   7  62  67  44   9  46
 51   6  63  68  49   8  47  60  43

 (1, 4)
 Knight's tour solution doesn't exist.

 (1, 5)
 25  22  13  80  49  20  15   2  47
 12  81  24  21  14   1  48  19  16
 23  26  79  64  69  50  17  46   3
 78  11  68  73  76  65  44  51  18
 27  72  77  66  63  70  75   4  45
 10  67  28  71  74  61  52  43  34
 29  56  59  62  53  42  35  38   5
 58   9  54  31  60   7  40  33  36
 55  30  57   8  41  32  37   6  39

 (1, 6)
 Knight's tour solution doesn't exist.

 (1, 7)
 33  66  17  80  31  68  19  22  29
 16  81  32  67  18  75  30   1  20
 65  34  79  74  69  56  21  28  23
 78  15  70  57  76  73  26  55   2
 35  64  77  72  53  58  49  24  27
 14  71  36  63  48  25  54   3  42
 37  62  47  52  59  50  43   6   9
 46  13  60  39  44  11   8  41   4
 61  38  45  12  51  40   5  10   7

 (1, 8)
 Knight's tour solution doesn't exist.

 (2, 0)
 23   2  21  58  25   4  73  56  27
 20  51  24   3  74  57  26   5  72
  1  22  77  50  59  70  75  28  55
 48  19  52  81  76  63  54  71   6
 37  78  49  60  53  80  69  62  29
 18  47  38  79  64  61  30   7  68
 39  36  65  44  33  42  67  10  13
 46  17  34  41  66  15  12  31   8
 35  40  45  16  43  32   9  14  11

 (2, 1)
 Knight's tour solution doesn't exist.

 (2, 2)
 63   2  15  76  39  36  13  32  41
 16  81  64  37  14  77  40  35  12
  3  62   1  78  75  38  33  42  31
 80  17  74  65  68  71  52  11  34
 61   4  79  72  55  66  69  30  43
 18  73  56  67  70  53  44  51  10
  5  60  21  54  57  50  27  46  29
 22  19  58   7  24  45  48   9  26
 59   6  23  20  49   8  25  28  47

 (2, 3)
 Knight's tour solution doesn't exist.

 (2, 4)
 35  68  19  80  33   2  21  24  31
 18  81  34  69  20  75  32   3  22
 67  36  79  74   1  58  23  30  25
 78  17  70  59  76  73  28  57   4
 37  66  77  72  55  60  51  26  29
 16  71  38  65  50  27  56   5  44
 39  64  49  54  61  52  45   8  11
 48  15  62  41  46  13  10  43   6
 63  40  47  14  53  42   7  12   9

 (2, 5)
 Knight's tour solution doesn't exist.

 (2, 6)
 61  22   5  18  59  78   3  16  41
  6  19  60  81   4  17  42  79   2
 23  62  21  58  77  80   1  40  15
 20   7  72  63  54  39  76  43  52
 73  24  57  70  75  64  53  14  45
  8  71  74  65  38  55  44  51  34
 25  66  27  56  69  50  33  46  13
 28   9  68  37  30  11  48  35  32
 67  26  29  10  49  36  31  12  47

 (2, 7)
 Knight's tour solution doesn't exist.

 (2, 8)
 65  38  35   4  23  16  19   2  21
 36   5  66  39  34   3  22  15  18
 67  64  37  78  61  24  17  20   1
  6  81  62  69  40  33  58  25  14
 63  68  77  60  79  54  41  32  57
 74   7  80  53  70  59  56  13  26
 49  52  73  76  55  46  29  42  31
  8  75  50  47  10  71  44  27  12
 51  48   9  72  45  28  11  30  43

 (3, 0)
 Knight's tour solution doesn't exist.

 (3, 1)
 43  24   3  22  41  48   5  36  39
  2  21  42  47   4  37  40  49   6
 25  44  23  80  57  54  51  38  35
 20   1  46  55  52  79  58   7  50
 45  26  81  68  71  56  53  34  59
 76  19  70  27  78  67  72  63   8
 13  16  77  66  69  64  31  60  33
 18  75  14  11  28  73  62   9  30
 15  12  17  74  65  10  29  32  61

 (3, 2)
 Knight's tour solution doesn't exist.

 (3, 3)
 19  16  13  78  57  66  11  64  59
 14  81  18  67  12  79  58  55  10
 17  20  15  80  77  56  65  60  63
 72  41  74   1  68  61  76   9  54
 21   2  71  42  75  44  53  62  29
 40  73  22  49  52  69  28  45   8
  3  36  39  70  43  48  51  30  27
 38  23  34   5  50  25  32   7  46
 35   4  37  24  33   6  47  26  31

 (3, 4)
 Knight's tour solution doesn't exist.

 (3, 5)
 41  38  11  72  81  36  13  16  19
 10  77  40  37  12  73  18  35  14
 39  42  71  78  75  80  15  20  17
 68   9  76  53  64   1  74  55  34
 43  52  67  70  79  54  57   2  21
  8  69  44  63  58  65  22  33  56
 51  48  59  66  45  32  25  28   3
 60   7  46  49  62   5  30  23  26
 47  50  61   6  31  24  27   4  29

 (3, 6)
 Knight's tour solution doesn't exist.

 (3, 7)
 81  62  79  10  67  22   3   8   5
 74  11  72  61  78   9   6  21   2
 63  80  75  68  71  66  23   4   7
 12  73  64  77  60  69  54   1  20
 37  76  51  70  65  58  47  24  55
 50  13  38  59  48  53  56  19  28
 33  36  49  52  57  46  27  42  25
 14  39  34  31  16  41  44  29  18
 35  32  15  40  45  30  17  26  43

 (3, 8)
 Knight's tour solution doesn't exist.

 (4, 0)
 75  58  81  16  77  60  63  14  11
 80  17  76  59  64  15  12  27  62
 55  74  57  78  69  72  61  10  13
 18  79  54  73  52  65  28  71  26
  1  56  51  68  45  70  47  30   9
 50  19  40  53  48  29  66  25  34
 39   2  49  44  67  46  33   8  31
 20  41   4  37  22  43   6  35  24
  3  38  21  42   5  36  23  32   7

 (4, 1)
 Knight's tour solution doesn't exist.

 (4, 2)
 57  74  49  24  41  54  51  26  43
 48  23  56  77  50  25  42  37  52
 73  58  75  40  55  78  53  44  27
 22  47  72  81  76  45  38  69  36
 59  64   1  46  39  70  79  28  11
  2  21  60  71  80  29  12  35  68
 63  18  65  30  15  32  67  10   7
 20   3  16  61  66   5   8  13  34
 17  62  19   4  31  14  33   6   9

 (4, 3)
 Knight's tour solution doesn't exist.

 (4, 4)
 79  76  11  44  53  30  13  32  49
 10  43  80  77  12  45  50  29  14
 81  78  75  52  69  54  31  48  33
 42   9  70  73  64  51  46  15  28
 71  74  63  68   1  66  55  34  47
  8  41  72  65  56  35   2  27  16
 59  62  39  36  67  26  19  22   3
 40   7  60  57  38   5  24  17  20
 61  58  37   6  25  18  21   4  23

 (4, 5)
 Knight's tour solution doesn't exist.

 (4, 6)
 39  44  73  16  37  46  69  18  35
 72  15  38  45  70  17  36  47  54
 43  40  71  74  51  68  55  34  19
 14  81  42  67  56  75  50  53  48
 41  66  63  80  77  52   1  20  33
 62  13  78  27  64  57  76  49   2
  7  10  65  58  79  28  23  32  21
 12  61   8   5  26  59  30   3  24
  9   6  11  60  29   4  25  22  31

 (4, 7)
 Knight's tour solution doesn't exist.

 (4, 8)
 81  32  13  36  75  66  15  38  63
 12  35  80  77  14  37  64  51  16
 31  78  33  74  65  76  67  62  39
 34  11  58  79  70  61  52  17  50
 57  30  73  60  53  68  71  40   1
 10  59  56  69  72  41  54  49  18
 29  46  27  42  55  48  21   2   5
 26   9  44  47  24   7   4  19  22
 45  28  25   8  43  20  23   6   3

 (5, 0)
 Knight's tour solution doesn't exist.

 (5, 1)
 63  12  51  56  61  10  49  28  25
 52  55  62  11  50  29  26   9  48
 13  64  53  74  57  60  47  24  27
 54  77  14  65  46  73  30  59   8
 15  42  81  70  75  58  45  32  23
 78   1  76  43  66  31  72   7  36
 41  16  69  80  71  44  35  22  33
  2  79  18  39   4  67  20  37   6
 17  40   3  68  19  38   5  34  21

 (5, 2)
 Knight's tour solution doesn't exist.

 (5, 3)
 49  10  81  62  51   8  55  60  57
 80  45  50   9  70  61  58   7  54
 11  48  75  78  63  52  71  56  59
 44  79  46  69  74  77  64  53   6
 47  12  41  76  65  68  39  72  25
 30  43  66   1  40  73  26   5  18
 13  34  31  42  67  38  19  24  21
 32  29  36  15   2  27  22  17   4
 35  14  33  28  37  16   3  20  23

 (5, 4)
 Knight's tour solution doesn't exist.

 (5, 5)
 71  32  13  36  77  80  15  38  53
 12  35  72  81  14  37  54  79  16
 31  70  33  76  73  78  41  52  39
 34  11  74  67  50  55  44  17  42
 69  30  65  56  75  48  51  40  45
 10  57  68  49  66   1  46  43  18
 29  60  27  64  47  62  21   2   5
 26   9  58  61  24   7   4  19  22
 59  28  25   8  63  20  23   6   3

 (5, 6)
 Knight's tour solution doesn't exist.

 (5, 7)
 75  32  15  36  69  80  17  38  53
 14  35  74  81  16  37  54  49  18
 31  76  33  68  79  70  65  52  39
 34  13  78  73  66  55  50  19  48
 77  30  67  58  71  64  47  40  51
 12  59  72  63  46  41  56   1  20
 29  62  27  42  57  44  23   4   7
 26  11  60  45  24   9   6  21   2
 61  28  25  10  43  22   3   8   5

 (5, 8)
 Knight's tour solution doesn't exist.

 (6, 0)
 57  62  53  16  55  64   9  14  11
 52  17  56  63  80  15  12  71   8
 61  58  81  54  65  72  75  10  13
 18  51  60  79  74  49  66   7  70
 59  78  47  50  67  76  73  40  29
 46  19  36  77  48  39  30  69   6
  1  22  45  38  35  68  41  28  31
 20  37  24   3  44  33  26   5  42
 23   2  21  34  25   4  43  32  27

 (6, 1)
 Knight's tour solution doesn't exist.

 (6, 2)
 37  12  35  74  39  10  43  54  41
 34  77  38  11  50  73  40   9  44
 13  36  81  70  75  46  55  42  53
 78  33  76  49  66  51  72  45   8
 59  14  69  80  71  56  47  52  27
 32  79  58  65  48  67  28   7  20
 15  60   1  68  57  64  21  26  23
  2  31  62  17   4  29  24  19   6
 61  16   3  30  63  18   5  22  25

 (6, 3)
 Knight's tour solution doesn't exist.

 (6, 4)
 61  32  59  14  63  30   7  12   9
 58  15  62  31  56  13  10  29   6
 33  60  57  70  53  64  27   8  11
 16  71  34  81  66  55  50   5  28
 35  80  73  54  69  52  65  26  43
 72  17  78  67  74  49  44  51   4
 79  36  75  48   1  68  23  42  25
 18  47  38  77  20  45  40   3  22
 37  76  19  46  39   2  21  24  41

 (6, 5)
 Knight's tour solution doesn't exist.

 (6, 6)
 73  58  81  10  39  60  35  12  37
 70   9  72  59  80  11  38  41  34
 57  74  69  78  67  40  61  36  13
  8  71  66  75  62  79  50  33  42
 27  56  77  68  65  54  43  14  51
 20   7  28  55  76  63  52  49  32
 23  26  21  64  53  48   1  44  15
  6  19  24  29   4  17  46  31   2
 25  22   5  18  47  30   3  16  45

 (6, 7)
 Knight's tour solution doesn't exist.

 (6, 8)
 81  76   9  50  53  28  11  30  43
  8  51  78  75  10  49  44  27  12
 77  80  69  52  73  54  29  42  31
 58   7  74  79  70  45  48  13  26
 65  68  57  60  55  72  41  32  47
  6  59  66  71  40  33  46  25  14
 67  64  37  56  61  24  17  20   1
 36   5  62  39  34   3  22  15  18
 63  38  35   4  23  16  19   2  21

 (7, 0)
 Knight's tour solution doesn't exist.

 (7, 1)
 65  44  47  22  73  52  49  24  71
 46  21  66  53  48  23  72  35  50
 43  64  45  74  61  68  51  70  25
 20  77  62  67  54  75  36  59  34
 63  42  81  76  37  60  69  26   9
 78  19  38  55  80  27  10  33  58
 41  16  79  28  13  30  57   8   5
 18   1  14  39  56   3   6  11  32
 15  40  17   2  29  12  31   4   7

 (7, 2)
 Knight's tour solution doesn't exist.

 (7, 3)
 73  56  81  12  37  58  33  14  35
 68  11  74  57  80  13  36  39  32
 55  72  67  78  65  38  59  34  15
 10  69  64  75  60  79  48  31  40
 71  54  77  66  63  52  41  16  49
 22   9  70  53  76  61  50  47  30
  3   6  23  62  51  46  27  42  17
  8  21   4   1  24  19  44  29  26
  5   2   7  20  45  28  25  18  43

 (7, 4)
 Knight's tour solution doesn't exist.

 (7, 5)
 39  78  17  52  41  54  19  48  43
 16  51  40  77  18  49  42  55  20
 81  38  79  50  53  68  57  44  47
 64  15  74  67  76  45  60  21  56
 37  80  65  62  73  58  69  46   7
 14  63  36  75  66  61   8  59  22
 31  34  29  72  11  70  23   6   3
 28  13  32  35  26   1   4   9  24
 33  30  27  12  71  10  25   2   5

 (7, 6)
 Knight's tour solution doesn't exist.

 (7, 7)
 37  42  55  14  35  44  53  16  33
 56  13  36  43  54  15  34  45  52
 41  38  57  74  49  60  51  32  17
 12  77  40  59  64  75  48  61  46
 39  58  81  76  73  50  63  18  31
 78  11  70  25  80  65  72  47  62
  5   8  79  66  71  26  21  30  19
 10  69   6   3  24  67  28   1  22
  7   4   9  68  27   2  23  20  29

 (7, 8)
 Knight's tour solution doesn't exist.

 (8, 0)
 71  24  73  14  69  26  77  12   9
 64  15  70  25  74  13  10  27  76
 23  72  63  68  53  78  75   8  11
 16  65  22  81  62  57  52  79  28
 21  40  45  54  67  80  61  50   7
 44  17  66  33  58  51  56  29  60
 39  20  41  46  55  34  59   6  49
 18  43   2  37  32  47   4  35  30
  1  38  19  42   3  36  31  48   5

 (8, 1)
 Knight's tour solution doesn't exist.

 (8, 2)
 81  36  75   6  79  64  49   8  51
 38   5  80  77  74   7  52  63  48
 35  76  37  68  71  78  65  50   9
  4  39  70  73  66  53  62  47  56
 23  34  67  40  69  72  55  10  45
 16   3  24  33  54  61  46  57  28
 19  22  17  60  41  58  29  44  11
  2  15  20  25  32  13  42  27  30
 21  18   1  14  59  26  31  12  43

 (8, 3)
 Knight's tour solution doesn't exist.

 (8, 4)
 75  58  81  12  77  60  63  10   7
 80  13  76  59  64  11   8  23  62
 55  74  57  78  69  72  61   6   9
 14  79  54  73  52  65  24  71  22
 39  56  51  68  45  70  47  26   5
 50  15  40  53  48  25  66  21  30
 35  38  49  44  67  46  29   4  27
 16  41  36  33  18  43   2  31  20
 37  34  17  42   1  32  19  28   3

 (8, 5)
 Knight's tour solution doesn't exist.

 (8, 6)
 75   8  81  58  77   6  63  36  61
 80  51  76   7  72  57  60   5  38
  9  74  71  78  59  64  37  62  35
 50  79  52  73  66  69  56  39   4
 53  10  67  70  55  40  65  34  23
 28  49  54  45  68  33  24   3  16
 11  44  29  48  41  46  17  22  19
 30  27  42  13  32  25  20  15   2
 43  12  31  26  47  14   1  18  21

 (8, 7)
 Knight's tour solution doesn't exist.

 (8, 8)
 43  38  45  10  67  40  73   8   5
 46  11  42  39  74   9   6  21  72
 37  44  47  66  41  68  75   4   7
 12  51  36  81  48  77  22  71  20
 35  56  49  52  65  80  69  76   3
 50  13  62  57  78  23  64  19  70
 55  34  53  30  63  58  79   2  25
 14  29  32  61  16  27  24  59  18
 33  54  15  28  31  60  17  26   1

 Took about 0.04 seconds.
 Success: 41 starting point(s).
 Failure: 40 starting point(s).
