 There are 9 starting points.
 Finding the solution from each starting point...

 (0, 0)
 Knight's tour solution doesn't exist.

 (0, 1)
 Knight's tour solution doesn't exist.

 (0, 2)
 Knight's tour solution doesn't exist.

 (1, 0)
 Knight's tour solution doesn't exist.

 (1, 1)
 Knight's tour solution doesn't exist.

 (1, 2)
 Knight's tour solution doesn't exist.

 (2, 0)
 Knight's tour solution doesn't exist.

 (2, 1)
 Knight's tour solution doesn't exist.

 (2, 2)
 Knight's tour solution doesn't exist.

 Took about 0.00 seconds.
 Success: 0 starting point(s).
 Failure: 9 starting point(s).
