 There are 64 starting points.
 Finding the solution from each starting point...

 (0, 0)
  1  16  59  34   3  18  21  36
 58  33   2  17  52  35   4  19
 15  64  49  60  45  20  37  22
 32  57  44  53  48  51  42   5
 63  14  61  50  43  46  23  38
 28  31  56  47  54  41   6   9
 13  62  29  26  11   8  39  24
 30  27  12  55  40  25  10   7

 (0, 1)
 16   1  18  55  14  39  42  59
 19  56  15  40  51  58  13  38
  2  17  64  57  54  41  60  43
 63  20  27  52  61  50  37  12
 26   3  62  49  36  53  44  31
 21  48  23  28  45  32  11   8
  4  25  46  35   6   9  30  33
 47  22   5  24  29  34   7  10

 (0, 2)
 41  32   1  16  49  30  11  14
  2  17  42  31  12  15  48  29
 43  40  33  50  45  56  13  10
 18   3  44  57  34  47  28  55
 39  60  35  46  51  58   9  24
  4  19  64  59  36  25  54  27
 61  38  21   6  63  52  23   8
 20   5  62  37  22   7  26  53

 (0, 3)
 52  19  16   1  64  29  14  11
 17   2  53  30  15  12  55  28
 20  51  18  63  54  61  10  13
  3  58  49  60  31  56  27  46
 50  21  38  57  62  47  42   9
 37   4  59  48  41  32  45  26
 22  39   6  35  24  43   8  33
  5  36  23  40   7  34  25  44

 (0, 4)
 61  14  63  32   1  16  19  34
 64  31  60  15  54  33   2  17
 13  62  55  58  45  18  35  20
 30  59  42  53  56  47  40   3
 51  12  57  46  41  44  21  36
 26  29  52  43  48  39   4   7
 11  50  27  24   9   6  37  22
 28  25  10  49  38  23   8   5

 (0, 5)
 14  11  30  57  16   1  32  41
 29  58  15  12  31  42  17   2
 10  13  56  43  60  45  40  33
 55  28  59  46  51  34   3  18
 24   9  54  61  44  39  50  35
 27  62  25  38  47  52  19   4
  8  23  64  53   6  21  36  49
 63  26   7  22  37  48   5  20

 (0, 6)
 25  16  27  58  23  18   1  50
 28  57  24  17  48  51  22  19
 15  26  55  52  59  20  49   2
 56  29  64  47  54  43  34  21
 63  14  53  42  33  60   3  36
 30  41  46  61  44  35   6   9
 13  62  39  32  11   8  37   4
 40  31  12  45  38   5  10   7

 (0, 7)
 44  41   6  57  20  23   4   1
  7  58  43  40   5   2  19  22
 42  45  60  33  56  21  24   3
 59   8  55  52  39  34  31  18
 46  53  38  61  32  51  14  25
  9  62  47  54  35  28  17  30
 48  37  64  11  50  15  26  13
 63  10  49  36  27  12  29  16

 (1, 0)
 56  19   2  23  60  33   4  25
  1  22  57  34   3  24  39  32
 18  55  20  61  40  59  26   5
 21  64  41  58  35  46  31  38
 42  17  54  47  62  37   6  27
 51  48  63  36  45  30   9  12
 16  43  50  53  14  11  28   7
 49  52  15  44  29   8  13  10

 (1, 1)
 63  14  41   2  47  24  39   4
 42   1  64  25  40   3  48  23
 15  62  13  46  55  58   5  38
 12  43  56  59  26  45  22  49
 61  16  33  44  57  54  37   6
 32  11  60  53  36  27  50  21
 17  34   9  30  19  52   7  28
 10  31  18  35   8  29  20  51

 (1, 2)
  2  49   4  19  24  47  14  17
  5  20   1  48  15  18  25  42
 50   3  54  23  46  43  16  13
 21   6  39  44  53  64  41  26
 38  51  22  55  40  45  12  61
  7  56  35  52  63  60  27  30
 34  37  58   9  32  29  62  11
 57   8  33  36  59  10  31  28

 (1, 3)
 17   2  19  46  15  40  53  44
 20  47  16   1  64  45  14  39
  3  18  61  48  41  54  43  52
 60  21  28  55  50  63  38  13
 27   4  49  62  37  42  51  32
 22  59  24  29  56  33  12   9
  5  26  57  36   7  10  31  34
 58  23   6  25  30  35   8  11

 (1, 4)
 26  17  28  33  24  19   2  35
 29  32  25  18   1  34  23  20
 16  27  30  55  42  21  36   3
 31  54  63  44  61  46  41  22
 64  15  60  47  56  43   4  37
 53  50  57  62  45  40   7  10
 14  59  48  51  12   9  38   5
 49  52  13  58  39   6  11   8

 (1, 5)
 63  14  29  38  53  16  31   2
 28  37  62  15  30   1  44  17
 13  64  35  54  39  52   3  32
 36  27  50  61  34  45  18  43
 59  12  55  40  51  42  33   4
 26   9  60  49  56  21  46  19
 11  58   7  24  41  48   5  22
  8  25  10  57   6  23  20  47

 (1, 6)
 54  13  64  47  56  15  20  45
 61  32  55  14  63  46   1  16
 12  53  62  57  48  19  44  21
 31  60  33  50  43  58  17   2
 34  11  52  59  18  49  22  41
 27  30  35  38  51  42   3   6
 10  37  28  25   8   5  40  23
 29  26   9  36  39  24   7   4

 (1, 7)
 61  56   9  48  23   2   7   4
 10  49  62  55   8   5  22   1
 57  60  53  50  47  24   3   6
 52  11  58  63  54  45  26  21
 59  64  51  46  25  40  17  30
 12  35  38  41  44  29  20  27
 37  42  33  14  39  18  31  16
 34  13  36  43  32  15  28  19

 (2, 0)
 63   2  35  18  55   4  37  20
 34  17  62   3  36  19  50   5
  1  64  33  54  49  56  21  38
 16  53  58  61  32  51   6  47
 59  12  31  52  57  48  39  22
 30  15  60  43  40  25  46   7
 11  42  13  28   9  44  23  26
 14  29  10  41  24  27   8  45

 (2, 1)
  2  17  64  35   4  19  22  37
 61  34   3  18  57  36   5  20
 16   1  60  63  46  21  38  23
 33  62  45  56  49  58  43   6
 52  15  50  59  44  47  24  39
 29  32  53  48  55  42   7  10
 14  51  30  27  12   9  40  25
 31  28  13  54  41  26  11   8

 (2, 2)
 17   2  19  50  15  40  43  48
 20  63  16  41  54  49  14  39
  3  18   1  62  51  42  47  44
 64  21  28  53  46  55  38  13
 27   4  61  56  37  52  45  32
 22  57  24  29  60  33  12   9
  5  26  59  36   7  10  31  34
 58  23   6  25  30  35   8  11

 (2, 3)
 64  15  56  33   2  17  20  35
 57  32  63  16  55  34   3  18
 14  61  54   1  46  19  36  21
 31  58  43  62  53  48  41   4
 60  13  52  47  42  45  22  37
 27  30  59  44  49  40   5   8
 12  51  28  25  10   7  38  23
 29  26  11  50  39  24   9   6

 (2, 4)
 51  14  57  44  53  16  21  42
 56  45  52  15  58  43   2  17
 13  50  63  54   1  20  41  22
 46  55  32  49  62  59  18   3
 33  12  47  64  19  40  23  60
 28  31  34  37  48  61   4   7
 11  36  29  26   9   6  39  24
 30  27  10  35  38  25   8   5

 (2, 5)
 34   5  64  47  32   3  42  15
 61  48  33   4  43  14  31   2
  6  35  60  63  46   1  16  41
 57  62  49  38  59  44  13  30
 36   7  58  45  50  29  40  17
 53  56  37  28  39  20  23  12
  8  27  54  51  10  25  18  21
 55  52   9  26  19  22  11  24

 (2, 6)
 29  26   7  62  21  24   5   2
  8  61  28  25   6   3  20  23
 27  30  63  42  59  22   1   4
 64   9  60  49  52  43  40  19
 31  54  51  58  41  48  15  44
 10  57  34  53  50  45  18  39
 35  32  55  12  37  16  47  14
 56  11  36  33  46  13  38  17

 (2, 7)
 48  63   4  25  18  21   2  23
  5  26  49  58   3  24  17  20
 64  47  62  27  60  19  22   1
 43   6  59  50  57  28  35  16
 46  55  44  61  36  51  12  29
  7  42  37  56  39  32  15  34
 54  45  40   9  52  13  30  11
 41   8  53  38  31  10  33  14

 (3, 0)
 52  17  20   3  56  47  22   5
 19   2  53  48  21   4  25  46
 16  51  18  57  44  55   6  23
  1  60  49  54  41  24  45  26
 50  15  64  43  58  33  40   7
 61  12  59  34  37  42  27  30
 14  35  10  63  32  29   8  39
 11  62  13  36   9  38  31  28

 (3, 1)
 23  32   3  44  25  30   5  48
  2  45  24  31   4  47  26  29
 33  22  63  46  43  28  49   6
 64   1  40  35  62  51  42  27
 21  34  61  56  41  36   7  50
 60  55  18  39  52  57  10  13
 17  20  53  58  15  12  37   8
 54  59  16  19  38   9  14  11

 (3, 2)
 12  29  14  55  10  27  42  59
 15  56  11  28  51  58   9  26
 30  13  64  57  54  41  60  43
 63  16   1  52  61  50  25   8
  2  31  62  49  40  53  44  35
 17  48  19  32  45  36   7  24
 20   3  46  39  22   5  34  37
 47  18  21   4  33  38  23   6

 (3, 3)
 15  28  17  58  13  30  33  50
 18  59  14  29  56  51  12  31
 27  16  57  54  43  32  49  34
 60  19  26   1  52  55  44  11
 25   2  53  62  45  42  35  48
 20  61  22  41  38  47  10   7
  3  24  63  46   5   8  39  36
 64  21   4  23  40  37   6   9

 (3, 4)
 52  15  64  57  54  17  48  45
 63  36  53  16  49  46  55  18
 14  51  58  61  56  41  44  47
 35  62  37  50   1  60  19  42
 38  13  34  59  40  43   2  21
 33  30  39  24  27  20   5   8
 12  25  28  31  10   7  22   3
 29  32  11  26  23   4   9   6

 (3, 5)
 63  12  27  42  59  14  29  44
 26  41  62  13  28  43  58  15
 11  64  39  48  55  60  45  30
 40  25  54  61  46   1  16  57
 51  10  47  38  49  56  31   2
 24   7  50  53  32  19  36  17
  9  52   5  22  37  34   3  20
  6  23   8  33   4  21  18  35

 (3, 6)
 58  63  10  47  24   3   8   5
 11  48  59  56   9   6  23   2
 64  57  62  27  46  25   4   7
 49  12  53  60  55  28   1  22
 52  61  50  45  26  35  18  29
 13  44  39  54  41  32  21  34
 38  51  42  15  36  19  30  17
 43  14  37  40  31  16  33  20

 (3, 7)
  5  52   7  22   3  34  17  20
  8  23   4  51  18  21   2  33
 53   6  47  24  35  56  19  16
 48   9  54  57  50  25  32   1
 61  58  49  46  55  36  15  26
 10  45  62  59  42  29  38  31
 63  60  43  12  37  40  27  14
 44  11  64  41  28  13  30  39

 (4, 0)
 11  28  13  64   9  26  41  54
 14  63  10  27  52  55   8  25
 29  12  61  58  49  40  53  42
 62  15  48  51  56  59  24   7
  1  30  57  60  39  50  43  34
 16  47  18  31  44  35   6  23
 19   2  45  38  21   4  33  36
 46  17  20   3  32  37  22   5

 (4, 1)
 14  27  16  41  12  29  32  45
 17  42  13  28  61  44  11  30
 26  15  64  43  40  31  46  33
 55  18  25  60  53  62  39  10
 24   1  54  63  38  51  34  47
 19  56  21  52  59  48   9   6
  2  23  58  37   4   7  50  35
 57  20   3  22  49  36   5   8

 (4, 2)
 31  34  11  46  15  38   9  40
 12  45  32  35  10  41  16  37
 33  30  59  14  47  36  39   8
 60  13  44  49  58  53  42  17
 29  64   1  54  43  48   7  52
  2  61  26  57  50  55  18  21
 25  28  63   4  23  20  51   6
 62   3  24  27  56   5  22  19

 (4, 3)
 12  59  14  39  10  37  24  33
 15  40  11  60  25  34   9  36
 58  13  64  41  38  43  32  23
 63  16  55  44  61  26  35   8
 54  57  62   1  42  31  22  27
 17  48  51  56  45  28   7   4
 50  53  46  19   2   5  30  21
 47  18  49  52  29  20   3   6

 (4, 4)
 15  26  39  58  17  28  37  50
 40  57  16  27  38  51  18  29
 25  14  55  46  59  30  49  36
 56  41  60  31  54  47  52  19
 13  24  45  62   1  20  35  48
 42  61  10  23  32  53   2   5
  9  12  63  44   7   4  21  34
 64  43   8  11  22  33   6   3

 (4, 5)
 52   9  34  37  50  11  32  15
 35  38  51  10  33  14  47  12
  8  53  36  63  46  49  16  31
 39  64  57  54  29  44  13  48
 56   7  62  45  58   1  30  17
 61  40  55  28  43  20  23   2
  6  27  42  59   4  25  18  21
 41  60   5  26  19  22   3  24

 (4, 6)
 25  14  27  60  23  16  53  62
 28  57  24  15  52  61  22  17
 13  26  59  56  41  20  63  54
 58  29  44  51  64  55  18  21
 45  12  49  40  19  42   1  34
 30  39  46  43  50  33   4   7
 11  48  37  32   9   6  35   2
 38  31  10  47  36   3   8   5

 (4, 7)
 28  11  26  59  30  13  52  63
 25  58  29  12  53  64  31  14
 10  27  60  55  42  47  62  51
 57  24  45  48  61  54  15  32
 38   9  56  41  46  43  50   1
 23   6  39  44  49  18  33  16
  8  37   4  21  40  35   2  19
  5  22   7  36   3  20  17  34

 (5, 0)
 14  29  10  41  24  27   8  45
 11  42  13  28   9  44  23  26
 30  15  64  43  40  25  46   7
 63  12  31  58  55  48  39  22
 16  59  56  49  32  53   6  47
  1  62  33  54  57  50  21  38
 34  17  60   3  36  19  52   5
 61   2  35  18  51   4  37  20

 (5, 1)
 41  44  13  64  49  46  11   8
 14  61  42  45  12   9  50  47
 43  40  59  56  63  48   7  10
 60  15  62  39  58  51  54  35
 25  38  57  52  55  36  21   6
 16   1  26  37  22  53  34  31
 27  24   3  18  29  32   5  20
  2  17  28  23   4  19  30  33

 (5, 2)
 14  29  64  41  12  27  24  55
 61  42  13  28  63  56  11  26
 30  15  62  57  40  25  54  23
 43  60  37  32  51  58  39  10
 16  31  50  59  38  33  22  53
 47  44   1  36  19  52   9   6
  2  17  46  49   4   7  34  21
 45  48   3  18  35  20   5   8

 (5, 3)
 59  64  11  48  57  46   9   6
 12  49  58  61  10   7  24  45
 63  60  51  54  47  56   5   8
 50  13  62  37  52  25  44  23
 29  38  53  42  55  36  19   4
 14  41  30   1  26  43  22  35
 31  28  39  16  33  20   3  18
 40  15  32  27   2  17  34  21

 (5, 4)
 46  11  50  59  28  13  30  63
 51  40  47  12  49  64  27  14
 10  45  60  53  58  29  62  31
 39  52  41  48  61  54  15  26
 44   9  38  57  42  25  32  55
 37   6  43  24   1  56  19  16
  8  23   4  35  18  21   2  33
  5  36   7  22   3  34  17  20

 (5, 5)
 59  14  41  50  53  16  39  36
 42  51  58  15  40  37  46  17
 13  60  63  52  49  54  35  38
 64  43  30  57  62  45  18  47
 27  12  61  44  29  48  55  34
  6   9  28  31  56   1  22  19
 11  26   7   4  21  24  33   2
  8   5  10  25  32   3  20  23

 (5, 6)
 52  11  64  37  50  13  44  39
 61  36  51  12  63  38  49  14
 10  53  62  57  48  45  40  43
 35  60  21  54  41  58  15  46
 20   9  56  59  16  47  42  25
 31  34  17  22  55  26   1   4
  8  19  32  29   6   3  24  27
 33  30   7  18  23  28   5   2

 (5, 7)
 41   8  55  38  31  10  33  14
 56  45  40   9  54  13  30  11
  7  42  37  60  39  32  15  34
 46  57  44  53  36  51  12  29
 43   6  61  50  59  28  35  16
 64  47  58  27  52  19  22   1
  5  26  49  62   3  24  17  20
 48  63   4  25  18  21   2  23

 (6, 0)
 13  26  15  40  11  28  31  44
 16  41  12  27  62  43  10  29
 25  14  61  42  39  30  45  32
 54  17  24  63  52  59  38   9
 23  64  53  60  37  50  33  46
 18  55  20  51  58  47   8   5
  1  22  57  36   3   6  49  34
 56  19   2  21  48  35   4   7

 (6, 1)
 10  23  64  59   8  21  42  53
 63  60   9  22  51  54   7  20
 24  11  58  61  48  41  52  43
 57  62  39  46  55  50  19   6
 12  25  56  49  40  47  44  29
 35  38  13  26  45  30   5  18
 14   1  36  33  16   3  28  31
 37  34  15   2  27  32  17   4

 (6, 2)
 29   8  27  64  31  10  35  56
 26  63  30   9  54  57  32  11
  7  28  61  58  49  34  55  36
 62  25  42  51  60  53  12  33
 21   6  59  48  41  50  37  46
 24   3  22  43  52  47  16  13
  5  20   1  40  15  18  45  38
  2  23   4  19  44  39  14  17

 (6, 3)
 54  11  64  49  52  13  38  43
 61  48  53  12  57  44  51  14
 10  55  60  63  50  39  42  37
 47  62  27  56  45  58  15  40
 24   9  46  59  26  41  36  31
  3   6  25  28  35  32  19  16
  8  23   4   1  18  21  30  33
  5   2   7  22  29  34  17  20

 (6, 4)
 11  40  13  52   9  38  23  36
 14  53  10  39  24  35   8  31
 41  12  59  34  51  32  37  22
 54  15  42  49  60  25  30   7
 43  64  47  58  33  50  21  26
 16  55  44  61  48  29   6   3
 63  46  57  18   1   4  27  20
 56  17  62  45  28  19   2   5

 (6, 5)
  8  39  10  51   6  37  20  35
 11  52   7  38  21  34   5  30
 40   9  54  33  50  31  36  19
 53  12  41  62  47  22  29   4
 42  61  46  55  32  49  18  23
 13  58  63  48  45  26   3  28
 64  43  60  15  56   1  24  17
 59  14  57  44  25  16  27   2

 (6, 6)
 49  10  63  58  27  12  29  54
 64  43  50  11  52  55  26  13
  9  48  57  62  59  28  53  30
 42  61  44  51  56  35  14  25
 47   8  41  60  45  24  31  36
 40   5  46  23  34  37  18  15
  7  22   3  38  17  20   1  32
  4  39   6  21   2  33  16  19

 (6, 7)
 Knight's tour solution doesn't exist.

 (7, 0)
 32  37  12  39  42  63  10   7
 13  40  33  60  11   8  43  64
 36  31  38  41  62  55   6   9
 29  14  61  34  59  44  53  56
 24  35  30  45  54  57  20   5
 15  28  25  58  21  46  49  52
 26  23   2  17  48  51   4  19
  1  16  27  22   3  18  47  50

 (7, 1)
 37  10  49  62  35  12  31  52
 48  61  36  11  50  53  34  13
  9  38  63  54  59  32  51  30
 64  47  60  39  56  45  14  33
 23   8  55  46  25  58  29  44
  2   5  24  57  40  43  18  15
  7  22   3  26  17  20  41  28
  4   1   6  21  42  27  16  19

 (7, 2)
 40   5  48  63  38   7  34  61
 47  26  39   6  49  62  37   8
  4  41  64  45  56  35  60  33
 25  46  27  42  59  50   9  36
 18   3  44  55  28  57  32  51
 21  24  19  58  43  54  13  10
  2  17  22  29  12  15  52  31
 23  20   1  16  53  30  11  14

 (7, 3)
  5  50  23  38   7  40  25  34
 22  37   6  49  24  35   8  41
 47   4  51  36  39  44  33  26
 52  21  48  45  54  27  42   9
  3  46  53  64  43  32  55  28
 20  61  18  31  58  63  10  13
 17   2  59  62  15  12  29  56
 60  19  16   1  30  57  14  11

 (7, 4)
 56  27  10  31  52  33   8   5
 11  30  55  60   9   6  43  34
 26  57  28  51  32  53   4   7
 29  12  61  54  59  44  35  42
 64  25  58  39  50  41  18   3
 13  22  49  62  19  38  45  36
 24  63  20  15  40  47   2  17
 21  14  23  48   1  16  37  46

 (7, 5)
 61  64   7  44  55  42   5  38
  8  45  62  59   6  39  26  41
 63  60  47  56  43  54  37   4
 46   9  52  35  58  27  40  25
 51  48  57  28  53  36   3  18
 10  13  32  49  34  19  24  21
 31  50  15  12  29  22  17   2
 14  11  30  33  16   1  20  23

 (7, 6)
 10  39  12  51   8  37  22  35
 13  52   9  38  23  34   7  30
 40  11  54  33  50  31  36  21
 53  14  41  62  47  24  29   6
 42  61  46  55  32  49  20  25
 15  58  63  48  45  28   5   2
 64  43  60  17  56   3  26  19
 59  16  57  44  27  18   1   4

 (7, 7)
  7  64   9  46   5  42  19  44
 10  47   6  57  20  45   4  41
 63   8  61  48  39  50  43  18
 60  11  56  51  58  21  40   3
 55  62  59  38  49  52  17  22
 12  33  36  53  30  25   2  27
 35  54  31  14  37  28  23  16
 32  13  34  29  24  15  26   1

 Took about 0.02 seconds.
 Success: 63 starting point(s).
 Failure: 1 starting point(s).
